[0.926s] Invoking command in '/home/administrator/code/nmpc_ws/src/nmpc_pkg': PYTHONPATH=/home/administrator/code/nmpc_ws/build/nmpc_pkg/prefix_override:/usr/lib/python3/dist-packages/colcon_core/task/python/colcon_distutils_commands:/home/administrator/code/nmpc_ws/install/nmpc_pkg/lib/python3.10/site-packages:${PYTHONPATH} /usr/bin/python3 -W ignore:setup.py install is deprecated -W ignore:easy_install command is deprecated setup.py egg_info --egg-base ../../build/nmpc_pkg build --build-base /home/administrator/code/nmpc_ws/build/nmpc_pkg/build install --record /home/administrator/code/nmpc_ws/build/nmpc_pkg/install.log --single-version-externally-managed install_data
[1.303s] running egg_info
[1.306s] writing ../../build/nmpc_pkg/nmpc_pkg.egg-info/PKG-INFO
[1.306s] writing dependency_links to ../../build/nmpc_pkg/nmpc_pkg.egg-info/dependency_links.txt
[1.306s] writing entry points to ../../build/nmpc_pkg/nmpc_pkg.egg-info/entry_points.txt
[1.307s] writing requirements to ../../build/nmpc_pkg/nmpc_pkg.egg-info/requires.txt
[1.307s] writing top-level names to ../../build/nmpc_pkg/nmpc_pkg.egg-info/top_level.txt
[1.309s] reading manifest file '../../build/nmpc_pkg/nmpc_pkg.egg-info/SOURCES.txt'
[1.311s] writing manifest file '../../build/nmpc_pkg/nmpc_pkg.egg-info/SOURCES.txt'
[1.311s] running build
[1.311s] running build_py
[1.311s] copying nmpc_pkg/switching_controller_node.py -> /home/administrator/code/nmpc_ws/build/nmpc_pkg/build/lib/nmpc_pkg
[1.312s] running install
[1.313s] running install_lib
[1.314s] copying /home/administrator/code/nmpc_ws/build/nmpc_pkg/build/lib/nmpc_pkg/switching_controller_node.py -> /home/administrator/code/nmpc_ws/install/nmpc_pkg/lib/python3.10/site-packages/nmpc_pkg
[1.315s] byte-compiling /home/administrator/code/nmpc_ws/install/nmpc_pkg/lib/python3.10/site-packages/nmpc_pkg/switching_controller_node.py to switching_controller_node.cpython-310.pyc
[1.320s] running install_data
[1.320s] running install_egg_info
[1.322s] removing '/home/administrator/code/nmpc_ws/install/nmpc_pkg/lib/python3.10/site-packages/nmpc_pkg-0.0.0-py3.10.egg-info' (and everything under it)
[1.323s] Copying ../../build/nmpc_pkg/nmpc_pkg.egg-info to /home/administrator/code/nmpc_ws/install/nmpc_pkg/lib/python3.10/site-packages/nmpc_pkg-0.0.0-py3.10.egg-info
[1.324s] running install_scripts
[1.350s] Installing gotostart script to /home/administrator/code/nmpc_ws/install/nmpc_pkg/lib/nmpc_pkg
[1.352s] Installing navigan_nmpc_controller_node script to /home/administrator/code/nmpc_ws/install/nmpc_pkg/lib/nmpc_pkg
[1.352s] Installing nmpc_controller_node script to /home/administrator/code/nmpc_ws/install/nmpc_pkg/lib/nmpc_pkg
[1.352s] Installing record script to /home/administrator/code/nmpc_ws/install/nmpc_pkg/lib/nmpc_pkg
[1.352s] Installing switching_controller_node script to /home/administrator/code/nmpc_ws/install/nmpc_pkg/lib/nmpc_pkg
[1.352s] writing list of installed files to '/home/administrator/code/nmpc_ws/build/nmpc_pkg/install.log'
[1.401s] Invoked command in '/home/administrator/code/nmpc_ws/src/nmpc_pkg' returned '0': PYTHONPATH=/home/administrator/code/nmpc_ws/build/nmpc_pkg/prefix_override:/usr/lib/python3/dist-packages/colcon_core/task/python/colcon_distutils_commands:/home/administrator/code/nmpc_ws/install/nmpc_pkg/lib/python3.10/site-packages:${PYTHONPATH} /usr/bin/python3 -W ignore:setup.py install is deprecated -W ignore:easy_install command is deprecated setup.py egg_info --egg-base ../../build/nmpc_pkg build --build-base /home/administrator/code/nmpc_ws/build/nmpc_pkg/build install --record /home/administrator/code/nmpc_ws/build/nmpc_pkg/install.log --single-version-externally-managed install_data
