[0.018s] Invoking command in '/home/administrator/code/nmpc_ws/build/people_msgs': CMAKE_PREFIX_PATH=${CMAKE_PREFIX_PATH}:/home/administrator/code/nmpc_ws/install/nmpc_pkg:/opt/ros/humble /usr/bin/cmake --build /home/administrator/code/nmpc_ws/build/people_msgs -- -j4 -l4
[0.082s] [  1%] Built target people_msgs__cpp
[0.117s] [  1%] Built target ament_cmake_python_copy_people_msgs
[0.148s] [ 12%] Built target people_msgs__rosidl_typesupport_fastrtps_cpp
[0.176s] [ 23%] Built target people_msgs__rosidl_typesupport_introspection_cpp
[0.556s] running egg_info
[0.557s] writing people_msgs.egg-info/PKG-INFO
[0.558s] writing dependency_links to people_msgs.egg-info/dependency_links.txt
[0.560s] writing top-level names to people_msgs.egg-info/top_level.txt
[0.564s] reading manifest file 'people_msgs.egg-info/SOURCES.txt'
[0.565s] writing manifest file 'people_msgs.egg-info/SOURCES.txt'
[0.609s] [ 23%] Built target ament_cmake_python_build_people_msgs_egg
[0.638s] [ 34%] Built target people_msgs__rosidl_typesupport_cpp
[0.670s] [ 46%] Built target people_msgs__rosidl_generator_c
[0.701s] [ 57%] Built target people_msgs__rosidl_typesupport_fastrtps_c
[0.730s] [ 68%] Built target people_msgs__rosidl_typesupport_c
[0.760s] [ 79%] Built target people_msgs__rosidl_typesupport_introspection_c
[0.781s] [ 79%] Built target people_msgs
[0.802s] [ 80%] Built target people_msgs__py
[0.826s] [ 90%] Built target people_msgs__rosidl_generator_py
[0.858s] [ 93%] Built target people_msgs__rosidl_typesupport_fastrtps_c__pyext
[0.881s] [ 96%] Built target people_msgs__rosidl_typesupport_c__pyext
[0.905s] [100%] Built target people_msgs__rosidl_typesupport_introspection_c__pyext
[0.918s] Invoked command in '/home/administrator/code/nmpc_ws/build/people_msgs' returned '0': CMAKE_PREFIX_PATH=${CMAKE_PREFIX_PATH}:/home/administrator/code/nmpc_ws/install/nmpc_pkg:/opt/ros/humble /usr/bin/cmake --build /home/administrator/code/nmpc_ws/build/people_msgs -- -j4 -l4
[0.930s] Invoking command in '/home/administrator/code/nmpc_ws/build/people_msgs': CMAKE_PREFIX_PATH=${CMAKE_PREFIX_PATH}:/home/administrator/code/nmpc_ws/install/nmpc_pkg:/opt/ros/humble /usr/bin/cmake --install /home/administrator/code/nmpc_ws/build/people_msgs
[0.939s] -- Install configuration: ""
[0.940s] -- Up-to-date: /home/administrator/code/nmpc_ws/install/people_msgs/share/ament_index/resource_index/rosidl_interfaces/people_msgs
[0.940s] -- Up-to-date: /home/administrator/code/nmpc_ws/install/people_msgs/include/people_msgs/people_msgs
[0.940s] -- Up-to-date: /home/administrator/code/nmpc_ws/install/people_msgs/include/people_msgs/people_msgs/msg
[0.940s] -- Up-to-date: /home/administrator/code/nmpc_ws/install/people_msgs/include/people_msgs/people_msgs/msg/person_stamped.h
[0.941s] -- Up-to-date: /home/administrator/code/nmpc_ws/install/people_msgs/include/people_msgs/people_msgs/msg/position_measurement.h
[0.941s] -- Up-to-date: /home/administrator/code/nmpc_ws/install/people_msgs/include/people_msgs/people_msgs/msg/person.h
[0.941s] -- Up-to-date: /home/administrator/code/nmpc_ws/install/people_msgs/include/people_msgs/people_msgs/msg/position_measurement_array.h
[0.941s] -- Up-to-date: /home/administrator/code/nmpc_ws/install/people_msgs/include/people_msgs/people_msgs/msg/rosidl_generator_c__visibility_control.h
[0.941s] -- Up-to-date: /home/administrator/code/nmpc_ws/install/people_msgs/include/people_msgs/people_msgs/msg/detail
[0.942s] -- Up-to-date: /home/administrator/code/nmpc_ws/install/people_msgs/include/people_msgs/people_msgs/msg/detail/people__type_support.h
[0.942s] -- Up-to-date: /home/administrator/code/nmpc_ws/install/people_msgs/include/people_msgs/people_msgs/msg/detail/position_measurement_array__type_support.h
[0.942s] -- Up-to-date: /home/administrator/code/nmpc_ws/install/people_msgs/include/people_msgs/people_msgs/msg/detail/person__functions.h
[0.942s] -- Up-to-date: /home/administrator/code/nmpc_ws/install/people_msgs/include/people_msgs/people_msgs/msg/detail/people__functions.h
[0.942s] -- Up-to-date: /home/administrator/code/nmpc_ws/install/people_msgs/include/people_msgs/people_msgs/msg/detail/person_stamped__struct.h
[0.942s] -- Up-to-date: /home/administrator/code/nmpc_ws/install/people_msgs/include/people_msgs/people_msgs/msg/detail/position_measurement__functions.h
[0.942s] -- Up-to-date: /home/administrator/code/nmpc_ws/install/people_msgs/include/people_msgs/people_msgs/msg/detail/person__functions.c
[0.943s] -- Up-to-date: /home/administrator/code/nmpc_ws/install/people_msgs/include/people_msgs/people_msgs/msg/detail/person__type_support.h
[0.943s] -- Up-to-date: /home/administrator/code/nmpc_ws/install/people_msgs/include/people_msgs/people_msgs/msg/detail/position_measurement_array__struct.h
[0.943s] -- Up-to-date: /home/administrator/code/nmpc_ws/install/people_msgs/include/people_msgs/people_msgs/msg/detail/person__struct.h
[0.943s] -- Up-to-date: /home/administrator/code/nmpc_ws/install/people_msgs/include/people_msgs/people_msgs/msg/detail/position_measurement__functions.c
[0.943s] -- Up-to-date: /home/administrator/code/nmpc_ws/install/people_msgs/include/people_msgs/people_msgs/msg/detail/person_stamped__functions.c
[0.943s] -- Up-to-date: /home/administrator/code/nmpc_ws/install/people_msgs/include/people_msgs/people_msgs/msg/detail/position_measurement__type_support.h
[0.943s] -- Up-to-date: /home/administrator/code/nmpc_ws/install/people_msgs/include/people_msgs/people_msgs/msg/detail/position_measurement_array__functions.h
[0.943s] -- Up-to-date: /home/administrator/code/nmpc_ws/install/people_msgs/include/people_msgs/people_msgs/msg/detail/position_measurement__struct.h
[0.943s] -- Up-to-date: /home/administrator/code/nmpc_ws/install/people_msgs/include/people_msgs/people_msgs/msg/detail/people__functions.c
[0.943s] -- Up-to-date: /home/administrator/code/nmpc_ws/install/people_msgs/include/people_msgs/people_msgs/msg/detail/person_stamped__type_support.h
[0.943s] -- Up-to-date: /home/administrator/code/nmpc_ws/install/people_msgs/include/people_msgs/people_msgs/msg/detail/people__struct.h
[0.943s] -- Up-to-date: /home/administrator/code/nmpc_ws/install/people_msgs/include/people_msgs/people_msgs/msg/detail/person_stamped__functions.h
[0.943s] -- Up-to-date: /home/administrator/code/nmpc_ws/install/people_msgs/include/people_msgs/people_msgs/msg/detail/position_measurement_array__functions.c
[0.943s] -- Up-to-date: /home/administrator/code/nmpc_ws/install/people_msgs/include/people_msgs/people_msgs/msg/people.h
[0.944s] -- Up-to-date: /home/administrator/code/nmpc_ws/install/people_msgs/share/people_msgs/environment/library_path.sh
[0.944s] -- Up-to-date: /home/administrator/code/nmpc_ws/install/people_msgs/share/people_msgs/environment/library_path.dsv
[0.944s] -- Up-to-date: /home/administrator/code/nmpc_ws/install/people_msgs/lib/libpeople_msgs__rosidl_generator_c.so
[0.944s] -- Up-to-date: /home/administrator/code/nmpc_ws/install/people_msgs/include/people_msgs/people_msgs
[0.944s] -- Up-to-date: /home/administrator/code/nmpc_ws/install/people_msgs/include/people_msgs/people_msgs/msg
[0.944s] -- Up-to-date: /home/administrator/code/nmpc_ws/install/people_msgs/include/people_msgs/people_msgs/msg/rosidl_typesupport_fastrtps_c__visibility_control.h
[0.944s] -- Up-to-date: /home/administrator/code/nmpc_ws/install/people_msgs/include/people_msgs/people_msgs/msg/detail
[0.944s] -- Up-to-date: /home/administrator/code/nmpc_ws/install/people_msgs/include/people_msgs/people_msgs/msg/detail/people__rosidl_typesupport_fastrtps_c.h
[0.944s] -- Up-to-date: /home/administrator/code/nmpc_ws/install/people_msgs/include/people_msgs/people_msgs/msg/detail/person__rosidl_typesupport_fastrtps_c.h
[0.944s] -- Up-to-date: /home/administrator/code/nmpc_ws/install/people_msgs/include/people_msgs/people_msgs/msg/detail/position_measurement__rosidl_typesupport_fastrtps_c.h
[0.944s] -- Up-to-date: /home/administrator/code/nmpc_ws/install/people_msgs/include/people_msgs/people_msgs/msg/detail/position_measurement_array__rosidl_typesupport_fastrtps_c.h
[0.944s] -- Up-to-date: /home/administrator/code/nmpc_ws/install/people_msgs/include/people_msgs/people_msgs/msg/detail/person_stamped__rosidl_typesupport_fastrtps_c.h
[0.944s] -- Up-to-date: /home/administrator/code/nmpc_ws/install/people_msgs/lib/libpeople_msgs__rosidl_typesupport_fastrtps_c.so
[0.944s] -- Up-to-date: /home/administrator/code/nmpc_ws/install/people_msgs/include/people_msgs/people_msgs
[0.945s] -- Up-to-date: /home/administrator/code/nmpc_ws/install/people_msgs/include/people_msgs/people_msgs/msg
[0.945s] -- Up-to-date: /home/administrator/code/nmpc_ws/install/people_msgs/include/people_msgs/people_msgs/msg/rosidl_typesupport_introspection_c__visibility_control.h
[0.945s] -- Up-to-date: /home/administrator/code/nmpc_ws/install/people_msgs/include/people_msgs/people_msgs/msg/detail
[0.945s] -- Up-to-date: /home/administrator/code/nmpc_ws/install/people_msgs/include/people_msgs/people_msgs/msg/detail/person_stamped__rosidl_typesupport_introspection_c.h
[0.945s] -- Up-to-date: /home/administrator/code/nmpc_ws/install/people_msgs/include/people_msgs/people_msgs/msg/detail/position_measurement__rosidl_typesupport_introspection_c.h
[0.953s] -- Up-to-date: /home/administrator/code/nmpc_ws/install/people_msgs/include/people_msgs/people_msgs/msg/detail/position_measurement__type_support.c
[0.954s] -- Up-to-date: /home/administrator/code/nmpc_ws/install/people_msgs/include/people_msgs/people_msgs/msg/detail/person__rosidl_typesupport_introspection_c.h
[0.954s] -- Up-to-date: /home/administrator/code/nmpc_ws/install/people_msgs/include/people_msgs/people_msgs/msg/detail/person_stamped__type_support.c
[0.954s] -- Up-to-date: /home/administrator/code/nmpc_ws/install/people_msgs/include/people_msgs/people_msgs/msg/detail/people__rosidl_typesupport_introspection_c.h
[0.954s] -- Up-to-date: /home/administrator/code/nmpc_ws/install/people_msgs/include/people_msgs/people_msgs/msg/detail/person__type_support.c
[0.954s] -- Up-to-date: /home/administrator/code/nmpc_ws/install/people_msgs/include/people_msgs/people_msgs/msg/detail/position_measurement_array__rosidl_typesupport_introspection_c.h
[0.955s] -- Up-to-date: /home/administrator/code/nmpc_ws/install/people_msgs/include/people_msgs/people_msgs/msg/detail/position_measurement_array__type_support.c
[0.955s] -- Up-to-date: /home/administrator/code/nmpc_ws/install/people_msgs/include/people_msgs/people_msgs/msg/detail/people__type_support.c
[0.955s] -- Up-to-date: /home/administrator/code/nmpc_ws/install/people_msgs/lib/libpeople_msgs__rosidl_typesupport_introspection_c.so
[0.955s] -- Up-to-date: /home/administrator/code/nmpc_ws/install/people_msgs/lib/libpeople_msgs__rosidl_typesupport_c.so
[0.955s] -- Up-to-date: /home/administrator/code/nmpc_ws/install/people_msgs/include/people_msgs/people_msgs
[0.955s] -- Up-to-date: /home/administrator/code/nmpc_ws/install/people_msgs/include/people_msgs/people_msgs/msg
[0.955s] -- Up-to-date: /home/administrator/code/nmpc_ws/install/people_msgs/include/people_msgs/people_msgs/msg/position_measurement.hpp
[0.955s] -- Up-to-date: /home/administrator/code/nmpc_ws/install/people_msgs/include/people_msgs/people_msgs/msg/rosidl_generator_cpp__visibility_control.hpp
[0.956s] -- Up-to-date: /home/administrator/code/nmpc_ws/install/people_msgs/include/people_msgs/people_msgs/msg/people.hpp
[0.956s] -- Up-to-date: /home/administrator/code/nmpc_ws/install/people_msgs/include/people_msgs/people_msgs/msg/position_measurement_array.hpp
[0.956s] -- Up-to-date: /home/administrator/code/nmpc_ws/install/people_msgs/include/people_msgs/people_msgs/msg/person_stamped.hpp
[0.956s] -- Up-to-date: /home/administrator/code/nmpc_ws/install/people_msgs/include/people_msgs/people_msgs/msg/person.hpp
[0.956s] -- Up-to-date: /home/administrator/code/nmpc_ws/install/people_msgs/include/people_msgs/people_msgs/msg/detail
[0.956s] -- Up-to-date: /home/administrator/code/nmpc_ws/install/people_msgs/include/people_msgs/people_msgs/msg/detail/position_measurement__struct.hpp
[0.956s] -- Up-to-date: /home/administrator/code/nmpc_ws/install/people_msgs/include/people_msgs/people_msgs/msg/detail/person__builder.hpp
[0.957s] -- Up-to-date: /home/administrator/code/nmpc_ws/install/people_msgs/include/people_msgs/people_msgs/msg/detail/person_stamped__traits.hpp
[0.957s] -- Up-to-date: /home/administrator/code/nmpc_ws/install/people_msgs/include/people_msgs/people_msgs/msg/detail/person_stamped__struct.hpp
[0.958s] -- Up-to-date: /home/administrator/code/nmpc_ws/install/people_msgs/include/people_msgs/people_msgs/msg/detail/person_stamped__builder.hpp
[0.958s] -- Up-to-date: /home/administrator/code/nmpc_ws/install/people_msgs/include/people_msgs/people_msgs/msg/detail/position_measurement__traits.hpp
[0.959s] -- Up-to-date: /home/administrator/code/nmpc_ws/install/people_msgs/include/people_msgs/people_msgs/msg/detail/people__traits.hpp
[0.959s] -- Up-to-date: /home/administrator/code/nmpc_ws/install/people_msgs/include/people_msgs/people_msgs/msg/detail/person__traits.hpp
[0.959s] -- Up-to-date: /home/administrator/code/nmpc_ws/install/people_msgs/include/people_msgs/people_msgs/msg/detail/position_measurement_array__type_support.hpp
[0.959s] -- Up-to-date: /home/administrator/code/nmpc_ws/install/people_msgs/include/people_msgs/people_msgs/msg/detail/people__builder.hpp
[0.959s] -- Up-to-date: /home/administrator/code/nmpc_ws/install/people_msgs/include/people_msgs/people_msgs/msg/detail/position_measurement__type_support.hpp
[0.959s] -- Up-to-date: /home/administrator/code/nmpc_ws/install/people_msgs/include/people_msgs/people_msgs/msg/detail/position_measurement_array__builder.hpp
[0.959s] -- Up-to-date: /home/administrator/code/nmpc_ws/install/people_msgs/include/people_msgs/people_msgs/msg/detail/position_measurement_array__traits.hpp
[0.960s] -- Up-to-date: /home/administrator/code/nmpc_ws/install/people_msgs/include/people_msgs/people_msgs/msg/detail/people__type_support.hpp
[0.960s] -- Up-to-date: /home/administrator/code/nmpc_ws/install/people_msgs/include/people_msgs/people_msgs/msg/detail/person_stamped__type_support.hpp
[0.960s] -- Up-to-date: /home/administrator/code/nmpc_ws/install/people_msgs/include/people_msgs/people_msgs/msg/detail/people__struct.hpp
[0.960s] -- Up-to-date: /home/administrator/code/nmpc_ws/install/people_msgs/include/people_msgs/people_msgs/msg/detail/person__type_support.hpp
[0.960s] -- Up-to-date: /home/administrator/code/nmpc_ws/install/people_msgs/include/people_msgs/people_msgs/msg/detail/position_measurement_array__struct.hpp
[0.960s] -- Up-to-date: /home/administrator/code/nmpc_ws/install/people_msgs/include/people_msgs/people_msgs/msg/detail/position_measurement__builder.hpp
[0.960s] -- Up-to-date: /home/administrator/code/nmpc_ws/install/people_msgs/include/people_msgs/people_msgs/msg/detail/person__struct.hpp
[0.960s] -- Up-to-date: /home/administrator/code/nmpc_ws/install/people_msgs/include/people_msgs/people_msgs
[0.960s] -- Up-to-date: /home/administrator/code/nmpc_ws/install/people_msgs/include/people_msgs/people_msgs/msg
[0.960s] -- Up-to-date: /home/administrator/code/nmpc_ws/install/people_msgs/include/people_msgs/people_msgs/msg/rosidl_typesupport_fastrtps_cpp__visibility_control.h
[0.960s] -- Up-to-date: /home/administrator/code/nmpc_ws/install/people_msgs/include/people_msgs/people_msgs/msg/detail
[0.960s] -- Up-to-date: /home/administrator/code/nmpc_ws/install/people_msgs/include/people_msgs/people_msgs/msg/detail/position_measurement__rosidl_typesupport_fastrtps_cpp.hpp
[0.960s] -- Up-to-date: /home/administrator/code/nmpc_ws/install/people_msgs/include/people_msgs/people_msgs/msg/detail/position_measurement_array__rosidl_typesupport_fastrtps_cpp.hpp
[0.961s] -- Up-to-date: /home/administrator/code/nmpc_ws/install/people_msgs/include/people_msgs/people_msgs/msg/detail/person_stamped__rosidl_typesupport_fastrtps_cpp.hpp
[0.961s] -- Up-to-date: /home/administrator/code/nmpc_ws/install/people_msgs/include/people_msgs/people_msgs/msg/detail/person__rosidl_typesupport_fastrtps_cpp.hpp
[0.961s] -- Up-to-date: /home/administrator/code/nmpc_ws/install/people_msgs/include/people_msgs/people_msgs/msg/detail/people__rosidl_typesupport_fastrtps_cpp.hpp
[0.961s] -- Up-to-date: /home/administrator/code/nmpc_ws/install/people_msgs/include/people_msgs/people_msgs/msg/detail/dds_fastrtps
[0.961s] -- Up-to-date: /home/administrator/code/nmpc_ws/install/people_msgs/lib/libpeople_msgs__rosidl_typesupport_fastrtps_cpp.so
[0.961s] -- Up-to-date: /home/administrator/code/nmpc_ws/install/people_msgs/include/people_msgs/people_msgs
[0.961s] -- Up-to-date: /home/administrator/code/nmpc_ws/install/people_msgs/include/people_msgs/people_msgs/msg
[0.961s] -- Up-to-date: /home/administrator/code/nmpc_ws/install/people_msgs/include/people_msgs/people_msgs/msg/detail
[0.961s] -- Up-to-date: /home/administrator/code/nmpc_ws/install/people_msgs/include/people_msgs/people_msgs/msg/detail/people__type_support.cpp
[0.961s] -- Up-to-date: /home/administrator/code/nmpc_ws/install/people_msgs/include/people_msgs/people_msgs/msg/detail/position_measurement__type_support.cpp
[0.961s] -- Up-to-date: /home/administrator/code/nmpc_ws/install/people_msgs/include/people_msgs/people_msgs/msg/detail/position_measurement__rosidl_typesupport_introspection_cpp.hpp
[0.961s] -- Up-to-date: /home/administrator/code/nmpc_ws/install/people_msgs/include/people_msgs/people_msgs/msg/detail/position_measurement_array__rosidl_typesupport_introspection_cpp.hpp
[0.961s] -- Up-to-date: /home/administrator/code/nmpc_ws/install/people_msgs/include/people_msgs/people_msgs/msg/detail/people__rosidl_typesupport_introspection_cpp.hpp
[0.962s] -- Up-to-date: /home/administrator/code/nmpc_ws/install/people_msgs/include/people_msgs/people_msgs/msg/detail/person_stamped__rosidl_typesupport_introspection_cpp.hpp
[0.962s] -- Up-to-date: /home/administrator/code/nmpc_ws/install/people_msgs/include/people_msgs/people_msgs/msg/detail/person_stamped__type_support.cpp
[0.962s] -- Up-to-date: /home/administrator/code/nmpc_ws/install/people_msgs/include/people_msgs/people_msgs/msg/detail/person__rosidl_typesupport_introspection_cpp.hpp
[0.962s] -- Up-to-date: /home/administrator/code/nmpc_ws/install/people_msgs/include/people_msgs/people_msgs/msg/detail/person__type_support.cpp
[0.962s] -- Up-to-date: /home/administrator/code/nmpc_ws/install/people_msgs/include/people_msgs/people_msgs/msg/detail/position_measurement_array__type_support.cpp
[0.962s] -- Up-to-date: /home/administrator/code/nmpc_ws/install/people_msgs/lib/libpeople_msgs__rosidl_typesupport_introspection_cpp.so
[0.962s] -- Up-to-date: /home/administrator/code/nmpc_ws/install/people_msgs/lib/libpeople_msgs__rosidl_typesupport_cpp.so
[0.962s] -- Up-to-date: /home/administrator/code/nmpc_ws/install/people_msgs/share/people_msgs/environment/pythonpath.sh
[0.962s] -- Up-to-date: /home/administrator/code/nmpc_ws/install/people_msgs/share/people_msgs/environment/pythonpath.dsv
[0.962s] -- Up-to-date: /home/administrator/code/nmpc_ws/install/people_msgs/local/lib/python3.10/dist-packages/people_msgs-1.3.0-py3.10.egg-info
[0.962s] -- Installing: /home/administrator/code/nmpc_ws/install/people_msgs/local/lib/python3.10/dist-packages/people_msgs-1.3.0-py3.10.egg-info/PKG-INFO
[0.962s] -- Installing: /home/administrator/code/nmpc_ws/install/people_msgs/local/lib/python3.10/dist-packages/people_msgs-1.3.0-py3.10.egg-info/top_level.txt
[0.962s] -- Installing: /home/administrator/code/nmpc_ws/install/people_msgs/local/lib/python3.10/dist-packages/people_msgs-1.3.0-py3.10.egg-info/dependency_links.txt
[0.962s] -- Installing: /home/administrator/code/nmpc_ws/install/people_msgs/local/lib/python3.10/dist-packages/people_msgs-1.3.0-py3.10.egg-info/SOURCES.txt
[0.963s] -- Up-to-date: /home/administrator/code/nmpc_ws/install/people_msgs/local/lib/python3.10/dist-packages/people_msgs
[0.963s] -- Up-to-date: /home/administrator/code/nmpc_ws/install/people_msgs/local/lib/python3.10/dist-packages/people_msgs/people_msgs_s__rosidl_typesupport_c.cpython-310-x86_64-linux-gnu.so
[0.963s] -- Up-to-date: /home/administrator/code/nmpc_ws/install/people_msgs/local/lib/python3.10/dist-packages/people_msgs/people_msgs_s__rosidl_typesupport_fastrtps_c.cpython-310-x86_64-linux-gnu.so
[0.963s] -- Up-to-date: /home/administrator/code/nmpc_ws/install/people_msgs/local/lib/python3.10/dist-packages/people_msgs/_people_msgs_s.ep.rosidl_typesupport_fastrtps_c.c
[0.963s] -- Up-to-date: /home/administrator/code/nmpc_ws/install/people_msgs/local/lib/python3.10/dist-packages/people_msgs/_people_msgs_s.ep.rosidl_typesupport_introspection_c.c
[0.963s] -- Up-to-date: /home/administrator/code/nmpc_ws/install/people_msgs/local/lib/python3.10/dist-packages/people_msgs/__init__.py
[0.963s] -- Up-to-date: /home/administrator/code/nmpc_ws/install/people_msgs/local/lib/python3.10/dist-packages/people_msgs/people_msgs_s__rosidl_typesupport_introspection_c.cpython-310-x86_64-linux-gnu.so
[0.963s] -- Up-to-date: /home/administrator/code/nmpc_ws/install/people_msgs/local/lib/python3.10/dist-packages/people_msgs/msg
[0.963s] -- Up-to-date: /home/administrator/code/nmpc_ws/install/people_msgs/local/lib/python3.10/dist-packages/people_msgs/msg/_people.py
[0.963s] -- Up-to-date: /home/administrator/code/nmpc_ws/install/people_msgs/local/lib/python3.10/dist-packages/people_msgs/msg/_person_s.c
[0.963s] -- Up-to-date: /home/administrator/code/nmpc_ws/install/people_msgs/local/lib/python3.10/dist-packages/people_msgs/msg/_people_s.c
[0.963s] -- Up-to-date: /home/administrator/code/nmpc_ws/install/people_msgs/local/lib/python3.10/dist-packages/people_msgs/msg/_position_measurement_s.c
[0.964s] -- Up-to-date: /home/administrator/code/nmpc_ws/install/people_msgs/local/lib/python3.10/dist-packages/people_msgs/msg/_position_measurement_array.py
[0.964s] -- Up-to-date: /home/administrator/code/nmpc_ws/install/people_msgs/local/lib/python3.10/dist-packages/people_msgs/msg/_person_stamped_s.c
[0.964s] -- Up-to-date: /home/administrator/code/nmpc_ws/install/people_msgs/local/lib/python3.10/dist-packages/people_msgs/msg/__init__.py
[0.964s] -- Up-to-date: /home/administrator/code/nmpc_ws/install/people_msgs/local/lib/python3.10/dist-packages/people_msgs/msg/_position_measurement.py
[0.964s] -- Up-to-date: /home/administrator/code/nmpc_ws/install/people_msgs/local/lib/python3.10/dist-packages/people_msgs/msg/_person.py
[0.964s] -- Up-to-date: /home/administrator/code/nmpc_ws/install/people_msgs/local/lib/python3.10/dist-packages/people_msgs/msg/_person_stamped.py
[0.964s] -- Up-to-date: /home/administrator/code/nmpc_ws/install/people_msgs/local/lib/python3.10/dist-packages/people_msgs/msg/_position_measurement_array_s.c
[0.964s] -- Up-to-date: /home/administrator/code/nmpc_ws/install/people_msgs/local/lib/python3.10/dist-packages/people_msgs/_people_msgs_s.ep.rosidl_typesupport_c.c
[0.964s] -- Up-to-date: /home/administrator/code/nmpc_ws/install/people_msgs/local/lib/python3.10/dist-packages/people_msgs/libpeople_msgs__rosidl_generator_py.so
[1.008s] Listing '/home/administrator/code/nmpc_ws/install/people_msgs/local/lib/python3.10/dist-packages/people_msgs'...
[1.008s] Listing '/home/administrator/code/nmpc_ws/install/people_msgs/local/lib/python3.10/dist-packages/people_msgs/msg'...
[1.016s] -- Up-to-date: /home/administrator/code/nmpc_ws/install/people_msgs/local/lib/python3.10/dist-packages/people_msgs/people_msgs_s__rosidl_typesupport_fastrtps_c.cpython-310-x86_64-linux-gnu.so
[1.017s] -- Up-to-date: /home/administrator/code/nmpc_ws/install/people_msgs/local/lib/python3.10/dist-packages/people_msgs/people_msgs_s__rosidl_typesupport_introspection_c.cpython-310-x86_64-linux-gnu.so
[1.017s] -- Up-to-date: /home/administrator/code/nmpc_ws/install/people_msgs/local/lib/python3.10/dist-packages/people_msgs/people_msgs_s__rosidl_typesupport_c.cpython-310-x86_64-linux-gnu.so
[1.018s] -- Up-to-date: /home/administrator/code/nmpc_ws/install/people_msgs/lib/libpeople_msgs__rosidl_generator_py.so
[1.018s] -- Up-to-date: /home/administrator/code/nmpc_ws/install/people_msgs/share/people_msgs/msg/People.idl
[1.019s] -- Up-to-date: /home/administrator/code/nmpc_ws/install/people_msgs/share/people_msgs/msg/Person.idl
[1.019s] -- Up-to-date: /home/administrator/code/nmpc_ws/install/people_msgs/share/people_msgs/msg/PersonStamped.idl
[1.019s] -- Up-to-date: /home/administrator/code/nmpc_ws/install/people_msgs/share/people_msgs/msg/PositionMeasurement.idl
[1.019s] -- Up-to-date: /home/administrator/code/nmpc_ws/install/people_msgs/share/people_msgs/msg/PositionMeasurementArray.idl
[1.020s] -- Up-to-date: /home/administrator/code/nmpc_ws/install/people_msgs/share/people_msgs/msg/People.msg
[1.021s] -- Up-to-date: /home/administrator/code/nmpc_ws/install/people_msgs/share/people_msgs/msg/Person.msg
[1.021s] -- Up-to-date: /home/administrator/code/nmpc_ws/install/people_msgs/share/people_msgs/msg/PersonStamped.msg
[1.021s] -- Up-to-date: /home/administrator/code/nmpc_ws/install/people_msgs/share/people_msgs/msg/PositionMeasurement.msg
[1.021s] -- Up-to-date: /home/administrator/code/nmpc_ws/install/people_msgs/share/people_msgs/msg/PositionMeasurementArray.msg
[1.021s] -- Up-to-date: /home/administrator/code/nmpc_ws/install/people_msgs/share/ament_index/resource_index/package_run_dependencies/people_msgs
[1.022s] -- Up-to-date: /home/administrator/code/nmpc_ws/install/people_msgs/share/ament_index/resource_index/parent_prefix_path/people_msgs
[1.022s] -- Up-to-date: /home/administrator/code/nmpc_ws/install/people_msgs/share/people_msgs/environment/ament_prefix_path.sh
[1.022s] -- Up-to-date: /home/administrator/code/nmpc_ws/install/people_msgs/share/people_msgs/environment/ament_prefix_path.dsv
[1.022s] -- Up-to-date: /home/administrator/code/nmpc_ws/install/people_msgs/share/people_msgs/environment/path.sh
[1.023s] -- Up-to-date: /home/administrator/code/nmpc_ws/install/people_msgs/share/people_msgs/environment/path.dsv
[1.023s] -- Up-to-date: /home/administrator/code/nmpc_ws/install/people_msgs/share/people_msgs/local_setup.bash
[1.023s] -- Up-to-date: /home/administrator/code/nmpc_ws/install/people_msgs/share/people_msgs/local_setup.sh
[1.023s] -- Up-to-date: /home/administrator/code/nmpc_ws/install/people_msgs/share/people_msgs/local_setup.zsh
[1.023s] -- Up-to-date: /home/administrator/code/nmpc_ws/install/people_msgs/share/people_msgs/local_setup.dsv
[1.023s] -- Installing: /home/administrator/code/nmpc_ws/install/people_msgs/share/people_msgs/package.dsv
[1.024s] -- Up-to-date: /home/administrator/code/nmpc_ws/install/people_msgs/share/ament_index/resource_index/packages/people_msgs
[1.024s] -- Up-to-date: /home/administrator/code/nmpc_ws/install/people_msgs/share/people_msgs/cmake/export_people_msgs__rosidl_generator_cExport.cmake
[1.024s] -- Up-to-date: /home/administrator/code/nmpc_ws/install/people_msgs/share/people_msgs/cmake/export_people_msgs__rosidl_generator_cExport-noconfig.cmake
[1.024s] -- Up-to-date: /home/administrator/code/nmpc_ws/install/people_msgs/share/people_msgs/cmake/export_people_msgs__rosidl_typesupport_fastrtps_cExport.cmake
[1.024s] -- Up-to-date: /home/administrator/code/nmpc_ws/install/people_msgs/share/people_msgs/cmake/export_people_msgs__rosidl_typesupport_fastrtps_cExport-noconfig.cmake
[1.024s] -- Up-to-date: /home/administrator/code/nmpc_ws/install/people_msgs/share/people_msgs/cmake/people_msgs__rosidl_typesupport_introspection_cExport.cmake
[1.024s] -- Up-to-date: /home/administrator/code/nmpc_ws/install/people_msgs/share/people_msgs/cmake/people_msgs__rosidl_typesupport_introspection_cExport-noconfig.cmake
[1.024s] -- Up-to-date: /home/administrator/code/nmpc_ws/install/people_msgs/share/people_msgs/cmake/people_msgs__rosidl_typesupport_cExport.cmake
[1.025s] -- Up-to-date: /home/administrator/code/nmpc_ws/install/people_msgs/share/people_msgs/cmake/people_msgs__rosidl_typesupport_cExport-noconfig.cmake
[1.025s] -- Up-to-date: /home/administrator/code/nmpc_ws/install/people_msgs/share/people_msgs/cmake/export_people_msgs__rosidl_generator_cppExport.cmake
[1.025s] -- Up-to-date: /home/administrator/code/nmpc_ws/install/people_msgs/share/people_msgs/cmake/export_people_msgs__rosidl_typesupport_fastrtps_cppExport.cmake
[1.025s] -- Up-to-date: /home/administrator/code/nmpc_ws/install/people_msgs/share/people_msgs/cmake/export_people_msgs__rosidl_typesupport_fastrtps_cppExport-noconfig.cmake
[1.033s] -- Up-to-date: /home/administrator/code/nmpc_ws/install/people_msgs/share/people_msgs/cmake/people_msgs__rosidl_typesupport_introspection_cppExport.cmake
[1.033s] -- Up-to-date: /home/administrator/code/nmpc_ws/install/people_msgs/share/people_msgs/cmake/people_msgs__rosidl_typesupport_introspection_cppExport-noconfig.cmake
[1.033s] -- Up-to-date: /home/administrator/code/nmpc_ws/install/people_msgs/share/people_msgs/cmake/people_msgs__rosidl_typesupport_cppExport.cmake
[1.033s] -- Up-to-date: /home/administrator/code/nmpc_ws/install/people_msgs/share/people_msgs/cmake/people_msgs__rosidl_typesupport_cppExport-noconfig.cmake
[1.034s] -- Up-to-date: /home/administrator/code/nmpc_ws/install/people_msgs/share/people_msgs/cmake/export_people_msgs__rosidl_generator_pyExport.cmake
[1.034s] -- Up-to-date: /home/administrator/code/nmpc_ws/install/people_msgs/share/people_msgs/cmake/export_people_msgs__rosidl_generator_pyExport-noconfig.cmake
[1.034s] -- Up-to-date: /home/administrator/code/nmpc_ws/install/people_msgs/share/people_msgs/cmake/rosidl_cmake-extras.cmake
[1.034s] -- Up-to-date: /home/administrator/code/nmpc_ws/install/people_msgs/share/people_msgs/cmake/ament_cmake_export_dependencies-extras.cmake
[1.035s] -- Up-to-date: /home/administrator/code/nmpc_ws/install/people_msgs/share/people_msgs/cmake/ament_cmake_export_include_directories-extras.cmake
[1.035s] -- Up-to-date: /home/administrator/code/nmpc_ws/install/people_msgs/share/people_msgs/cmake/ament_cmake_export_libraries-extras.cmake
[1.035s] -- Up-to-date: /home/administrator/code/nmpc_ws/install/people_msgs/share/people_msgs/cmake/ament_cmake_export_targets-extras.cmake
[1.035s] -- Up-to-date: /home/administrator/code/nmpc_ws/install/people_msgs/share/people_msgs/cmake/rosidl_cmake_export_typesupport_targets-extras.cmake
[1.035s] -- Up-to-date: /home/administrator/code/nmpc_ws/install/people_msgs/share/people_msgs/cmake/rosidl_cmake_export_typesupport_libraries-extras.cmake
[1.035s] -- Up-to-date: /home/administrator/code/nmpc_ws/install/people_msgs/share/people_msgs/cmake/people_msgsConfig.cmake
[1.036s] -- Up-to-date: /home/administrator/code/nmpc_ws/install/people_msgs/share/people_msgs/cmake/people_msgsConfig-version.cmake
[1.036s] -- Up-to-date: /home/administrator/code/nmpc_ws/install/people_msgs/share/people_msgs/package.xml
[1.036s] Invoked command in '/home/administrator/code/nmpc_ws/build/people_msgs' returned '0': CMAKE_PREFIX_PATH=${CMAKE_PREFIX_PATH}:/home/administrator/code/nmpc_ws/install/nmpc_pkg:/opt/ros/humble /usr/bin/cmake --install /home/administrator/code/nmpc_ws/build/people_msgs
