[1.106s] Invoking command in '/home/administrator/code/nmpc_ws/src/nmpc_pkg': PYTHONPATH=/home/administrator/code/nmpc_ws/build/nmpc_pkg/prefix_override:/usr/lib/python3/dist-packages/colcon_core/task/python/colcon_distutils_commands:/home/administrator/code/nmpc_ws/install/nmpc_pkg/lib/python3.10/site-packages:${PYTHONPATH} /usr/bin/python3 -W ignore:setup.py install is deprecated -W ignore:easy_install command is deprecated setup.py egg_info --egg-base ../../build/nmpc_pkg build --build-base /home/administrator/code/nmpc_ws/build/nmpc_pkg/build install --record /home/administrator/code/nmpc_ws/build/nmpc_pkg/install.log --single-version-externally-managed install_data
[1.490s] running egg_info
[1.491s] writing ../../build/nmpc_pkg/nmpc_pkg.egg-info/PKG-INFO
[1.492s] writing dependency_links to ../../build/nmpc_pkg/nmpc_pkg.egg-info/dependency_links.txt
[1.494s] writing entry points to ../../build/nmpc_pkg/nmpc_pkg.egg-info/entry_points.txt
[1.495s] writing requirements to ../../build/nmpc_pkg/nmpc_pkg.egg-info/requires.txt
[1.495s] writing top-level names to ../../build/nmpc_pkg/nmpc_pkg.egg-info/top_level.txt
[1.498s] reading manifest file '../../build/nmpc_pkg/nmpc_pkg.egg-info/SOURCES.txt'
[1.500s] writing manifest file '../../build/nmpc_pkg/nmpc_pkg.egg-info/SOURCES.txt'
[1.500s] running build
[1.500s] running build_py
[1.500s] copying nmpc_pkg/controller_node.py -> /home/administrator/code/nmpc_ws/build/nmpc_pkg/build/lib/nmpc_pkg
[1.501s] running install
[1.502s] running install_lib
[1.504s] copying /home/administrator/code/nmpc_ws/build/nmpc_pkg/build/lib/nmpc_pkg/controller_node.py -> /home/administrator/code/nmpc_ws/install/nmpc_pkg/lib/python3.10/site-packages/nmpc_pkg
[1.506s] byte-compiling /home/administrator/code/nmpc_ws/install/nmpc_pkg/lib/python3.10/site-packages/nmpc_pkg/controller_node.py to controller_node.cpython-310.pyc
[1.510s] running install_data
[1.510s] running install_egg_info
[1.515s] removing '/home/administrator/code/nmpc_ws/install/nmpc_pkg/lib/python3.10/site-packages/nmpc_pkg-0.0.0-py3.10.egg-info' (and everything under it)
[1.516s] Copying ../../build/nmpc_pkg/nmpc_pkg.egg-info to /home/administrator/code/nmpc_ws/install/nmpc_pkg/lib/python3.10/site-packages/nmpc_pkg-0.0.0-py3.10.egg-info
[1.518s] running install_scripts
[1.562s] Installing gotostart script to /home/administrator/code/nmpc_ws/install/nmpc_pkg/lib/nmpc_pkg
[1.563s] Installing nmpc_controller_node script to /home/administrator/code/nmpc_ws/install/nmpc_pkg/lib/nmpc_pkg
[1.563s] Installing record script to /home/administrator/code/nmpc_ws/install/nmpc_pkg/lib/nmpc_pkg
[1.565s] writing list of installed files to '/home/administrator/code/nmpc_ws/build/nmpc_pkg/install.log'
[1.625s] Invoked command in '/home/administrator/code/nmpc_ws/src/nmpc_pkg' returned '0': PYTHONPATH=/home/administrator/code/nmpc_ws/build/nmpc_pkg/prefix_override:/usr/lib/python3/dist-packages/colcon_core/task/python/colcon_distutils_commands:/home/administrator/code/nmpc_ws/install/nmpc_pkg/lib/python3.10/site-packages:${PYTHONPATH} /usr/bin/python3 -W ignore:setup.py install is deprecated -W ignore:easy_install command is deprecated setup.py egg_info --egg-base ../../build/nmpc_pkg build --build-base /home/administrator/code/nmpc_ws/build/nmpc_pkg/build install --record /home/administrator/code/nmpc_ws/build/nmpc_pkg/install.log --single-version-externally-managed install_data
