[0.220s] DEBUG:colcon:Command line arguments: ['/usr/bin/colcon', 'build']
[0.220s] DEBUG:colcon:Parsed command line arguments: Namespace(log_base=None, log_level=None, verb_name='build', build_base='build', install_base='install', merge_install=False, symlink_install=False, test_result_base=None, continue_on_error=False, executor='parallel', parallel_workers=4, event_handlers=None, ignore_user_meta=False, metas=['./colcon.meta'], base_paths=['.'], packages_ignore=None, packages_ignore_regex=None, paths=None, packages_up_to=None, packages_up_to_regex=None, packages_above=None, packages_above_and_dependencies=None, packages_above_depth=None, packages_select_by_dep=None, packages_skip_by_dep=None, packages_skip_up_to=None, packages_select_build_failed=False, packages_skip_build_finished=False, packages_select_test_failures=False, packages_skip_test_passed=False, packages_select=None, packages_skip=None, packages_select_regex=None, packages_skip_regex=None, packages_start=None, packages_end=None, allow_overriding=[], cmake_args=None, cmake_target=None, cmake_target_skip_unavailable=False, cmake_clean_cache=False, cmake_clean_first=False, cmake_force_configure=False, ament_cmake_args=None, catkin_cmake_args=None, catkin_skip_building_tests=False, mixin_files=None, mixin=None, verb_parser=<colcon_mixin.mixin.mixin_argument.MixinArgumentDecorator object at 0x7eff07829690>, verb_extension=<colcon_core.verb.build.BuildVerb object at 0x7eff07829120>, main=<bound method BuildVerb.main of <colcon_core.verb.build.BuildVerb object at 0x7eff07829120>>, mixin_verb=('build',))
[0.530s] Level 1:colcon.colcon_core.package_discovery:discover_packages(colcon_meta) check parameters
[0.530s] Level 1:colcon.colcon_core.package_discovery:discover_packages(recursive) check parameters
[0.530s] Level 1:colcon.colcon_core.package_discovery:discover_packages(ignore) check parameters
[0.530s] Level 1:colcon.colcon_core.package_discovery:discover_packages(path) check parameters
[0.530s] Level 1:colcon.colcon_core.package_discovery:discover_packages(colcon_meta) discover
[0.530s] Level 1:colcon.colcon_core.package_discovery:discover_packages(recursive) discover
[0.530s] INFO:colcon.colcon_core.package_discovery:Crawling recursively for packages in '/home/administrator/code/nmpc_ws'
[0.530s] Level 1:colcon.colcon_core.package_identification:_identify(.) by extensions ['ignore', 'ignore_ament_install']
[0.530s] Level 1:colcon.colcon_core.package_identification:_identify(.) by extension 'ignore'
[0.530s] Level 1:colcon.colcon_core.package_identification:_identify(.) by extension 'ignore_ament_install'
[0.531s] Level 1:colcon.colcon_core.package_identification:_identify(.) by extensions ['colcon_pkg']
[0.531s] Level 1:colcon.colcon_core.package_identification:_identify(.) by extension 'colcon_pkg'
[0.531s] Level 1:colcon.colcon_core.package_identification:_identify(.) by extensions ['colcon_meta']
[0.531s] Level 1:colcon.colcon_core.package_identification:_identify(.) by extension 'colcon_meta'
[0.531s] Level 1:colcon.colcon_core.package_identification:_identify(.) by extensions ['ros']
[0.531s] Level 1:colcon.colcon_core.package_identification:_identify(.) by extension 'ros'
[0.546s] Level 1:colcon.colcon_core.package_identification:_identify(.) by extensions ['cmake', 'python']
[0.546s] Level 1:colcon.colcon_core.package_identification:_identify(.) by extension 'cmake'
[0.546s] Level 1:colcon.colcon_core.package_identification:_identify(.) by extension 'python'
[0.546s] Level 1:colcon.colcon_core.package_identification:_identify(.) by extensions ['python_setup_py']
[0.547s] Level 1:colcon.colcon_core.package_identification:_identify(.) by extension 'python_setup_py'
[0.547s] Level 1:colcon.colcon_core.package_identification:_identify(build) by extensions ['ignore', 'ignore_ament_install']
[0.547s] Level 1:colcon.colcon_core.package_identification:_identify(build) by extension 'ignore'
[0.547s] Level 1:colcon.colcon_core.package_identification:_identify(build) ignored
[0.547s] Level 1:colcon.colcon_core.package_identification:_identify(data) by extensions ['ignore', 'ignore_ament_install']
[0.547s] Level 1:colcon.colcon_core.package_identification:_identify(data) by extension 'ignore'
[0.547s] Level 1:colcon.colcon_core.package_identification:_identify(data) by extension 'ignore_ament_install'
[0.548s] Level 1:colcon.colcon_core.package_identification:_identify(data) by extensions ['colcon_pkg']
[0.548s] Level 1:colcon.colcon_core.package_identification:_identify(data) by extension 'colcon_pkg'
[0.548s] Level 1:colcon.colcon_core.package_identification:_identify(data) by extensions ['colcon_meta']
[0.548s] Level 1:colcon.colcon_core.package_identification:_identify(data) by extension 'colcon_meta'
[0.548s] Level 1:colcon.colcon_core.package_identification:_identify(data) by extensions ['ros']
[0.548s] Level 1:colcon.colcon_core.package_identification:_identify(data) by extension 'ros'
[0.548s] Level 1:colcon.colcon_core.package_identification:_identify(data) by extensions ['cmake', 'python']
[0.548s] Level 1:colcon.colcon_core.package_identification:_identify(data) by extension 'cmake'
[0.548s] Level 1:colcon.colcon_core.package_identification:_identify(data) by extension 'python'
[0.548s] Level 1:colcon.colcon_core.package_identification:_identify(data) by extensions ['python_setup_py']
[0.548s] Level 1:colcon.colcon_core.package_identification:_identify(data) by extension 'python_setup_py'
[0.549s] Level 1:colcon.colcon_core.package_identification:_identify(data/trajectories) by extensions ['ignore', 'ignore_ament_install']
[0.549s] Level 1:colcon.colcon_core.package_identification:_identify(data/trajectories) by extension 'ignore'
[0.549s] Level 1:colcon.colcon_core.package_identification:_identify(data/trajectories) by extension 'ignore_ament_install'
[0.549s] Level 1:colcon.colcon_core.package_identification:_identify(data/trajectories) by extensions ['colcon_pkg']
[0.549s] Level 1:colcon.colcon_core.package_identification:_identify(data/trajectories) by extension 'colcon_pkg'
[0.549s] Level 1:colcon.colcon_core.package_identification:_identify(data/trajectories) by extensions ['colcon_meta']
[0.549s] Level 1:colcon.colcon_core.package_identification:_identify(data/trajectories) by extension 'colcon_meta'
[0.549s] Level 1:colcon.colcon_core.package_identification:_identify(data/trajectories) by extensions ['ros']
[0.549s] Level 1:colcon.colcon_core.package_identification:_identify(data/trajectories) by extension 'ros'
[0.550s] Level 1:colcon.colcon_core.package_identification:_identify(data/trajectories) by extensions ['cmake', 'python']
[0.550s] Level 1:colcon.colcon_core.package_identification:_identify(data/trajectories) by extension 'cmake'
[0.550s] Level 1:colcon.colcon_core.package_identification:_identify(data/trajectories) by extension 'python'
[0.550s] Level 1:colcon.colcon_core.package_identification:_identify(data/trajectories) by extensions ['python_setup_py']
[0.550s] Level 1:colcon.colcon_core.package_identification:_identify(data/trajectories) by extension 'python_setup_py'
[0.550s] Level 1:colcon.colcon_core.package_identification:_identify(install) by extensions ['ignore', 'ignore_ament_install']
[0.550s] Level 1:colcon.colcon_core.package_identification:_identify(install) by extension 'ignore'
[0.550s] Level 1:colcon.colcon_core.package_identification:_identify(install) ignored
[0.551s] Level 1:colcon.colcon_core.package_identification:_identify(log) by extensions ['ignore', 'ignore_ament_install']
[0.551s] Level 1:colcon.colcon_core.package_identification:_identify(log) by extension 'ignore'
[0.551s] Level 1:colcon.colcon_core.package_identification:_identify(log) ignored
[0.551s] Level 1:colcon.colcon_core.package_identification:_identify(src) by extensions ['ignore', 'ignore_ament_install']
[0.552s] Level 1:colcon.colcon_core.package_identification:_identify(src) by extension 'ignore'
[0.552s] Level 1:colcon.colcon_core.package_identification:_identify(src) by extension 'ignore_ament_install'
[0.552s] Level 1:colcon.colcon_core.package_identification:_identify(src) by extensions ['colcon_pkg']
[0.552s] Level 1:colcon.colcon_core.package_identification:_identify(src) by extension 'colcon_pkg'
[0.552s] Level 1:colcon.colcon_core.package_identification:_identify(src) by extensions ['colcon_meta']
[0.552s] Level 1:colcon.colcon_core.package_identification:_identify(src) by extension 'colcon_meta'
[0.552s] Level 1:colcon.colcon_core.package_identification:_identify(src) by extensions ['ros']
[0.552s] Level 1:colcon.colcon_core.package_identification:_identify(src) by extension 'ros'
[0.552s] Level 1:colcon.colcon_core.package_identification:_identify(src) by extensions ['cmake', 'python']
[0.552s] Level 1:colcon.colcon_core.package_identification:_identify(src) by extension 'cmake'
[0.553s] Level 1:colcon.colcon_core.package_identification:_identify(src) by extension 'python'
[0.553s] Level 1:colcon.colcon_core.package_identification:_identify(src) by extensions ['python_setup_py']
[0.553s] Level 1:colcon.colcon_core.package_identification:_identify(src) by extension 'python_setup_py'
[0.553s] Level 1:colcon.colcon_core.package_identification:_identify(src/nmpc_pkg) by extensions ['ignore', 'ignore_ament_install']
[0.553s] Level 1:colcon.colcon_core.package_identification:_identify(src/nmpc_pkg) by extension 'ignore'
[0.553s] Level 1:colcon.colcon_core.package_identification:_identify(src/nmpc_pkg) by extension 'ignore_ament_install'
[0.553s] Level 1:colcon.colcon_core.package_identification:_identify(src/nmpc_pkg) by extensions ['colcon_pkg']
[0.553s] Level 1:colcon.colcon_core.package_identification:_identify(src/nmpc_pkg) by extension 'colcon_pkg'
[0.553s] Level 1:colcon.colcon_core.package_identification:_identify(src/nmpc_pkg) by extensions ['colcon_meta']
[0.553s] Level 1:colcon.colcon_core.package_identification:_identify(src/nmpc_pkg) by extension 'colcon_meta'
[0.554s] Level 1:colcon.colcon_core.package_identification:_identify(src/nmpc_pkg) by extensions ['ros']
[0.554s] Level 1:colcon.colcon_core.package_identification:_identify(src/nmpc_pkg) by extension 'ros'
[0.560s] DEBUG:colcon.colcon_core.package_identification:Package 'src/nmpc_pkg' with type 'ros.ament_python' and name 'nmpc_pkg'
[0.561s] Level 1:colcon.colcon_core.package_identification:_identify(src/people_msgs) by extensions ['ignore', 'ignore_ament_install']
[0.561s] Level 1:colcon.colcon_core.package_identification:_identify(src/people_msgs) by extension 'ignore'
[0.561s] Level 1:colcon.colcon_core.package_identification:_identify(src/people_msgs) by extension 'ignore_ament_install'
[0.561s] Level 1:colcon.colcon_core.package_identification:_identify(src/people_msgs) by extensions ['colcon_pkg']
[0.561s] Level 1:colcon.colcon_core.package_identification:_identify(src/people_msgs) by extension 'colcon_pkg'
[0.561s] Level 1:colcon.colcon_core.package_identification:_identify(src/people_msgs) by extensions ['colcon_meta']
[0.561s] Level 1:colcon.colcon_core.package_identification:_identify(src/people_msgs) by extension 'colcon_meta'
[0.561s] Level 1:colcon.colcon_core.package_identification:_identify(src/people_msgs) by extensions ['ros']
[0.561s] Level 1:colcon.colcon_core.package_identification:_identify(src/people_msgs) by extension 'ros'
[0.562s] Level 1:colcon.colcon_core.package_identification:_identify(src/people_msgs) by extensions ['cmake', 'python']
[0.562s] Level 1:colcon.colcon_core.package_identification:_identify(src/people_msgs) by extension 'cmake'
[0.562s] Level 1:colcon.colcon_core.package_identification:_identify(src/people_msgs) by extension 'python'
[0.562s] Level 1:colcon.colcon_core.package_identification:_identify(src/people_msgs) by extensions ['python_setup_py']
[0.562s] Level 1:colcon.colcon_core.package_identification:_identify(src/people_msgs) by extension 'python_setup_py'
[0.562s] Level 1:colcon.colcon_core.package_identification:_identify(src/people_msgs/face_detector) by extensions ['ignore', 'ignore_ament_install']
[0.562s] Level 1:colcon.colcon_core.package_identification:_identify(src/people_msgs/face_detector) by extension 'ignore'
[0.562s] Level 1:colcon.colcon_core.package_identification:_identify(src/people_msgs/face_detector) ignored
[0.562s] Level 1:colcon.colcon_core.package_identification:_identify(src/people_msgs/leg_detector) by extensions ['ignore', 'ignore_ament_install']
[0.563s] Level 1:colcon.colcon_core.package_identification:_identify(src/people_msgs/leg_detector) by extension 'ignore'
[0.563s] Level 1:colcon.colcon_core.package_identification:_identify(src/people_msgs/leg_detector) ignored
[0.563s] Level 1:colcon.colcon_core.package_identification:_identify(src/people_msgs/people) by extensions ['ignore', 'ignore_ament_install']
[0.563s] Level 1:colcon.colcon_core.package_identification:_identify(src/people_msgs/people) by extension 'ignore'
[0.563s] Level 1:colcon.colcon_core.package_identification:_identify(src/people_msgs/people) ignored
[0.563s] Level 1:colcon.colcon_core.package_identification:_identify(src/people_msgs/people_msgs) by extensions ['ignore', 'ignore_ament_install']
[0.563s] Level 1:colcon.colcon_core.package_identification:_identify(src/people_msgs/people_msgs) by extension 'ignore'
[0.564s] Level 1:colcon.colcon_core.package_identification:_identify(src/people_msgs/people_msgs) by extension 'ignore_ament_install'
[0.564s] Level 1:colcon.colcon_core.package_identification:_identify(src/people_msgs/people_msgs) by extensions ['colcon_pkg']
[0.564s] Level 1:colcon.colcon_core.package_identification:_identify(src/people_msgs/people_msgs) by extension 'colcon_pkg'
[0.564s] Level 1:colcon.colcon_core.package_identification:_identify(src/people_msgs/people_msgs) by extensions ['colcon_meta']
[0.564s] Level 1:colcon.colcon_core.package_identification:_identify(src/people_msgs/people_msgs) by extension 'colcon_meta'
[0.564s] Level 1:colcon.colcon_core.package_identification:_identify(src/people_msgs/people_msgs) by extensions ['ros']
[0.564s] Level 1:colcon.colcon_core.package_identification:_identify(src/people_msgs/people_msgs) by extension 'ros'
[0.565s] DEBUG:colcon.colcon_core.package_identification:Package 'src/people_msgs/people_msgs' with type 'ros.ament_cmake' and name 'people_msgs'
[0.566s] Level 1:colcon.colcon_core.package_identification:_identify(src/people_msgs/people_tracking_filter) by extensions ['ignore', 'ignore_ament_install']
[0.566s] Level 1:colcon.colcon_core.package_identification:_identify(src/people_msgs/people_tracking_filter) by extension 'ignore'
[0.566s] Level 1:colcon.colcon_core.package_identification:_identify(src/people_msgs/people_tracking_filter) ignored
[0.566s] Level 1:colcon.colcon_core.package_identification:_identify(src/people_msgs/people_velocity_tracker) by extensions ['ignore', 'ignore_ament_install']
[0.566s] Level 1:colcon.colcon_core.package_identification:_identify(src/people_msgs/people_velocity_tracker) by extension 'ignore'
[0.566s] Level 1:colcon.colcon_core.package_identification:_identify(src/people_msgs/people_velocity_tracker) ignored
[0.567s] Level 1:colcon.colcon_core.package_discovery:discover_packages(recursive) using defaults
[0.567s] Level 1:colcon.colcon_core.package_discovery:discover_packages(ignore) discover
[0.567s] Level 1:colcon.colcon_core.package_discovery:discover_packages(ignore) using defaults
[0.567s] Level 1:colcon.colcon_core.package_discovery:discover_packages(path) discover
[0.567s] Level 1:colcon.colcon_core.package_discovery:discover_packages(path) using defaults
[0.627s] Level 1:colcon.colcon_core.package_discovery:discover_packages(prefix_path) check parameters
[0.628s] Level 1:colcon.colcon_core.package_discovery:discover_packages(prefix_path) discover
[0.630s] DEBUG:colcon.colcon_installed_package_information.package_discovery:Found 2 installed packages in /home/administrator/code/nmpc_ws/install
[0.633s] DEBUG:colcon.colcon_installed_package_information.package_discovery:Found 400 installed packages in /opt/ros/humble
[0.636s] Level 1:colcon.colcon_core.package_discovery:discover_packages(prefix_path) using defaults
[0.733s] Level 5:colcon.colcon_core.verb:set package 'people_msgs' build argument 'cmake_args' from command line to 'None'
[0.733s] Level 5:colcon.colcon_core.verb:set package 'people_msgs' build argument 'cmake_target' from command line to 'None'
[0.733s] Level 5:colcon.colcon_core.verb:set package 'people_msgs' build argument 'cmake_target_skip_unavailable' from command line to 'False'
[0.734s] Level 5:colcon.colcon_core.verb:set package 'people_msgs' build argument 'cmake_clean_cache' from command line to 'False'
[0.734s] Level 5:colcon.colcon_core.verb:set package 'people_msgs' build argument 'cmake_clean_first' from command line to 'False'
[0.734s] Level 5:colcon.colcon_core.verb:set package 'people_msgs' build argument 'cmake_force_configure' from command line to 'False'
[0.734s] Level 5:colcon.colcon_core.verb:set package 'people_msgs' build argument 'ament_cmake_args' from command line to 'None'
[0.734s] Level 5:colcon.colcon_core.verb:set package 'people_msgs' build argument 'catkin_cmake_args' from command line to 'None'
[0.734s] Level 5:colcon.colcon_core.verb:set package 'people_msgs' build argument 'catkin_skip_building_tests' from command line to 'False'
[0.734s] DEBUG:colcon.colcon_core.verb:Building package 'people_msgs' with the following arguments: {'ament_cmake_args': None, 'build_base': '/home/administrator/code/nmpc_ws/build/people_msgs', 'catkin_cmake_args': None, 'catkin_skip_building_tests': False, 'cmake_args': None, 'cmake_clean_cache': False, 'cmake_clean_first': False, 'cmake_force_configure': False, 'cmake_target': None, 'cmake_target_skip_unavailable': False, 'install_base': '/home/administrator/code/nmpc_ws/install/people_msgs', 'merge_install': False, 'path': '/home/administrator/code/nmpc_ws/src/people_msgs/people_msgs', 'symlink_install': False, 'test_result_base': None}
[0.735s] Level 5:colcon.colcon_core.verb:set package 'nmpc_pkg' build argument 'cmake_args' from command line to 'None'
[0.735s] Level 5:colcon.colcon_core.verb:set package 'nmpc_pkg' build argument 'cmake_target' from command line to 'None'
[0.735s] Level 5:colcon.colcon_core.verb:set package 'nmpc_pkg' build argument 'cmake_target_skip_unavailable' from command line to 'False'
[0.735s] Level 5:colcon.colcon_core.verb:set package 'nmpc_pkg' build argument 'cmake_clean_cache' from command line to 'False'
[0.736s] Level 5:colcon.colcon_core.verb:set package 'nmpc_pkg' build argument 'cmake_clean_first' from command line to 'False'
[0.736s] Level 5:colcon.colcon_core.verb:set package 'nmpc_pkg' build argument 'cmake_force_configure' from command line to 'False'
[0.736s] Level 5:colcon.colcon_core.verb:set package 'nmpc_pkg' build argument 'ament_cmake_args' from command line to 'None'
[0.736s] Level 5:colcon.colcon_core.verb:set package 'nmpc_pkg' build argument 'catkin_cmake_args' from command line to 'None'
[0.736s] Level 5:colcon.colcon_core.verb:set package 'nmpc_pkg' build argument 'catkin_skip_building_tests' from command line to 'False'
[0.736s] DEBUG:colcon.colcon_core.verb:Building package 'nmpc_pkg' with the following arguments: {'ament_cmake_args': None, 'build_base': '/home/administrator/code/nmpc_ws/build/nmpc_pkg', 'catkin_cmake_args': None, 'catkin_skip_building_tests': False, 'cmake_args': None, 'cmake_clean_cache': False, 'cmake_clean_first': False, 'cmake_force_configure': False, 'cmake_target': None, 'cmake_target_skip_unavailable': False, 'install_base': '/home/administrator/code/nmpc_ws/install/nmpc_pkg', 'merge_install': False, 'path': '/home/administrator/code/nmpc_ws/src/nmpc_pkg', 'symlink_install': False, 'test_result_base': None}
[0.736s] INFO:colcon.colcon_core.executor:Executing jobs using 'parallel' executor
[0.741s] DEBUG:colcon.colcon_parallel_executor.executor.parallel:run_until_complete
[0.742s] INFO:colcon.colcon_ros.task.ament_cmake.build:Building ROS package in '/home/administrator/code/nmpc_ws/src/people_msgs/people_msgs' with build type 'ament_cmake'
[0.742s] INFO:colcon.colcon_cmake.task.cmake.build:Building CMake package in '/home/administrator/code/nmpc_ws/src/people_msgs/people_msgs'
[0.747s] INFO:colcon.colcon_core.plugin_system:Skipping extension 'colcon_core.shell.bat': Not used on non-Windows systems
[0.748s] INFO:colcon.colcon_core.shell:Skip shell extension 'powershell' for command environment: Not usable outside of PowerShell
[0.748s] DEBUG:colcon.colcon_core.shell:Skip shell extension 'dsv' for command environment
[0.772s] DEBUG:colcon.colcon_core.event_handler.log_command:Invoking command in '/home/administrator/code/nmpc_ws/build/people_msgs': CMAKE_PREFIX_PATH=${CMAKE_PREFIX_PATH}:/home/administrator/code/nmpc_ws/install/nmpc_pkg:/opt/ros/humble /usr/bin/cmake --build /home/administrator/code/nmpc_ws/build/people_msgs -- -j4 -l4
[1.929s] DEBUG:colcon.colcon_core.event_handler.log_command:Invoked command in '/home/administrator/code/nmpc_ws/build/people_msgs' returned '0': CMAKE_PREFIX_PATH=${CMAKE_PREFIX_PATH}:/home/administrator/code/nmpc_ws/install/nmpc_pkg:/opt/ros/humble /usr/bin/cmake --build /home/administrator/code/nmpc_ws/build/people_msgs -- -j4 -l4
[1.943s] DEBUG:colcon.colcon_core.event_handler.log_command:Invoking command in '/home/administrator/code/nmpc_ws/build/people_msgs': CMAKE_PREFIX_PATH=${CMAKE_PREFIX_PATH}:/home/administrator/code/nmpc_ws/install/nmpc_pkg:/opt/ros/humble /usr/bin/cmake --install /home/administrator/code/nmpc_ws/build/people_msgs
[2.131s] Level 1:colcon.colcon_core.environment:create_environment_scripts_only(people_msgs)
[2.132s] DEBUG:colcon.colcon_core.event_handler.log_command:Invoked command in '/home/administrator/code/nmpc_ws/build/people_msgs' returned '0': CMAKE_PREFIX_PATH=${CMAKE_PREFIX_PATH}:/home/administrator/code/nmpc_ws/install/nmpc_pkg:/opt/ros/humble /usr/bin/cmake --install /home/administrator/code/nmpc_ws/build/people_msgs
[2.136s] Level 1:colcon.colcon_core.environment:checking '/home/administrator/code/nmpc_ws/install/people_msgs' for CMake module files
[2.137s] Level 1:colcon.colcon_core.environment:checking '/home/administrator/code/nmpc_ws/install/people_msgs' for CMake config files
[2.139s] Level 1:colcon.colcon_core.shell:create_environment_hook('people_msgs', 'cmake_prefix_path')
[2.139s] INFO:colcon.colcon_core.shell:Creating environment hook '/home/administrator/code/nmpc_ws/install/people_msgs/share/people_msgs/hook/cmake_prefix_path.ps1'
[2.142s] INFO:colcon.colcon_core.shell:Creating environment descriptor '/home/administrator/code/nmpc_ws/install/people_msgs/share/people_msgs/hook/cmake_prefix_path.dsv'
[2.143s] INFO:colcon.colcon_core.shell:Creating environment hook '/home/administrator/code/nmpc_ws/install/people_msgs/share/people_msgs/hook/cmake_prefix_path.sh'
[2.146s] Level 1:colcon.colcon_core.environment:checking '/home/administrator/code/nmpc_ws/install/people_msgs/lib'
[2.146s] Level 1:colcon.colcon_core.shell:create_environment_hook('people_msgs', 'ld_library_path_lib')
[2.147s] INFO:colcon.colcon_core.shell:Creating environment hook '/home/administrator/code/nmpc_ws/install/people_msgs/share/people_msgs/hook/ld_library_path_lib.ps1'
[2.148s] INFO:colcon.colcon_core.shell:Creating environment descriptor '/home/administrator/code/nmpc_ws/install/people_msgs/share/people_msgs/hook/ld_library_path_lib.dsv'
[2.148s] INFO:colcon.colcon_core.shell:Creating environment hook '/home/administrator/code/nmpc_ws/install/people_msgs/share/people_msgs/hook/ld_library_path_lib.sh'
[2.149s] Level 1:colcon.colcon_core.environment:checking '/home/administrator/code/nmpc_ws/install/people_msgs/bin'
[2.149s] Level 1:colcon.colcon_core.environment:checking '/home/administrator/code/nmpc_ws/install/people_msgs/lib/pkgconfig/people_msgs.pc'
[2.150s] Level 1:colcon.colcon_core.environment:checking '/home/administrator/code/nmpc_ws/install/people_msgs/lib/python3.10/site-packages'
[2.150s] Level 1:colcon.colcon_core.environment:checking '/home/administrator/code/nmpc_ws/install/people_msgs/bin'
[2.154s] INFO:colcon.colcon_core.shell:Creating package script '/home/administrator/code/nmpc_ws/install/people_msgs/share/people_msgs/package.ps1'
[2.160s] INFO:colcon.colcon_core.shell:Creating package descriptor '/home/administrator/code/nmpc_ws/install/people_msgs/share/people_msgs/package.dsv'
[2.162s] INFO:colcon.colcon_core.shell:Creating package script '/home/administrator/code/nmpc_ws/install/people_msgs/share/people_msgs/package.sh'
[2.163s] INFO:colcon.colcon_core.shell:Creating package script '/home/administrator/code/nmpc_ws/install/people_msgs/share/people_msgs/package.bash'
[2.165s] INFO:colcon.colcon_core.shell:Creating package script '/home/administrator/code/nmpc_ws/install/people_msgs/share/people_msgs/package.zsh'
[2.166s] Level 1:colcon.colcon_core.environment:create_file_with_runtime_dependencies(/home/administrator/code/nmpc_ws/install/people_msgs/share/colcon-core/packages/people_msgs)
[2.167s] Level 1:colcon.colcon_core.environment:create_environment_scripts_only(people_msgs)
[2.167s] Level 1:colcon.colcon_core.environment:checking '/home/administrator/code/nmpc_ws/install/people_msgs' for CMake module files
[2.168s] Level 1:colcon.colcon_core.environment:checking '/home/administrator/code/nmpc_ws/install/people_msgs' for CMake config files
[2.169s] Level 1:colcon.colcon_core.shell:create_environment_hook('people_msgs', 'cmake_prefix_path')
[2.169s] INFO:colcon.colcon_core.shell:Creating environment hook '/home/administrator/code/nmpc_ws/install/people_msgs/share/people_msgs/hook/cmake_prefix_path.ps1'
[2.170s] INFO:colcon.colcon_core.shell:Creating environment descriptor '/home/administrator/code/nmpc_ws/install/people_msgs/share/people_msgs/hook/cmake_prefix_path.dsv'
[2.170s] INFO:colcon.colcon_core.shell:Creating environment hook '/home/administrator/code/nmpc_ws/install/people_msgs/share/people_msgs/hook/cmake_prefix_path.sh'
[2.175s] Level 1:colcon.colcon_core.environment:checking '/home/administrator/code/nmpc_ws/install/people_msgs/lib'
[2.176s] Level 1:colcon.colcon_core.shell:create_environment_hook('people_msgs', 'ld_library_path_lib')
[2.177s] INFO:colcon.colcon_core.shell:Creating environment hook '/home/administrator/code/nmpc_ws/install/people_msgs/share/people_msgs/hook/ld_library_path_lib.ps1'
[2.178s] INFO:colcon.colcon_core.shell:Creating environment descriptor '/home/administrator/code/nmpc_ws/install/people_msgs/share/people_msgs/hook/ld_library_path_lib.dsv'
[2.179s] INFO:colcon.colcon_core.shell:Creating environment hook '/home/administrator/code/nmpc_ws/install/people_msgs/share/people_msgs/hook/ld_library_path_lib.sh'
[2.180s] Level 1:colcon.colcon_core.environment:checking '/home/administrator/code/nmpc_ws/install/people_msgs/bin'
[2.180s] Level 1:colcon.colcon_core.environment:checking '/home/administrator/code/nmpc_ws/install/people_msgs/lib/pkgconfig/people_msgs.pc'
[2.180s] Level 1:colcon.colcon_core.environment:checking '/home/administrator/code/nmpc_ws/install/people_msgs/lib/python3.10/site-packages'
[2.181s] Level 1:colcon.colcon_core.environment:checking '/home/administrator/code/nmpc_ws/install/people_msgs/bin'
[2.181s] INFO:colcon.colcon_core.shell:Creating package script '/home/administrator/code/nmpc_ws/install/people_msgs/share/people_msgs/package.ps1'
[2.182s] INFO:colcon.colcon_core.shell:Creating package descriptor '/home/administrator/code/nmpc_ws/install/people_msgs/share/people_msgs/package.dsv'
[2.184s] INFO:colcon.colcon_core.shell:Creating package script '/home/administrator/code/nmpc_ws/install/people_msgs/share/people_msgs/package.sh'
[2.186s] INFO:colcon.colcon_core.shell:Creating package script '/home/administrator/code/nmpc_ws/install/people_msgs/share/people_msgs/package.bash'
[2.187s] INFO:colcon.colcon_core.shell:Creating package script '/home/administrator/code/nmpc_ws/install/people_msgs/share/people_msgs/package.zsh'
[2.189s] Level 1:colcon.colcon_core.environment:create_file_with_runtime_dependencies(/home/administrator/code/nmpc_ws/install/people_msgs/share/colcon-core/packages/people_msgs)
[2.190s] INFO:colcon.colcon_ros.task.ament_python.build:Building ROS package in '/home/administrator/code/nmpc_ws/src/nmpc_pkg' with build type 'ament_python'
[2.191s] Level 1:colcon.colcon_core.shell:create_environment_hook('nmpc_pkg', 'ament_prefix_path')
[2.191s] INFO:colcon.colcon_core.shell:Creating environment hook '/home/administrator/code/nmpc_ws/install/nmpc_pkg/share/nmpc_pkg/hook/ament_prefix_path.ps1'
[2.193s] INFO:colcon.colcon_core.shell:Creating environment descriptor '/home/administrator/code/nmpc_ws/install/nmpc_pkg/share/nmpc_pkg/hook/ament_prefix_path.dsv'
[2.194s] INFO:colcon.colcon_core.shell:Creating environment hook '/home/administrator/code/nmpc_ws/install/nmpc_pkg/share/nmpc_pkg/hook/ament_prefix_path.sh'
[2.195s] INFO:colcon.colcon_core.shell:Skip shell extension 'powershell' for command environment: Not usable outside of PowerShell
[2.195s] DEBUG:colcon.colcon_core.shell:Skip shell extension 'dsv' for command environment
[2.755s] INFO:colcon.colcon_core.task.python.build:Building Python package in '/home/administrator/code/nmpc_ws/src/nmpc_pkg'
[2.756s] INFO:colcon.colcon_core.shell:Skip shell extension 'powershell' for command environment: Not usable outside of PowerShell
[2.756s] DEBUG:colcon.colcon_core.shell:Skip shell extension 'dsv' for command environment
[3.693s] DEBUG:colcon.colcon_core.event_handler.log_command:Invoking command in '/home/administrator/code/nmpc_ws/src/nmpc_pkg': PYTHONPATH=/home/administrator/code/nmpc_ws/build/nmpc_pkg/prefix_override:/usr/lib/python3/dist-packages/colcon_core/task/python/colcon_distutils_commands:/home/administrator/code/nmpc_ws/install/nmpc_pkg/lib/python3.10/site-packages:${PYTHONPATH} /usr/bin/python3 -W ignore:setup.py install is deprecated -W ignore:easy_install command is deprecated setup.py egg_info --egg-base ../../build/nmpc_pkg build --build-base /home/administrator/code/nmpc_ws/build/nmpc_pkg/build install --record /home/administrator/code/nmpc_ws/build/nmpc_pkg/install.log --single-version-externally-managed install_data
[4.565s] Level 1:colcon.colcon_core.environment:checking '/home/administrator/code/nmpc_ws/install/nmpc_pkg' for CMake module files
[4.566s] Level 1:colcon.colcon_core.environment:checking '/home/administrator/code/nmpc_ws/install/nmpc_pkg' for CMake config files
[4.566s] DEBUG:colcon.colcon_core.event_handler.log_command:Invoked command in '/home/administrator/code/nmpc_ws/src/nmpc_pkg' returned '0': PYTHONPATH=/home/administrator/code/nmpc_ws/build/nmpc_pkg/prefix_override:/usr/lib/python3/dist-packages/colcon_core/task/python/colcon_distutils_commands:/home/administrator/code/nmpc_ws/install/nmpc_pkg/lib/python3.10/site-packages:${PYTHONPATH} /usr/bin/python3 -W ignore:setup.py install is deprecated -W ignore:easy_install command is deprecated setup.py egg_info --egg-base ../../build/nmpc_pkg build --build-base /home/administrator/code/nmpc_ws/build/nmpc_pkg/build install --record /home/administrator/code/nmpc_ws/build/nmpc_pkg/install.log --single-version-externally-managed install_data
[4.567s] Level 1:colcon.colcon_core.environment:checking '/home/administrator/code/nmpc_ws/install/nmpc_pkg/lib'
[4.567s] Level 1:colcon.colcon_core.environment:checking '/home/administrator/code/nmpc_ws/install/nmpc_pkg/bin'
[4.568s] Level 1:colcon.colcon_core.environment:checking '/home/administrator/code/nmpc_ws/install/nmpc_pkg/lib/pkgconfig/nmpc_pkg.pc'
[4.568s] Level 1:colcon.colcon_core.environment:checking '/home/administrator/code/nmpc_ws/install/nmpc_pkg/lib/python3.10/site-packages'
[4.568s] Level 1:colcon.colcon_core.shell:create_environment_hook('nmpc_pkg', 'pythonpath')
[4.569s] INFO:colcon.colcon_core.shell:Creating environment hook '/home/administrator/code/nmpc_ws/install/nmpc_pkg/share/nmpc_pkg/hook/pythonpath.ps1'
[4.570s] INFO:colcon.colcon_core.shell:Creating environment descriptor '/home/administrator/code/nmpc_ws/install/nmpc_pkg/share/nmpc_pkg/hook/pythonpath.dsv'
[4.571s] INFO:colcon.colcon_core.shell:Creating environment hook '/home/administrator/code/nmpc_ws/install/nmpc_pkg/share/nmpc_pkg/hook/pythonpath.sh'
[4.572s] Level 1:colcon.colcon_core.environment:checking '/home/administrator/code/nmpc_ws/install/nmpc_pkg/bin'
[4.572s] Level 1:colcon.colcon_core.environment:create_environment_scripts_only(nmpc_pkg)
[4.573s] INFO:colcon.colcon_core.shell:Creating package script '/home/administrator/code/nmpc_ws/install/nmpc_pkg/share/nmpc_pkg/package.ps1'
[4.574s] INFO:colcon.colcon_core.shell:Creating package descriptor '/home/administrator/code/nmpc_ws/install/nmpc_pkg/share/nmpc_pkg/package.dsv'
[4.574s] INFO:colcon.colcon_core.shell:Creating package script '/home/administrator/code/nmpc_ws/install/nmpc_pkg/share/nmpc_pkg/package.sh'
[4.575s] INFO:colcon.colcon_core.shell:Creating package script '/home/administrator/code/nmpc_ws/install/nmpc_pkg/share/nmpc_pkg/package.bash'
[4.576s] INFO:colcon.colcon_core.shell:Creating package script '/home/administrator/code/nmpc_ws/install/nmpc_pkg/share/nmpc_pkg/package.zsh'
[4.576s] Level 1:colcon.colcon_core.environment:create_file_with_runtime_dependencies(/home/administrator/code/nmpc_ws/install/nmpc_pkg/share/colcon-core/packages/nmpc_pkg)
[4.577s] DEBUG:colcon.colcon_parallel_executor.executor.parallel:closing loop
[4.577s] DEBUG:colcon.colcon_parallel_executor.executor.parallel:loop closed
[4.577s] DEBUG:colcon.colcon_parallel_executor.executor.parallel:run_until_complete finished with '0'
[4.577s] DEBUG:colcon.colcon_core.event_reactor:joining thread
[4.591s] INFO:colcon.colcon_core.plugin_system:Skipping extension 'colcon_notification.desktop_notification.notify_send': Could not find 'notify-send'
[4.592s] INFO:colcon.colcon_core.plugin_system:Skipping extension 'colcon_notification.desktop_notification.terminal_notifier': Not used on non-Darwin systems
[4.592s] INFO:colcon.colcon_core.plugin_system:Skipping extension 'colcon_notification.desktop_notification.win32': Not used on non-Windows systems
[4.592s] INFO:colcon.colcon_notification.desktop_notification:Sending desktop notification using 'notify2'
[4.593s] DEBUG:colcon.colcon_notification.desktop_notification.notify2:Failed to initialize notify2: org.freedesktop.DBus.Error.ServiceUnknown: The name org.freedesktop.Notifications was not provided by any .service files
[4.594s] DEBUG:colcon.colcon_core.event_reactor:joined thread
[4.595s] INFO:colcon.colcon_core.shell:Creating prefix script '/home/administrator/code/nmpc_ws/install/local_setup.ps1'
[4.599s] INFO:colcon.colcon_core.shell:Creating prefix util module '/home/administrator/code/nmpc_ws/install/_local_setup_util_ps1.py'
[4.603s] INFO:colcon.colcon_core.shell:Creating prefix chain script '/home/administrator/code/nmpc_ws/install/setup.ps1'
[4.606s] INFO:colcon.colcon_core.shell:Creating prefix script '/home/administrator/code/nmpc_ws/install/local_setup.sh'
[4.619s] INFO:colcon.colcon_core.shell:Creating prefix util module '/home/administrator/code/nmpc_ws/install/_local_setup_util_sh.py'
[4.620s] INFO:colcon.colcon_core.shell:Creating prefix chain script '/home/administrator/code/nmpc_ws/install/setup.sh'
[4.623s] INFO:colcon.colcon_core.shell:Creating prefix script '/home/administrator/code/nmpc_ws/install/local_setup.bash'
[4.624s] INFO:colcon.colcon_core.shell:Creating prefix chain script '/home/administrator/code/nmpc_ws/install/setup.bash'
[4.629s] INFO:colcon.colcon_core.shell:Creating prefix script '/home/administrator/code/nmpc_ws/install/local_setup.zsh'
[4.630s] INFO:colcon.colcon_core.shell:Creating prefix chain script '/home/administrator/code/nmpc_ws/install/setup.zsh'
