running egg_info
creating ../../build/nmpc_pkg/nmpc_pkg.egg-info
writing ../../build/nmpc_pkg/nmpc_pkg.egg-info/PKG-INFO
writing dependency_links to ../../build/nmpc_pkg/nmpc_pkg.egg-info/dependency_links.txt
writing entry points to ../../build/nmpc_pkg/nmpc_pkg.egg-info/entry_points.txt
writing requirements to ../../build/nmpc_pkg/nmpc_pkg.egg-info/requires.txt
writing top-level names to ../../build/nmpc_pkg/nmpc_pkg.egg-info/top_level.txt
writing manifest file '../../build/nmpc_pkg/nmpc_pkg.egg-info/SOURCES.txt'
reading manifest file '../../build/nmpc_pkg/nmpc_pkg.egg-info/SOURCES.txt'
writing manifest file '../../build/nmpc_pkg/nmpc_pkg.egg-info/SOURCES.txt'
running build
running build_py
creating /home/administrator/code/nmpc_ws/build/nmpc_pkg/build
creating /home/administrator/code/nmpc_ws/build/nmpc_pkg/build/lib
creating /home/administrator/code/nmpc_ws/build/nmpc_pkg/build/lib/nmpc_pkg
copying nmpc_pkg/record.py -> /home/administrator/code/nmpc_ws/build/nmpc_pkg/build/lib/nmpc_pkg
copying nmpc_pkg/__init__.py -> /home/administrator/code/nmpc_ws/build/nmpc_pkg/build/lib/nmpc_pkg
copying nmpc_pkg/controller_node.py -> /home/administrator/code/nmpc_ws/build/nmpc_pkg/build/lib/nmpc_pkg
copying nmpc_pkg/gotostart.py -> /home/administrator/code/nmpc_ws/build/nmpc_pkg/build/lib/nmpc_pkg
copying nmpc_pkg/controller_class.py -> /home/administrator/code/nmpc_ws/build/nmpc_pkg/build/lib/nmpc_pkg
running install
running install_lib
creating /home/administrator/code/nmpc_ws/install/nmpc_pkg/lib/python3.10/site-packages/nmpc_pkg
copying /home/administrator/code/nmpc_ws/build/nmpc_pkg/build/lib/nmpc_pkg/record.py -> /home/administrator/code/nmpc_ws/install/nmpc_pkg/lib/python3.10/site-packages/nmpc_pkg
copying /home/administrator/code/nmpc_ws/build/nmpc_pkg/build/lib/nmpc_pkg/__init__.py -> /home/administrator/code/nmpc_ws/install/nmpc_pkg/lib/python3.10/site-packages/nmpc_pkg
copying /home/administrator/code/nmpc_ws/build/nmpc_pkg/build/lib/nmpc_pkg/controller_node.py -> /home/administrator/code/nmpc_ws/install/nmpc_pkg/lib/python3.10/site-packages/nmpc_pkg
copying /home/administrator/code/nmpc_ws/build/nmpc_pkg/build/lib/nmpc_pkg/gotostart.py -> /home/administrator/code/nmpc_ws/install/nmpc_pkg/lib/python3.10/site-packages/nmpc_pkg
copying /home/administrator/code/nmpc_ws/build/nmpc_pkg/build/lib/nmpc_pkg/controller_class.py -> /home/administrator/code/nmpc_ws/install/nmpc_pkg/lib/python3.10/site-packages/nmpc_pkg
byte-compiling /home/administrator/code/nmpc_ws/install/nmpc_pkg/lib/python3.10/site-packages/nmpc_pkg/record.py to record.cpython-310.pyc
byte-compiling /home/administrator/code/nmpc_ws/install/nmpc_pkg/lib/python3.10/site-packages/nmpc_pkg/__init__.py to __init__.cpython-310.pyc
byte-compiling /home/administrator/code/nmpc_ws/install/nmpc_pkg/lib/python3.10/site-packages/nmpc_pkg/controller_node.py to controller_node.cpython-310.pyc
byte-compiling /home/administrator/code/nmpc_ws/install/nmpc_pkg/lib/python3.10/site-packages/nmpc_pkg/gotostart.py to gotostart.cpython-310.pyc
byte-compiling /home/administrator/code/nmpc_ws/install/nmpc_pkg/lib/python3.10/site-packages/nmpc_pkg/controller_class.py to controller_class.cpython-310.pyc
running install_data
creating /home/administrator/code/nmpc_ws/install/nmpc_pkg/share/ament_index
creating /home/administrator/code/nmpc_ws/install/nmpc_pkg/share/ament_index/resource_index
creating /home/administrator/code/nmpc_ws/install/nmpc_pkg/share/ament_index/resource_index/packages
copying resource/nmpc_pkg -> /home/administrator/code/nmpc_ws/install/nmpc_pkg/share/ament_index/resource_index/packages
copying package.xml -> /home/administrator/code/nmpc_ws/install/nmpc_pkg/share/nmpc_pkg
running install_egg_info
Copying ../../build/nmpc_pkg/nmpc_pkg.egg-info to /home/administrator/code/nmpc_ws/install/nmpc_pkg/lib/python3.10/site-packages/nmpc_pkg-0.0.0-py3.10.egg-info
running install_scripts
Installing gotostart script to /home/administrator/code/nmpc_ws/install/nmpc_pkg/lib/nmpc_pkg
Installing nmpc_controller_node script to /home/administrator/code/nmpc_ws/install/nmpc_pkg/lib/nmpc_pkg
Installing record script to /home/administrator/code/nmpc_ws/install/nmpc_pkg/lib/nmpc_pkg
writing list of installed files to '/home/administrator/code/nmpc_ws/build/nmpc_pkg/install.log'
