[0.016s] Invoking command in '/home/administrator/code/nmpc_ws/build/people_msgs': CMAKE_PREFIX_PATH=/home/administrator/code/nmpc_ws/install/nmpc_pkg:/opt/ros/humble /usr/bin/cmake /home/administrator/code/nmpc_ws/src/people_msgs/people_msgs -DCMAKE_INSTALL_PREFIX=/home/administrator/code/nmpc_ws/install/people_msgs
[0.220s] -- The C compiler identification is GNU 11.4.0
[0.354s] -- The CXX compiler identification is GNU 11.4.0
[0.366s] -- Detecting C compiler ABI info
[0.454s] -- Detecting C compiler ABI info - done
[0.461s] -- Check for working C compiler: /usr/bin/cc - skipped
[0.462s] -- Detecting C compile features
[0.463s] -- Detecting C compile features - done
[0.467s] -- Detecting CXX compiler ABI info
[0.567s] -- Detecting CXX compiler ABI info - done
[0.577s] -- Check for working CXX compiler: /usr/bin/c++ - skipped
[0.577s] -- Detecting CXX compile features
[0.578s] -- Detecting CXX compile features - done
[0.586s] -- Found ament_cmake: 1.3.11 (/opt/ros/humble/share/ament_cmake/cmake)
[0.778s] -- Found Python3: /usr/bin/python3 (found version "3.10.12") found components: Interpreter 
[0.916s] -- Found rosidl_default_generators: 1.2.0 (/opt/ros/humble/share/rosidl_default_generators/cmake)
[0.922s] -- Using all available rosidl_typesupport_c: rosidl_typesupport_fastrtps_c;rosidl_typesupport_introspection_c
[0.934s] -- Found rosidl_adapter: 3.1.6 (/opt/ros/humble/share/rosidl_adapter/cmake)
[1.000s] -- Using all available rosidl_typesupport_cpp: rosidl_typesupport_fastrtps_cpp;rosidl_typesupport_introspection_cpp
[1.057s] -- Found geometry_msgs: 4.8.0 (/opt/ros/humble/share/geometry_msgs/cmake)
[1.510s] -- Found ament_cmake_cppcheck: 0.12.12 (/opt/ros/humble/share/ament_cmake_cppcheck/cmake)
[1.514s] -- Found ament_cmake_cpplint: 0.12.12 (/opt/ros/humble/share/ament_cmake_cpplint/cmake)
[1.517s] -- Found ament_cmake_uncrustify: 0.12.12 (/opt/ros/humble/share/ament_cmake_uncrustify/cmake)
[1.522s] -- Found ament_cmake_ros: 0.10.0 (/opt/ros/humble/share/ament_cmake_ros/cmake)
[1.846s] -- Using all available rosidl_typesupport_c: rosidl_typesupport_fastrtps_c;rosidl_typesupport_introspection_c
[2.265s] -- Using all available rosidl_typesupport_cpp: rosidl_typesupport_fastrtps_cpp;rosidl_typesupport_introspection_cpp
[2.295s] -- Found PythonInterp: /usr/bin/python3 (found suitable version "3.10.12", minimum required is "3.6") 
[2.296s] -- Found python_cmake_module: 0.10.0 (/opt/ros/humble/share/python_cmake_module/cmake)
[2.332s] -- Found PythonLibs: /usr/lib/x86_64-linux-gnu/libpython3.10.so (found suitable version "3.10.12", minimum required is "3.5") 
[2.332s] -- Using PYTHON_EXECUTABLE: /usr/bin/python3
[2.333s] -- Using PYTHON_INCLUDE_DIRS: /usr/include/python3.10
[2.333s] -- Using PYTHON_LIBRARIES: /usr/lib/x86_64-linux-gnu/libpython3.10.so
[2.356s] -- Found PythonExtra: .so  
[2.440s] -- Found ament_cmake_flake8: 0.12.12 (/opt/ros/humble/share/ament_cmake_flake8/cmake)
[2.443s] -- Found ament_cmake_pep257: 0.12.12 (/opt/ros/humble/share/ament_cmake_pep257/cmake)
[2.448s] -- Found ament_lint_auto: 0.12.12 (/opt/ros/humble/share/ament_lint_auto/cmake)
[2.476s] -- Added test 'copyright' to check source files copyright and LICENSE
[2.477s] -- Added test 'lint_cmake' to check CMake code style
[2.477s] -- Added test 'xmllint' to check XML markup files
[2.481s] -- Configuring done
[2.533s] -- Generating done
[2.548s] -- Build files have been written to: /home/administrator/code/nmpc_ws/build/people_msgs
[2.561s] Invoked command in '/home/administrator/code/nmpc_ws/build/people_msgs' returned '0': CMAKE_PREFIX_PATH=/home/administrator/code/nmpc_ws/install/nmpc_pkg:/opt/ros/humble /usr/bin/cmake /home/administrator/code/nmpc_ws/src/people_msgs/people_msgs -DCMAKE_INSTALL_PREFIX=/home/administrator/code/nmpc_ws/install/people_msgs
[2.563s] Invoking command in '/home/administrator/code/nmpc_ws/build/people_msgs': CMAKE_PREFIX_PATH=/home/administrator/code/nmpc_ws/install/nmpc_pkg:/opt/ros/humble /usr/bin/cmake --build /home/administrator/code/nmpc_ws/build/people_msgs -- -j4 -l4
[2.606s] [  1%] [34m[1mGenerating C code for ROS interfaces[0m
[2.626s] [  3%] [34m[1mGenerating C++ code for ROS interfaces[0m
[2.642s] [  3%] Built target ament_cmake_python_copy_people_msgs
[3.151s] running egg_info
[3.153s] creating people_msgs.egg-info
[3.153s] writing people_msgs.egg-info/PKG-INFO
[3.153s] writing dependency_links to people_msgs.egg-info/dependency_links.txt
[3.154s] writing top-level names to people_msgs.egg-info/top_level.txt
[3.154s] writing manifest file 'people_msgs.egg-info/SOURCES.txt'
[3.157s] reading manifest file 'people_msgs.egg-info/SOURCES.txt'
[3.158s] writing manifest file 'people_msgs.egg-info/SOURCES.txt'
[3.208s] [  3%] Built target ament_cmake_python_build_people_msgs_egg
[3.584s] [  3%] Built target people_msgs__cpp
[3.596s] [  4%] [34m[1mGenerating C++ type support dispatch for ROS interfaces[0m
[3.597s] [  6%] [34m[1mGenerating C++ type support for eProsima Fast-RTPS[0m
[3.610s] [  7%] [32mBuilding C object CMakeFiles/people_msgs__rosidl_generator_c.dir/rosidl_generator_c/people_msgs/msg/detail/people__functions.c.o[0m
[3.612s] [  9%] [34m[1mGenerating C++ introspection for ROS interfaces[0m
[3.745s] [ 11%] [32mBuilding C object CMakeFiles/people_msgs__rosidl_generator_c.dir/rosidl_generator_c/people_msgs/msg/detail/person__functions.c.o[0m
[3.855s] [ 12%] [32mBuilding C object CMakeFiles/people_msgs__rosidl_generator_c.dir/rosidl_generator_c/people_msgs/msg/detail/person_stamped__functions.c.o[0m
[3.951s] [ 14%] [32mBuilding C object CMakeFiles/people_msgs__rosidl_generator_c.dir/rosidl_generator_c/people_msgs/msg/detail/position_measurement__functions.c.o[0m
[4.054s] [ 15%] [32mBuilding C object CMakeFiles/people_msgs__rosidl_generator_c.dir/rosidl_generator_c/people_msgs/msg/detail/position_measurement_array__functions.c.o[0m
[4.156s] [ 17%] [32m[1mLinking C shared library libpeople_msgs__rosidl_generator_c.so[0m
[4.226s] [ 17%] Built target people_msgs__rosidl_generator_c
[4.245s] [ 19%] [34m[1mGenerating C type support for eProsima Fast-RTPS[0m
[4.518s] [ 20%] [32mBuilding CXX object CMakeFiles/people_msgs__rosidl_typesupport_cpp.dir/rosidl_typesupport_cpp/people_msgs/msg/people__type_support.cpp.o[0m
[4.740s] [ 22%] [32mBuilding CXX object CMakeFiles/people_msgs__rosidl_typesupport_introspection_cpp.dir/rosidl_typesupport_introspection_cpp/people_msgs/msg/detail/people__type_support.cpp.o[0m
[4.797s] [ 23%] [32mBuilding CXX object CMakeFiles/people_msgs__rosidl_typesupport_fastrtps_cpp.dir/rosidl_typesupport_fastrtps_cpp/people_msgs/msg/detail/dds_fastrtps/people__type_support.cpp.o[0m
[5.126s] [ 25%] [32mBuilding CXX object CMakeFiles/people_msgs__rosidl_typesupport_cpp.dir/rosidl_typesupport_cpp/people_msgs/msg/person__type_support.cpp.o[0m
[5.512s] [ 26%] [32mBuilding CXX object CMakeFiles/people_msgs__rosidl_typesupport_fastrtps_c.dir/rosidl_typesupport_fastrtps_c/people_msgs/msg/detail/people__type_support_c.cpp.o[0m
[5.677s] [ 28%] [32mBuilding CXX object CMakeFiles/people_msgs__rosidl_typesupport_cpp.dir/rosidl_typesupport_cpp/people_msgs/msg/person_stamped__type_support.cpp.o[0m
[5.704s] [ 30%] [32mBuilding CXX object CMakeFiles/people_msgs__rosidl_typesupport_introspection_cpp.dir/rosidl_typesupport_introspection_cpp/people_msgs/msg/detail/person__type_support.cpp.o[0m
[5.776s] [ 31%] [32mBuilding CXX object CMakeFiles/people_msgs__rosidl_typesupport_fastrtps_cpp.dir/rosidl_typesupport_fastrtps_cpp/people_msgs/msg/detail/dds_fastrtps/person__type_support.cpp.o[0m
[6.242s] [ 33%] [32mBuilding CXX object CMakeFiles/people_msgs__rosidl_typesupport_fastrtps_c.dir/rosidl_typesupport_fastrtps_c/people_msgs/msg/detail/person__type_support_c.cpp.o[0m
[6.257s] [ 34%] [32mBuilding CXX object CMakeFiles/people_msgs__rosidl_typesupport_cpp.dir/rosidl_typesupport_cpp/people_msgs/msg/position_measurement__type_support.cpp.o[0m
[6.574s] [ 36%] [32mBuilding CXX object CMakeFiles/people_msgs__rosidl_typesupport_introspection_cpp.dir/rosidl_typesupport_introspection_cpp/people_msgs/msg/detail/person_stamped__type_support.cpp.o[0m
[6.814s] [ 38%] [32mBuilding CXX object CMakeFiles/people_msgs__rosidl_typesupport_fastrtps_cpp.dir/rosidl_typesupport_fastrtps_cpp/people_msgs/msg/detail/dds_fastrtps/person_stamped__type_support.cpp.o[0m
[6.834s] [ 39%] [32mBuilding CXX object CMakeFiles/people_msgs__rosidl_typesupport_cpp.dir/rosidl_typesupport_cpp/people_msgs/msg/position_measurement_array__type_support.cpp.o[0m
[6.964s] [ 41%] [32mBuilding CXX object CMakeFiles/people_msgs__rosidl_typesupport_fastrtps_c.dir/rosidl_typesupport_fastrtps_c/people_msgs/msg/detail/person_stamped__type_support_c.cpp.o[0m
[7.387s] [ 42%] [32mBuilding CXX object CMakeFiles/people_msgs__rosidl_typesupport_introspection_cpp.dir/rosidl_typesupport_introspection_cpp/people_msgs/msg/detail/position_measurement__type_support.cpp.o[0m
[7.415s] [ 44%] [32m[1mLinking CXX shared library libpeople_msgs__rosidl_typesupport_cpp.so[0m
[7.489s] [ 44%] Built target people_msgs__rosidl_typesupport_cpp
[7.517s] [ 46%] [34m[1mGenerating C introspection for ROS interfaces[0m
[7.669s] [ 47%] [32mBuilding CXX object CMakeFiles/people_msgs__rosidl_typesupport_fastrtps_cpp.dir/rosidl_typesupport_fastrtps_cpp/people_msgs/msg/detail/dds_fastrtps/position_measurement__type_support.cpp.o[0m
[7.707s] [ 49%] [32mBuilding CXX object CMakeFiles/people_msgs__rosidl_typesupport_fastrtps_c.dir/rosidl_typesupport_fastrtps_c/people_msgs/msg/detail/position_measurement__type_support_c.cpp.o[0m
[8.204s] [ 50%] [32mBuilding CXX object CMakeFiles/people_msgs__rosidl_typesupport_introspection_cpp.dir/rosidl_typesupport_introspection_cpp/people_msgs/msg/detail/position_measurement_array__type_support.cpp.o[0m
[8.448s] [ 52%] [32mBuilding CXX object CMakeFiles/people_msgs__rosidl_typesupport_fastrtps_c.dir/rosidl_typesupport_fastrtps_c/people_msgs/msg/detail/position_measurement_array__type_support_c.cpp.o[0m
[8.540s] [ 53%] [32mBuilding CXX object CMakeFiles/people_msgs__rosidl_typesupport_fastrtps_cpp.dir/rosidl_typesupport_fastrtps_cpp/people_msgs/msg/detail/dds_fastrtps/position_measurement_array__type_support.cpp.o[0m
[8.653s] [ 55%] [32mBuilding C object CMakeFiles/people_msgs__rosidl_typesupport_introspection_c.dir/rosidl_typesupport_introspection_c/people_msgs/msg/detail/people__type_support.c.o[0m
[8.744s] [ 57%] [32mBuilding C object CMakeFiles/people_msgs__rosidl_typesupport_introspection_c.dir/rosidl_typesupport_introspection_c/people_msgs/msg/detail/person__type_support.c.o[0m
[8.832s] [ 58%] [32mBuilding C object CMakeFiles/people_msgs__rosidl_typesupport_introspection_c.dir/rosidl_typesupport_introspection_c/people_msgs/msg/detail/person_stamped__type_support.c.o[0m
[8.891s] [ 60%] [32mBuilding C object CMakeFiles/people_msgs__rosidl_typesupport_introspection_c.dir/rosidl_typesupport_introspection_c/people_msgs/msg/detail/position_measurement__type_support.c.o[0m
[8.956s] [ 61%] [32mBuilding C object CMakeFiles/people_msgs__rosidl_typesupport_introspection_c.dir/rosidl_typesupport_introspection_c/people_msgs/msg/detail/position_measurement_array__type_support.c.o[0m
[9.053s] [ 63%] [32m[1mLinking C shared library libpeople_msgs__rosidl_typesupport_introspection_c.so[0m
[9.126s] [ 63%] Built target people_msgs__rosidl_typesupport_introspection_c
[9.146s] [ 65%] [34m[1mGenerating C type support dispatch for ROS interfaces[0m
[9.164s] [ 66%] [32m[1mLinking CXX shared library libpeople_msgs__rosidl_typesupport_fastrtps_c.so[0m
[9.168s] [ 68%] [32m[1mLinking CXX shared library libpeople_msgs__rosidl_typesupport_introspection_cpp.so[0m
[9.338s] [ 68%] Built target people_msgs__rosidl_typesupport_fastrtps_c
[9.367s] [ 68%] Built target people_msgs__rosidl_typesupport_introspection_cpp
[9.519s] [ 69%] [32m[1mLinking CXX shared library libpeople_msgs__rosidl_typesupport_fastrtps_cpp.so[0m
[9.637s] [ 69%] Built target people_msgs__rosidl_typesupport_fastrtps_cpp
[9.729s] [ 73%] [32mBuilding CXX object CMakeFiles/people_msgs__rosidl_typesupport_c.dir/rosidl_typesupport_c/people_msgs/msg/position_measurement__type_support.cpp.o[0m
[9.729s] [ 73%] [32mBuilding CXX object CMakeFiles/people_msgs__rosidl_typesupport_c.dir/rosidl_typesupport_c/people_msgs/msg/person_stamped__type_support.cpp.o[0m
[9.730s] [ 74%] [32mBuilding CXX object CMakeFiles/people_msgs__rosidl_typesupport_c.dir/rosidl_typesupport_c/people_msgs/msg/people__type_support.cpp.o[0m
[9.730s] [ 76%] [32mBuilding CXX object CMakeFiles/people_msgs__rosidl_typesupport_c.dir/rosidl_typesupport_c/people_msgs/msg/person__type_support.cpp.o[0m
[9.776s] [ 77%] [32mBuilding CXX object CMakeFiles/people_msgs__rosidl_typesupport_c.dir/rosidl_typesupport_c/people_msgs/msg/position_measurement_array__type_support.cpp.o[0m
[9.809s] [ 79%] [32m[1mLinking CXX shared library libpeople_msgs__rosidl_typesupport_c.so[0m
[9.857s] [ 79%] Built target people_msgs__rosidl_typesupport_c
[9.877s] [ 79%] Built target people_msgs
[9.897s] [ 80%] [34m[1mGenerating Python code for ROS interfaces[0m
[10.869s] [ 80%] Built target people_msgs__py
[10.893s] [ 84%] [32mBuilding C object CMakeFiles/people_msgs__rosidl_generator_py.dir/rosidl_generator_py/people_msgs/msg/_people_s.c.o[0m
[10.893s] [ 84%] [32mBuilding C object CMakeFiles/people_msgs__rosidl_generator_py.dir/rosidl_generator_py/people_msgs/msg/_person_stamped_s.c.o[0m
[10.893s] [ 85%] [32mBuilding C object CMakeFiles/people_msgs__rosidl_generator_py.dir/rosidl_generator_py/people_msgs/msg/_position_measurement_s.c.o[0m
[10.897s] [ 87%] [32mBuilding C object CMakeFiles/people_msgs__rosidl_generator_py.dir/rosidl_generator_py/people_msgs/msg/_person_s.c.o[0m
[11.121s] [ 88%] [32mBuilding C object CMakeFiles/people_msgs__rosidl_generator_py.dir/rosidl_generator_py/people_msgs/msg/_position_measurement_array_s.c.o[0m
[11.261s] [ 90%] [32m[1mLinking C shared library rosidl_generator_py/people_msgs/libpeople_msgs__rosidl_generator_py.so[0m
[11.309s] [ 90%] Built target people_msgs__rosidl_generator_py
[11.338s] [ 92%] [32mBuilding C object CMakeFiles/people_msgs__rosidl_typesupport_fastrtps_c__pyext.dir/rosidl_generator_py/people_msgs/_people_msgs_s.ep.rosidl_typesupport_fastrtps_c.c.o[0m
[11.339s] [ 93%] [32mBuilding C object CMakeFiles/people_msgs__rosidl_typesupport_introspection_c__pyext.dir/rosidl_generator_py/people_msgs/_people_msgs_s.ep.rosidl_typesupport_introspection_c.c.o[0m
[11.345s] [ 95%] [32mBuilding C object CMakeFiles/people_msgs__rosidl_typesupport_c__pyext.dir/rosidl_generator_py/people_msgs/_people_msgs_s.ep.rosidl_typesupport_c.c.o[0m
[11.508s] [ 96%] [32m[1mLinking C shared library rosidl_generator_py/people_msgs/people_msgs_s__rosidl_typesupport_fastrtps_c.cpython-310-x86_64-linux-gnu.so[0m
[11.512s] [ 98%] [32m[1mLinking C shared library rosidl_generator_py/people_msgs/people_msgs_s__rosidl_typesupport_introspection_c.cpython-310-x86_64-linux-gnu.so[0m
[11.560s] [100%] [32m[1mLinking C shared library rosidl_generator_py/people_msgs/people_msgs_s__rosidl_typesupport_c.cpython-310-x86_64-linux-gnu.so[0m
[11.569s] [100%] Built target people_msgs__rosidl_typesupport_fastrtps_c__pyext
[11.576s] [100%] Built target people_msgs__rosidl_typesupport_introspection_c__pyext
[11.604s] [100%] Built target people_msgs__rosidl_typesupport_c__pyext
[11.616s] Invoked command in '/home/administrator/code/nmpc_ws/build/people_msgs' returned '0': CMAKE_PREFIX_PATH=/home/administrator/code/nmpc_ws/install/nmpc_pkg:/opt/ros/humble /usr/bin/cmake --build /home/administrator/code/nmpc_ws/build/people_msgs -- -j4 -l4
[11.627s] Invoking command in '/home/administrator/code/nmpc_ws/build/people_msgs': CMAKE_PREFIX_PATH=/home/administrator/code/nmpc_ws/install/nmpc_pkg:/opt/ros/humble /usr/bin/cmake --install /home/administrator/code/nmpc_ws/build/people_msgs
[11.636s] -- Install configuration: ""
[11.637s] -- Installing: /home/administrator/code/nmpc_ws/install/people_msgs/share/ament_index/resource_index/rosidl_interfaces/people_msgs
[11.637s] -- Installing: /home/administrator/code/nmpc_ws/install/people_msgs/include/people_msgs/people_msgs
[11.637s] -- Installing: /home/administrator/code/nmpc_ws/install/people_msgs/include/people_msgs/people_msgs/msg
[11.638s] -- Installing: /home/administrator/code/nmpc_ws/install/people_msgs/include/people_msgs/people_msgs/msg/person_stamped.h
[11.638s] -- Installing: /home/administrator/code/nmpc_ws/install/people_msgs/include/people_msgs/people_msgs/msg/position_measurement.h
[11.638s] -- Installing: /home/administrator/code/nmpc_ws/install/people_msgs/include/people_msgs/people_msgs/msg/person.h
[11.638s] -- Installing: /home/administrator/code/nmpc_ws/install/people_msgs/include/people_msgs/people_msgs/msg/position_measurement_array.h
[11.639s] -- Installing: /home/administrator/code/nmpc_ws/install/people_msgs/include/people_msgs/people_msgs/msg/rosidl_generator_c__visibility_control.h
[11.639s] -- Installing: /home/administrator/code/nmpc_ws/install/people_msgs/include/people_msgs/people_msgs/msg/detail
[11.639s] -- Installing: /home/administrator/code/nmpc_ws/install/people_msgs/include/people_msgs/people_msgs/msg/detail/people__type_support.h
[11.639s] -- Installing: /home/administrator/code/nmpc_ws/install/people_msgs/include/people_msgs/people_msgs/msg/detail/position_measurement_array__type_support.h
[11.639s] -- Installing: /home/administrator/code/nmpc_ws/install/people_msgs/include/people_msgs/people_msgs/msg/detail/person__functions.h
[11.639s] -- Installing: /home/administrator/code/nmpc_ws/install/people_msgs/include/people_msgs/people_msgs/msg/detail/people__functions.h
[11.639s] -- Installing: /home/administrator/code/nmpc_ws/install/people_msgs/include/people_msgs/people_msgs/msg/detail/person_stamped__struct.h
[11.639s] -- Installing: /home/administrator/code/nmpc_ws/install/people_msgs/include/people_msgs/people_msgs/msg/detail/position_measurement__functions.h
[11.639s] -- Installing: /home/administrator/code/nmpc_ws/install/people_msgs/include/people_msgs/people_msgs/msg/detail/person__functions.c
[11.640s] -- Installing: /home/administrator/code/nmpc_ws/install/people_msgs/include/people_msgs/people_msgs/msg/detail/person__type_support.h
[11.640s] -- Installing: /home/administrator/code/nmpc_ws/install/people_msgs/include/people_msgs/people_msgs/msg/detail/position_measurement_array__struct.h
[11.640s] -- Installing: /home/administrator/code/nmpc_ws/install/people_msgs/include/people_msgs/people_msgs/msg/detail/person__struct.h
[11.640s] -- Installing: /home/administrator/code/nmpc_ws/install/people_msgs/include/people_msgs/people_msgs/msg/detail/position_measurement__functions.c
[11.640s] -- Installing: /home/administrator/code/nmpc_ws/install/people_msgs/include/people_msgs/people_msgs/msg/detail/person_stamped__functions.c
[11.640s] -- Installing: /home/administrator/code/nmpc_ws/install/people_msgs/include/people_msgs/people_msgs/msg/detail/position_measurement__type_support.h
[11.640s] -- Installing: /home/administrator/code/nmpc_ws/install/people_msgs/include/people_msgs/people_msgs/msg/detail/position_measurement_array__functions.h
[11.640s] -- Installing: /home/administrator/code/nmpc_ws/install/people_msgs/include/people_msgs/people_msgs/msg/detail/position_measurement__struct.h
[11.641s] -- Installing: /home/administrator/code/nmpc_ws/install/people_msgs/include/people_msgs/people_msgs/msg/detail/people__functions.c
[11.641s] -- Installing: /home/administrator/code/nmpc_ws/install/people_msgs/include/people_msgs/people_msgs/msg/detail/person_stamped__type_support.h
[11.641s] -- Installing: /home/administrator/code/nmpc_ws/install/people_msgs/include/people_msgs/people_msgs/msg/detail/people__struct.h
[11.641s] -- Installing: /home/administrator/code/nmpc_ws/install/people_msgs/include/people_msgs/people_msgs/msg/detail/person_stamped__functions.h
[11.641s] -- Installing: /home/administrator/code/nmpc_ws/install/people_msgs/include/people_msgs/people_msgs/msg/detail/position_measurement_array__functions.c
[11.641s] -- Installing: /home/administrator/code/nmpc_ws/install/people_msgs/include/people_msgs/people_msgs/msg/people.h
[11.641s] -- Installing: /home/administrator/code/nmpc_ws/install/people_msgs/share/people_msgs/environment/library_path.sh
[11.642s] -- Installing: /home/administrator/code/nmpc_ws/install/people_msgs/share/people_msgs/environment/library_path.dsv
[11.642s] -- Installing: /home/administrator/code/nmpc_ws/install/people_msgs/lib/libpeople_msgs__rosidl_generator_c.so
[11.643s] -- Set runtime path of "/home/administrator/code/nmpc_ws/install/people_msgs/lib/libpeople_msgs__rosidl_generator_c.so" to ""
[11.643s] -- Up-to-date: /home/administrator/code/nmpc_ws/install/people_msgs/include/people_msgs/people_msgs
[11.643s] -- Up-to-date: /home/administrator/code/nmpc_ws/install/people_msgs/include/people_msgs/people_msgs/msg
[11.643s] -- Installing: /home/administrator/code/nmpc_ws/install/people_msgs/include/people_msgs/people_msgs/msg/rosidl_typesupport_fastrtps_c__visibility_control.h
[11.643s] -- Up-to-date: /home/administrator/code/nmpc_ws/install/people_msgs/include/people_msgs/people_msgs/msg/detail
[11.643s] -- Installing: /home/administrator/code/nmpc_ws/install/people_msgs/include/people_msgs/people_msgs/msg/detail/people__rosidl_typesupport_fastrtps_c.h
[11.643s] -- Installing: /home/administrator/code/nmpc_ws/install/people_msgs/include/people_msgs/people_msgs/msg/detail/person__rosidl_typesupport_fastrtps_c.h
[11.643s] -- Installing: /home/administrator/code/nmpc_ws/install/people_msgs/include/people_msgs/people_msgs/msg/detail/position_measurement__rosidl_typesupport_fastrtps_c.h
[11.643s] -- Installing: /home/administrator/code/nmpc_ws/install/people_msgs/include/people_msgs/people_msgs/msg/detail/position_measurement_array__rosidl_typesupport_fastrtps_c.h
[11.644s] -- Installing: /home/administrator/code/nmpc_ws/install/people_msgs/include/people_msgs/people_msgs/msg/detail/person_stamped__rosidl_typesupport_fastrtps_c.h
[11.644s] -- Installing: /home/administrator/code/nmpc_ws/install/people_msgs/lib/libpeople_msgs__rosidl_typesupport_fastrtps_c.so
[11.644s] -- Set runtime path of "/home/administrator/code/nmpc_ws/install/people_msgs/lib/libpeople_msgs__rosidl_typesupport_fastrtps_c.so" to ""
[11.644s] -- Up-to-date: /home/administrator/code/nmpc_ws/install/people_msgs/include/people_msgs/people_msgs
[11.645s] -- Up-to-date: /home/administrator/code/nmpc_ws/install/people_msgs/include/people_msgs/people_msgs/msg
[11.645s] -- Installing: /home/administrator/code/nmpc_ws/install/people_msgs/include/people_msgs/people_msgs/msg/rosidl_typesupport_introspection_c__visibility_control.h
[11.645s] -- Up-to-date: /home/administrator/code/nmpc_ws/install/people_msgs/include/people_msgs/people_msgs/msg/detail
[11.645s] -- Installing: /home/administrator/code/nmpc_ws/install/people_msgs/include/people_msgs/people_msgs/msg/detail/person_stamped__rosidl_typesupport_introspection_c.h
[11.645s] -- Installing: /home/administrator/code/nmpc_ws/install/people_msgs/include/people_msgs/people_msgs/msg/detail/position_measurement__rosidl_typesupport_introspection_c.h
[11.645s] -- Installing: /home/administrator/code/nmpc_ws/install/people_msgs/include/people_msgs/people_msgs/msg/detail/position_measurement__type_support.c
[11.646s] -- Installing: /home/administrator/code/nmpc_ws/install/people_msgs/include/people_msgs/people_msgs/msg/detail/person__rosidl_typesupport_introspection_c.h
[11.646s] -- Installing: /home/administrator/code/nmpc_ws/install/people_msgs/include/people_msgs/people_msgs/msg/detail/person_stamped__type_support.c
[11.646s] -- Installing: /home/administrator/code/nmpc_ws/install/people_msgs/include/people_msgs/people_msgs/msg/detail/people__rosidl_typesupport_introspection_c.h
[11.646s] -- Installing: /home/administrator/code/nmpc_ws/install/people_msgs/include/people_msgs/people_msgs/msg/detail/person__type_support.c
[11.646s] -- Installing: /home/administrator/code/nmpc_ws/install/people_msgs/include/people_msgs/people_msgs/msg/detail/position_measurement_array__rosidl_typesupport_introspection_c.h
[11.646s] -- Installing: /home/administrator/code/nmpc_ws/install/people_msgs/include/people_msgs/people_msgs/msg/detail/position_measurement_array__type_support.c
[11.646s] -- Installing: /home/administrator/code/nmpc_ws/install/people_msgs/include/people_msgs/people_msgs/msg/detail/people__type_support.c
[11.647s] -- Installing: /home/administrator/code/nmpc_ws/install/people_msgs/lib/libpeople_msgs__rosidl_typesupport_introspection_c.so
[11.647s] -- Set runtime path of "/home/administrator/code/nmpc_ws/install/people_msgs/lib/libpeople_msgs__rosidl_typesupport_introspection_c.so" to ""
[11.647s] -- Installing: /home/administrator/code/nmpc_ws/install/people_msgs/lib/libpeople_msgs__rosidl_typesupport_c.so
[11.648s] -- Set runtime path of "/home/administrator/code/nmpc_ws/install/people_msgs/lib/libpeople_msgs__rosidl_typesupport_c.so" to ""
[11.648s] -- Up-to-date: /home/administrator/code/nmpc_ws/install/people_msgs/include/people_msgs/people_msgs
[11.648s] -- Up-to-date: /home/administrator/code/nmpc_ws/install/people_msgs/include/people_msgs/people_msgs/msg
[11.648s] -- Installing: /home/administrator/code/nmpc_ws/install/people_msgs/include/people_msgs/people_msgs/msg/position_measurement.hpp
[11.648s] -- Installing: /home/administrator/code/nmpc_ws/install/people_msgs/include/people_msgs/people_msgs/msg/rosidl_generator_cpp__visibility_control.hpp
[11.648s] -- Installing: /home/administrator/code/nmpc_ws/install/people_msgs/include/people_msgs/people_msgs/msg/people.hpp
[11.648s] -- Installing: /home/administrator/code/nmpc_ws/install/people_msgs/include/people_msgs/people_msgs/msg/position_measurement_array.hpp
[11.649s] -- Installing: /home/administrator/code/nmpc_ws/install/people_msgs/include/people_msgs/people_msgs/msg/person_stamped.hpp
[11.649s] -- Installing: /home/administrator/code/nmpc_ws/install/people_msgs/include/people_msgs/people_msgs/msg/person.hpp
[11.649s] -- Up-to-date: /home/administrator/code/nmpc_ws/install/people_msgs/include/people_msgs/people_msgs/msg/detail
[11.649s] -- Installing: /home/administrator/code/nmpc_ws/install/people_msgs/include/people_msgs/people_msgs/msg/detail/position_measurement__struct.hpp
[11.649s] -- Installing: /home/administrator/code/nmpc_ws/install/people_msgs/include/people_msgs/people_msgs/msg/detail/person__builder.hpp
[11.649s] -- Installing: /home/administrator/code/nmpc_ws/install/people_msgs/include/people_msgs/people_msgs/msg/detail/person_stamped__traits.hpp
[11.650s] -- Installing: /home/administrator/code/nmpc_ws/install/people_msgs/include/people_msgs/people_msgs/msg/detail/person_stamped__struct.hpp
[11.650s] -- Installing: /home/administrator/code/nmpc_ws/install/people_msgs/include/people_msgs/people_msgs/msg/detail/person_stamped__builder.hpp
[11.650s] -- Installing: /home/administrator/code/nmpc_ws/install/people_msgs/include/people_msgs/people_msgs/msg/detail/position_measurement__traits.hpp
[11.650s] -- Installing: /home/administrator/code/nmpc_ws/install/people_msgs/include/people_msgs/people_msgs/msg/detail/people__traits.hpp
[11.650s] -- Installing: /home/administrator/code/nmpc_ws/install/people_msgs/include/people_msgs/people_msgs/msg/detail/person__traits.hpp
[11.650s] -- Installing: /home/administrator/code/nmpc_ws/install/people_msgs/include/people_msgs/people_msgs/msg/detail/position_measurement_array__type_support.hpp
[11.651s] -- Installing: /home/administrator/code/nmpc_ws/install/people_msgs/include/people_msgs/people_msgs/msg/detail/people__builder.hpp
[11.651s] -- Installing: /home/administrator/code/nmpc_ws/install/people_msgs/include/people_msgs/people_msgs/msg/detail/position_measurement__type_support.hpp
[11.651s] -- Installing: /home/administrator/code/nmpc_ws/install/people_msgs/include/people_msgs/people_msgs/msg/detail/position_measurement_array__builder.hpp
[11.651s] -- Installing: /home/administrator/code/nmpc_ws/install/people_msgs/include/people_msgs/people_msgs/msg/detail/position_measurement_array__traits.hpp
[11.651s] -- Installing: /home/administrator/code/nmpc_ws/install/people_msgs/include/people_msgs/people_msgs/msg/detail/people__type_support.hpp
[11.651s] -- Installing: /home/administrator/code/nmpc_ws/install/people_msgs/include/people_msgs/people_msgs/msg/detail/person_stamped__type_support.hpp
[11.652s] -- Installing: /home/administrator/code/nmpc_ws/install/people_msgs/include/people_msgs/people_msgs/msg/detail/people__struct.hpp
[11.652s] -- Installing: /home/administrator/code/nmpc_ws/install/people_msgs/include/people_msgs/people_msgs/msg/detail/person__type_support.hpp
[11.652s] -- Installing: /home/administrator/code/nmpc_ws/install/people_msgs/include/people_msgs/people_msgs/msg/detail/position_measurement_array__struct.hpp
[11.652s] -- Installing: /home/administrator/code/nmpc_ws/install/people_msgs/include/people_msgs/people_msgs/msg/detail/position_measurement__builder.hpp
[11.652s] -- Installing: /home/administrator/code/nmpc_ws/install/people_msgs/include/people_msgs/people_msgs/msg/detail/person__struct.hpp
[11.652s] -- Up-to-date: /home/administrator/code/nmpc_ws/install/people_msgs/include/people_msgs/people_msgs
[11.653s] -- Up-to-date: /home/administrator/code/nmpc_ws/install/people_msgs/include/people_msgs/people_msgs/msg
[11.653s] -- Installing: /home/administrator/code/nmpc_ws/install/people_msgs/include/people_msgs/people_msgs/msg/rosidl_typesupport_fastrtps_cpp__visibility_control.h
[11.653s] -- Up-to-date: /home/administrator/code/nmpc_ws/install/people_msgs/include/people_msgs/people_msgs/msg/detail
[11.653s] -- Installing: /home/administrator/code/nmpc_ws/install/people_msgs/include/people_msgs/people_msgs/msg/detail/position_measurement__rosidl_typesupport_fastrtps_cpp.hpp
[11.653s] -- Installing: /home/administrator/code/nmpc_ws/install/people_msgs/include/people_msgs/people_msgs/msg/detail/position_measurement_array__rosidl_typesupport_fastrtps_cpp.hpp
[11.653s] -- Installing: /home/administrator/code/nmpc_ws/install/people_msgs/include/people_msgs/people_msgs/msg/detail/person_stamped__rosidl_typesupport_fastrtps_cpp.hpp
[11.653s] -- Installing: /home/administrator/code/nmpc_ws/install/people_msgs/include/people_msgs/people_msgs/msg/detail/person__rosidl_typesupport_fastrtps_cpp.hpp
[11.654s] -- Installing: /home/administrator/code/nmpc_ws/install/people_msgs/include/people_msgs/people_msgs/msg/detail/people__rosidl_typesupport_fastrtps_cpp.hpp
[11.654s] -- Installing: /home/administrator/code/nmpc_ws/install/people_msgs/include/people_msgs/people_msgs/msg/detail/dds_fastrtps
[11.654s] -- Installing: /home/administrator/code/nmpc_ws/install/people_msgs/lib/libpeople_msgs__rosidl_typesupport_fastrtps_cpp.so
[11.655s] -- Set runtime path of "/home/administrator/code/nmpc_ws/install/people_msgs/lib/libpeople_msgs__rosidl_typesupport_fastrtps_cpp.so" to ""
[11.655s] -- Up-to-date: /home/administrator/code/nmpc_ws/install/people_msgs/include/people_msgs/people_msgs
[11.655s] -- Up-to-date: /home/administrator/code/nmpc_ws/install/people_msgs/include/people_msgs/people_msgs/msg
[11.655s] -- Up-to-date: /home/administrator/code/nmpc_ws/install/people_msgs/include/people_msgs/people_msgs/msg/detail
[11.655s] -- Installing: /home/administrator/code/nmpc_ws/install/people_msgs/include/people_msgs/people_msgs/msg/detail/people__type_support.cpp
[11.655s] -- Installing: /home/administrator/code/nmpc_ws/install/people_msgs/include/people_msgs/people_msgs/msg/detail/position_measurement__type_support.cpp
[11.656s] -- Installing: /home/administrator/code/nmpc_ws/install/people_msgs/include/people_msgs/people_msgs/msg/detail/position_measurement__rosidl_typesupport_introspection_cpp.hpp
[11.656s] -- Installing: /home/administrator/code/nmpc_ws/install/people_msgs/include/people_msgs/people_msgs/msg/detail/position_measurement_array__rosidl_typesupport_introspection_cpp.hpp
[11.656s] -- Installing: /home/administrator/code/nmpc_ws/install/people_msgs/include/people_msgs/people_msgs/msg/detail/people__rosidl_typesupport_introspection_cpp.hpp
[11.656s] -- Installing: /home/administrator/code/nmpc_ws/install/people_msgs/include/people_msgs/people_msgs/msg/detail/person_stamped__rosidl_typesupport_introspection_cpp.hpp
[11.656s] -- Installing: /home/administrator/code/nmpc_ws/install/people_msgs/include/people_msgs/people_msgs/msg/detail/person_stamped__type_support.cpp
[11.656s] -- Installing: /home/administrator/code/nmpc_ws/install/people_msgs/include/people_msgs/people_msgs/msg/detail/person__rosidl_typesupport_introspection_cpp.hpp
[11.656s] -- Installing: /home/administrator/code/nmpc_ws/install/people_msgs/include/people_msgs/people_msgs/msg/detail/person__type_support.cpp
[11.656s] -- Installing: /home/administrator/code/nmpc_ws/install/people_msgs/include/people_msgs/people_msgs/msg/detail/position_measurement_array__type_support.cpp
[11.657s] -- Installing: /home/administrator/code/nmpc_ws/install/people_msgs/lib/libpeople_msgs__rosidl_typesupport_introspection_cpp.so
[11.658s] -- Set runtime path of "/home/administrator/code/nmpc_ws/install/people_msgs/lib/libpeople_msgs__rosidl_typesupport_introspection_cpp.so" to ""
[11.658s] -- Installing: /home/administrator/code/nmpc_ws/install/people_msgs/lib/libpeople_msgs__rosidl_typesupport_cpp.so
[11.658s] -- Set runtime path of "/home/administrator/code/nmpc_ws/install/people_msgs/lib/libpeople_msgs__rosidl_typesupport_cpp.so" to ""
[11.658s] -- Installing: /home/administrator/code/nmpc_ws/install/people_msgs/share/people_msgs/environment/pythonpath.sh
[11.658s] -- Installing: /home/administrator/code/nmpc_ws/install/people_msgs/share/people_msgs/environment/pythonpath.dsv
[11.659s] -- Installing: /home/administrator/code/nmpc_ws/install/people_msgs/local/lib/python3.10/dist-packages/people_msgs-1.3.0-py3.10.egg-info
[11.659s] -- Installing: /home/administrator/code/nmpc_ws/install/people_msgs/local/lib/python3.10/dist-packages/people_msgs-1.3.0-py3.10.egg-info/PKG-INFO
[11.659s] -- Installing: /home/administrator/code/nmpc_ws/install/people_msgs/local/lib/python3.10/dist-packages/people_msgs-1.3.0-py3.10.egg-info/top_level.txt
[11.659s] -- Installing: /home/administrator/code/nmpc_ws/install/people_msgs/local/lib/python3.10/dist-packages/people_msgs-1.3.0-py3.10.egg-info/dependency_links.txt
[11.659s] -- Installing: /home/administrator/code/nmpc_ws/install/people_msgs/local/lib/python3.10/dist-packages/people_msgs-1.3.0-py3.10.egg-info/SOURCES.txt
[11.660s] -- Installing: /home/administrator/code/nmpc_ws/install/people_msgs/local/lib/python3.10/dist-packages/people_msgs
[11.660s] -- Installing: /home/administrator/code/nmpc_ws/install/people_msgs/local/lib/python3.10/dist-packages/people_msgs/people_msgs_s__rosidl_typesupport_c.cpython-310-x86_64-linux-gnu.so
[11.660s] -- Installing: /home/administrator/code/nmpc_ws/install/people_msgs/local/lib/python3.10/dist-packages/people_msgs/people_msgs_s__rosidl_typesupport_fastrtps_c.cpython-310-x86_64-linux-gnu.so
[11.660s] -- Installing: /home/administrator/code/nmpc_ws/install/people_msgs/local/lib/python3.10/dist-packages/people_msgs/_people_msgs_s.ep.rosidl_typesupport_fastrtps_c.c
[11.660s] -- Installing: /home/administrator/code/nmpc_ws/install/people_msgs/local/lib/python3.10/dist-packages/people_msgs/_people_msgs_s.ep.rosidl_typesupport_introspection_c.c
[11.661s] -- Installing: /home/administrator/code/nmpc_ws/install/people_msgs/local/lib/python3.10/dist-packages/people_msgs/__init__.py
[11.661s] -- Installing: /home/administrator/code/nmpc_ws/install/people_msgs/local/lib/python3.10/dist-packages/people_msgs/people_msgs_s__rosidl_typesupport_introspection_c.cpython-310-x86_64-linux-gnu.so
[11.661s] -- Installing: /home/administrator/code/nmpc_ws/install/people_msgs/local/lib/python3.10/dist-packages/people_msgs/msg
[11.661s] -- Installing: /home/administrator/code/nmpc_ws/install/people_msgs/local/lib/python3.10/dist-packages/people_msgs/msg/_people.py
[11.661s] -- Installing: /home/administrator/code/nmpc_ws/install/people_msgs/local/lib/python3.10/dist-packages/people_msgs/msg/_person_s.c
[11.661s] -- Installing: /home/administrator/code/nmpc_ws/install/people_msgs/local/lib/python3.10/dist-packages/people_msgs/msg/_people_s.c
[11.662s] -- Installing: /home/administrator/code/nmpc_ws/install/people_msgs/local/lib/python3.10/dist-packages/people_msgs/msg/_position_measurement_s.c
[11.662s] -- Installing: /home/administrator/code/nmpc_ws/install/people_msgs/local/lib/python3.10/dist-packages/people_msgs/msg/_position_measurement_array.py
[11.662s] -- Installing: /home/administrator/code/nmpc_ws/install/people_msgs/local/lib/python3.10/dist-packages/people_msgs/msg/_person_stamped_s.c
[11.662s] -- Installing: /home/administrator/code/nmpc_ws/install/people_msgs/local/lib/python3.10/dist-packages/people_msgs/msg/__init__.py
[11.663s] -- Installing: /home/administrator/code/nmpc_ws/install/people_msgs/local/lib/python3.10/dist-packages/people_msgs/msg/_position_measurement.py
[11.663s] -- Installing: /home/administrator/code/nmpc_ws/install/people_msgs/local/lib/python3.10/dist-packages/people_msgs/msg/_person.py
[11.663s] -- Installing: /home/administrator/code/nmpc_ws/install/people_msgs/local/lib/python3.10/dist-packages/people_msgs/msg/_person_stamped.py
[11.663s] -- Installing: /home/administrator/code/nmpc_ws/install/people_msgs/local/lib/python3.10/dist-packages/people_msgs/msg/_position_measurement_array_s.c
[11.663s] -- Installing: /home/administrator/code/nmpc_ws/install/people_msgs/local/lib/python3.10/dist-packages/people_msgs/_people_msgs_s.ep.rosidl_typesupport_c.c
[11.664s] -- Installing: /home/administrator/code/nmpc_ws/install/people_msgs/local/lib/python3.10/dist-packages/people_msgs/libpeople_msgs__rosidl_generator_py.so
[11.707s] Listing '/home/administrator/code/nmpc_ws/install/people_msgs/local/lib/python3.10/dist-packages/people_msgs'...
[11.708s] Compiling '/home/administrator/code/nmpc_ws/install/people_msgs/local/lib/python3.10/dist-packages/people_msgs/__init__.py'...
[11.708s] Listing '/home/administrator/code/nmpc_ws/install/people_msgs/local/lib/python3.10/dist-packages/people_msgs/msg'...
[11.708s] Compiling '/home/administrator/code/nmpc_ws/install/people_msgs/local/lib/python3.10/dist-packages/people_msgs/msg/__init__.py'...
[11.708s] Compiling '/home/administrator/code/nmpc_ws/install/people_msgs/local/lib/python3.10/dist-packages/people_msgs/msg/_people.py'...
[11.708s] Compiling '/home/administrator/code/nmpc_ws/install/people_msgs/local/lib/python3.10/dist-packages/people_msgs/msg/_person.py'...
[11.708s] Compiling '/home/administrator/code/nmpc_ws/install/people_msgs/local/lib/python3.10/dist-packages/people_msgs/msg/_person_stamped.py'...
[11.708s] Compiling '/home/administrator/code/nmpc_ws/install/people_msgs/local/lib/python3.10/dist-packages/people_msgs/msg/_position_measurement.py'...
[11.709s] Compiling '/home/administrator/code/nmpc_ws/install/people_msgs/local/lib/python3.10/dist-packages/people_msgs/msg/_position_measurement_array.py'...
[11.717s] -- Installing: /home/administrator/code/nmpc_ws/install/people_msgs/local/lib/python3.10/dist-packages/people_msgs/people_msgs_s__rosidl_typesupport_fastrtps_c.cpython-310-x86_64-linux-gnu.so
[11.717s] -- Set runtime path of "/home/administrator/code/nmpc_ws/install/people_msgs/local/lib/python3.10/dist-packages/people_msgs/people_msgs_s__rosidl_typesupport_fastrtps_c.cpython-310-x86_64-linux-gnu.so" to ""
[11.718s] -- Installing: /home/administrator/code/nmpc_ws/install/people_msgs/local/lib/python3.10/dist-packages/people_msgs/people_msgs_s__rosidl_typesupport_introspection_c.cpython-310-x86_64-linux-gnu.so
[11.718s] -- Set runtime path of "/home/administrator/code/nmpc_ws/install/people_msgs/local/lib/python3.10/dist-packages/people_msgs/people_msgs_s__rosidl_typesupport_introspection_c.cpython-310-x86_64-linux-gnu.so" to ""
[11.718s] -- Installing: /home/administrator/code/nmpc_ws/install/people_msgs/local/lib/python3.10/dist-packages/people_msgs/people_msgs_s__rosidl_typesupport_c.cpython-310-x86_64-linux-gnu.so
[11.719s] -- Set runtime path of "/home/administrator/code/nmpc_ws/install/people_msgs/local/lib/python3.10/dist-packages/people_msgs/people_msgs_s__rosidl_typesupport_c.cpython-310-x86_64-linux-gnu.so" to ""
[11.719s] -- Installing: /home/administrator/code/nmpc_ws/install/people_msgs/lib/libpeople_msgs__rosidl_generator_py.so
[11.719s] -- Set runtime path of "/home/administrator/code/nmpc_ws/install/people_msgs/lib/libpeople_msgs__rosidl_generator_py.so" to ""
[11.720s] -- Installing: /home/administrator/code/nmpc_ws/install/people_msgs/share/people_msgs/msg/People.idl
[11.720s] -- Installing: /home/administrator/code/nmpc_ws/install/people_msgs/share/people_msgs/msg/Person.idl
[11.720s] -- Installing: /home/administrator/code/nmpc_ws/install/people_msgs/share/people_msgs/msg/PersonStamped.idl
[11.720s] -- Installing: /home/administrator/code/nmpc_ws/install/people_msgs/share/people_msgs/msg/PositionMeasurement.idl
[11.720s] -- Installing: /home/administrator/code/nmpc_ws/install/people_msgs/share/people_msgs/msg/PositionMeasurementArray.idl
[11.721s] -- Installing: /home/administrator/code/nmpc_ws/install/people_msgs/share/people_msgs/msg/People.msg
[11.721s] -- Installing: /home/administrator/code/nmpc_ws/install/people_msgs/share/people_msgs/msg/Person.msg
[11.721s] -- Installing: /home/administrator/code/nmpc_ws/install/people_msgs/share/people_msgs/msg/PersonStamped.msg
[11.721s] -- Installing: /home/administrator/code/nmpc_ws/install/people_msgs/share/people_msgs/msg/PositionMeasurement.msg
[11.721s] -- Installing: /home/administrator/code/nmpc_ws/install/people_msgs/share/people_msgs/msg/PositionMeasurementArray.msg
[11.722s] -- Installing: /home/administrator/code/nmpc_ws/install/people_msgs/share/ament_index/resource_index/package_run_dependencies/people_msgs
[11.722s] -- Installing: /home/administrator/code/nmpc_ws/install/people_msgs/share/ament_index/resource_index/parent_prefix_path/people_msgs
[11.722s] -- Installing: /home/administrator/code/nmpc_ws/install/people_msgs/share/people_msgs/environment/ament_prefix_path.sh
[11.722s] -- Installing: /home/administrator/code/nmpc_ws/install/people_msgs/share/people_msgs/environment/ament_prefix_path.dsv
[11.722s] -- Installing: /home/administrator/code/nmpc_ws/install/people_msgs/share/people_msgs/environment/path.sh
[11.722s] -- Installing: /home/administrator/code/nmpc_ws/install/people_msgs/share/people_msgs/environment/path.dsv
[11.723s] -- Installing: /home/administrator/code/nmpc_ws/install/people_msgs/share/people_msgs/local_setup.bash
[11.723s] -- Installing: /home/administrator/code/nmpc_ws/install/people_msgs/share/people_msgs/local_setup.sh
[11.723s] -- Installing: /home/administrator/code/nmpc_ws/install/people_msgs/share/people_msgs/local_setup.zsh
[11.723s] -- Installing: /home/administrator/code/nmpc_ws/install/people_msgs/share/people_msgs/local_setup.dsv
[11.723s] -- Installing: /home/administrator/code/nmpc_ws/install/people_msgs/share/people_msgs/package.dsv
[11.723s] -- Installing: /home/administrator/code/nmpc_ws/install/people_msgs/share/ament_index/resource_index/packages/people_msgs
[11.724s] -- Installing: /home/administrator/code/nmpc_ws/install/people_msgs/share/people_msgs/cmake/export_people_msgs__rosidl_generator_cExport.cmake
[11.724s] -- Installing: /home/administrator/code/nmpc_ws/install/people_msgs/share/people_msgs/cmake/export_people_msgs__rosidl_generator_cExport-noconfig.cmake
[11.724s] -- Installing: /home/administrator/code/nmpc_ws/install/people_msgs/share/people_msgs/cmake/export_people_msgs__rosidl_typesupport_fastrtps_cExport.cmake
[11.724s] -- Installing: /home/administrator/code/nmpc_ws/install/people_msgs/share/people_msgs/cmake/export_people_msgs__rosidl_typesupport_fastrtps_cExport-noconfig.cmake
[11.724s] -- Installing: /home/administrator/code/nmpc_ws/install/people_msgs/share/people_msgs/cmake/people_msgs__rosidl_typesupport_introspection_cExport.cmake
[11.724s] -- Installing: /home/administrator/code/nmpc_ws/install/people_msgs/share/people_msgs/cmake/people_msgs__rosidl_typesupport_introspection_cExport-noconfig.cmake
[11.725s] -- Installing: /home/administrator/code/nmpc_ws/install/people_msgs/share/people_msgs/cmake/people_msgs__rosidl_typesupport_cExport.cmake
[11.725s] -- Installing: /home/administrator/code/nmpc_ws/install/people_msgs/share/people_msgs/cmake/people_msgs__rosidl_typesupport_cExport-noconfig.cmake
[11.725s] -- Installing: /home/administrator/code/nmpc_ws/install/people_msgs/share/people_msgs/cmake/export_people_msgs__rosidl_generator_cppExport.cmake
[11.725s] -- Installing: /home/administrator/code/nmpc_ws/install/people_msgs/share/people_msgs/cmake/export_people_msgs__rosidl_typesupport_fastrtps_cppExport.cmake
[11.725s] -- Installing: /home/administrator/code/nmpc_ws/install/people_msgs/share/people_msgs/cmake/export_people_msgs__rosidl_typesupport_fastrtps_cppExport-noconfig.cmake
[11.726s] -- Installing: /home/administrator/code/nmpc_ws/install/people_msgs/share/people_msgs/cmake/people_msgs__rosidl_typesupport_introspection_cppExport.cmake
[11.726s] -- Installing: /home/administrator/code/nmpc_ws/install/people_msgs/share/people_msgs/cmake/people_msgs__rosidl_typesupport_introspection_cppExport-noconfig.cmake
[11.727s] -- Installing: /home/administrator/code/nmpc_ws/install/people_msgs/share/people_msgs/cmake/people_msgs__rosidl_typesupport_cppExport.cmake
[11.727s] -- Installing: /home/administrator/code/nmpc_ws/install/people_msgs/share/people_msgs/cmake/people_msgs__rosidl_typesupport_cppExport-noconfig.cmake
[11.727s] -- Installing: /home/administrator/code/nmpc_ws/install/people_msgs/share/people_msgs/cmake/export_people_msgs__rosidl_generator_pyExport.cmake
[11.727s] -- Installing: /home/administrator/code/nmpc_ws/install/people_msgs/share/people_msgs/cmake/export_people_msgs__rosidl_generator_pyExport-noconfig.cmake
[11.727s] -- Installing: /home/administrator/code/nmpc_ws/install/people_msgs/share/people_msgs/cmake/rosidl_cmake-extras.cmake
[11.727s] -- Installing: /home/administrator/code/nmpc_ws/install/people_msgs/share/people_msgs/cmake/ament_cmake_export_dependencies-extras.cmake
[11.728s] -- Installing: /home/administrator/code/nmpc_ws/install/people_msgs/share/people_msgs/cmake/ament_cmake_export_include_directories-extras.cmake
[11.728s] -- Installing: /home/administrator/code/nmpc_ws/install/people_msgs/share/people_msgs/cmake/ament_cmake_export_libraries-extras.cmake
[11.728s] -- Installing: /home/administrator/code/nmpc_ws/install/people_msgs/share/people_msgs/cmake/ament_cmake_export_targets-extras.cmake
[11.728s] -- Installing: /home/administrator/code/nmpc_ws/install/people_msgs/share/people_msgs/cmake/rosidl_cmake_export_typesupport_targets-extras.cmake
[11.729s] -- Installing: /home/administrator/code/nmpc_ws/install/people_msgs/share/people_msgs/cmake/rosidl_cmake_export_typesupport_libraries-extras.cmake
[11.729s] -- Installing: /home/administrator/code/nmpc_ws/install/people_msgs/share/people_msgs/cmake/people_msgsConfig.cmake
[11.729s] -- Installing: /home/administrator/code/nmpc_ws/install/people_msgs/share/people_msgs/cmake/people_msgsConfig-version.cmake
[11.729s] -- Installing: /home/administrator/code/nmpc_ws/install/people_msgs/share/people_msgs/package.xml
[11.732s] Invoked command in '/home/administrator/code/nmpc_ws/build/people_msgs' returned '0': CMAKE_PREFIX_PATH=/home/administrator/code/nmpc_ws/install/nmpc_pkg:/opt/ros/humble /usr/bin/cmake --install /home/administrator/code/nmpc_ws/build/people_msgs
