[1.432s] Invoking command in '/home/administrator/code/nmpc_ws/src/nmpc_pkg': PYTHONPATH=/home/administrator/code/nmpc_ws/build/nmpc_pkg/prefix_override:/usr/lib/python3/dist-packages/colcon_core/task/python/colcon_distutils_commands:/home/administrator/code/nmpc_ws/install/nmpc_pkg/lib/python3.10/site-packages:${PYTHONPATH} /usr/bin/python3 -W ignore:setup.py install is deprecated -W ignore:easy_install command is deprecated setup.py egg_info --egg-base ../../build/nmpc_pkg build --build-base /home/administrator/code/nmpc_ws/build/nmpc_pkg/build install --record /home/administrator/code/nmpc_ws/build/nmpc_pkg/install.log --single-version-externally-managed install_data
[2.128s] running egg_info
[2.137s] writing ../../build/nmpc_pkg/nmpc_pkg.egg-info/PKG-INFO
[2.138s] writing dependency_links to ../../build/nmpc_pkg/nmpc_pkg.egg-info/dependency_links.txt
[2.143s] writing entry points to ../../build/nmpc_pkg/nmpc_pkg.egg-info/entry_points.txt
[2.143s] writing requirements to ../../build/nmpc_pkg/nmpc_pkg.egg-info/requires.txt
[2.143s] writing top-level names to ../../build/nmpc_pkg/nmpc_pkg.egg-info/top_level.txt
[2.153s] reading manifest file '../../build/nmpc_pkg/nmpc_pkg.egg-info/SOURCES.txt'
[2.155s] writing manifest file '../../build/nmpc_pkg/nmpc_pkg.egg-info/SOURCES.txt'
[2.156s] running build
[2.157s] running build_py
[2.158s] copying nmpc_pkg/switching_controller_node.py -> /home/administrator/code/nmpc_ws/build/nmpc_pkg/build/lib/nmpc_pkg
[2.159s] running install
[2.161s] running install_lib
[2.163s] copying /home/administrator/code/nmpc_ws/build/nmpc_pkg/build/lib/nmpc_pkg/switching_controller_node.py -> /home/administrator/code/nmpc_ws/install/nmpc_pkg/lib/python3.10/site-packages/nmpc_pkg
[2.167s] byte-compiling /home/administrator/code/nmpc_ws/install/nmpc_pkg/lib/python3.10/site-packages/nmpc_pkg/switching_controller_node.py to switching_controller_node.cpython-310.pyc
[2.182s] running install_data
[2.184s] running install_egg_info
[2.192s] removing '/home/administrator/code/nmpc_ws/install/nmpc_pkg/lib/python3.10/site-packages/nmpc_pkg-0.0.0-py3.10.egg-info' (and everything under it)
[2.197s] Copying ../../build/nmpc_pkg/nmpc_pkg.egg-info to /home/administrator/code/nmpc_ws/install/nmpc_pkg/lib/python3.10/site-packages/nmpc_pkg-0.0.0-py3.10.egg-info
[2.210s] running install_scripts
[2.263s] Installing gotostart script to /home/administrator/code/nmpc_ws/install/nmpc_pkg/lib/nmpc_pkg
[2.265s] Installing navigan_nmpc_controller_node script to /home/administrator/code/nmpc_ws/install/nmpc_pkg/lib/nmpc_pkg
[2.267s] Installing nmpc_controller_node script to /home/administrator/code/nmpc_ws/install/nmpc_pkg/lib/nmpc_pkg
[2.267s] Installing record script to /home/administrator/code/nmpc_ws/install/nmpc_pkg/lib/nmpc_pkg
[2.267s] Installing switching_controller_node script to /home/administrator/code/nmpc_ws/install/nmpc_pkg/lib/nmpc_pkg
[2.269s] writing list of installed files to '/home/administrator/code/nmpc_ws/build/nmpc_pkg/install.log'
[2.448s] Invoked command in '/home/administrator/code/nmpc_ws/src/nmpc_pkg' returned '0': PYTHONPATH=/home/administrator/code/nmpc_ws/build/nmpc_pkg/prefix_override:/usr/lib/python3/dist-packages/colcon_core/task/python/colcon_distutils_commands:/home/administrator/code/nmpc_ws/install/nmpc_pkg/lib/python3.10/site-packages:${PYTHONPATH} /usr/bin/python3 -W ignore:setup.py install is deprecated -W ignore:easy_install command is deprecated setup.py egg_info --egg-base ../../build/nmpc_pkg build --build-base /home/administrator/code/nmpc_ws/build/nmpc_pkg/build install --record /home/administrator/code/nmpc_ws/build/nmpc_pkg/install.log --single-version-externally-managed install_data
