[0.166s] DEBUG:colcon:Command line arguments: ['/usr/bin/colcon', 'build']
[0.166s] DEBUG:colcon:Parsed command line arguments: Namespace(log_base=None, log_level=None, verb_name='build', build_base='build', install_base='install', merge_install=False, symlink_install=False, test_result_base=None, continue_on_error=False, executor='parallel', parallel_workers=4, event_handlers=None, ignore_user_meta=False, metas=['./colcon.meta'], base_paths=['.'], packages_ignore=None, packages_ignore_regex=None, paths=None, packages_up_to=None, packages_up_to_regex=None, packages_above=None, packages_above_and_dependencies=None, packages_above_depth=None, packages_select_by_dep=None, packages_skip_by_dep=None, packages_skip_up_to=None, packages_select_build_failed=False, packages_skip_build_finished=False, packages_select_test_failures=False, packages_skip_test_passed=False, packages_select=None, packages_skip=None, packages_select_regex=None, packages_skip_regex=None, packages_start=None, packages_end=None, allow_overriding=[], cmake_args=None, cmake_target=None, cmake_target_skip_unavailable=False, cmake_clean_cache=False, cmake_clean_first=False, cmake_force_configure=False, ament_cmake_args=None, catkin_cmake_args=None, catkin_skip_building_tests=False, mixin_files=None, mixin=None, verb_parser=<colcon_mixin.mixin.mixin_argument.MixinArgumentDecorator object at 0x7f00ec6dd000>, verb_extension=<colcon_core.verb.build.BuildVerb object at 0x7f00ec6dca90>, main=<bound method BuildVerb.main of <colcon_core.verb.build.BuildVerb object at 0x7f00ec6dca90>>, mixin_verb=('build',))
[0.493s] Level 1:colcon.colcon_core.package_discovery:discover_packages(colcon_meta) check parameters
[0.493s] Level 1:colcon.colcon_core.package_discovery:discover_packages(recursive) check parameters
[0.493s] Level 1:colcon.colcon_core.package_discovery:discover_packages(ignore) check parameters
[0.493s] Level 1:colcon.colcon_core.package_discovery:discover_packages(path) check parameters
[0.493s] Level 1:colcon.colcon_core.package_discovery:discover_packages(colcon_meta) discover
[0.494s] Level 1:colcon.colcon_core.package_discovery:discover_packages(recursive) discover
[0.494s] INFO:colcon.colcon_core.package_discovery:Crawling recursively for packages in '/home/administrator/code/nmpc_ws'
[0.494s] Level 1:colcon.colcon_core.package_identification:_identify(.) by extensions ['ignore', 'ignore_ament_install']
[0.494s] Level 1:colcon.colcon_core.package_identification:_identify(.) by extension 'ignore'
[0.494s] Level 1:colcon.colcon_core.package_identification:_identify(.) by extension 'ignore_ament_install'
[0.494s] Level 1:colcon.colcon_core.package_identification:_identify(.) by extensions ['colcon_pkg']
[0.494s] Level 1:colcon.colcon_core.package_identification:_identify(.) by extension 'colcon_pkg'
[0.494s] Level 1:colcon.colcon_core.package_identification:_identify(.) by extensions ['colcon_meta']
[0.494s] Level 1:colcon.colcon_core.package_identification:_identify(.) by extension 'colcon_meta'
[0.494s] Level 1:colcon.colcon_core.package_identification:_identify(.) by extensions ['ros']
[0.494s] Level 1:colcon.colcon_core.package_identification:_identify(.) by extension 'ros'
[0.512s] Level 1:colcon.colcon_core.package_identification:_identify(.) by extensions ['cmake', 'python']
[0.512s] Level 1:colcon.colcon_core.package_identification:_identify(.) by extension 'cmake'
[0.513s] Level 1:colcon.colcon_core.package_identification:_identify(.) by extension 'python'
[0.513s] Level 1:colcon.colcon_core.package_identification:_identify(.) by extensions ['python_setup_py']
[0.513s] Level 1:colcon.colcon_core.package_identification:_identify(.) by extension 'python_setup_py'
[0.513s] Level 1:colcon.colcon_core.package_identification:_identify(build) by extensions ['ignore', 'ignore_ament_install']
[0.513s] Level 1:colcon.colcon_core.package_identification:_identify(build) by extension 'ignore'
[0.513s] Level 1:colcon.colcon_core.package_identification:_identify(build) ignored
[0.513s] Level 1:colcon.colcon_core.package_identification:_identify(data) by extensions ['ignore', 'ignore_ament_install']
[0.513s] Level 1:colcon.colcon_core.package_identification:_identify(data) by extension 'ignore'
[0.513s] Level 1:colcon.colcon_core.package_identification:_identify(data) by extension 'ignore_ament_install'
[0.513s] Level 1:colcon.colcon_core.package_identification:_identify(data) by extensions ['colcon_pkg']
[0.513s] Level 1:colcon.colcon_core.package_identification:_identify(data) by extension 'colcon_pkg'
[0.513s] Level 1:colcon.colcon_core.package_identification:_identify(data) by extensions ['colcon_meta']
[0.513s] Level 1:colcon.colcon_core.package_identification:_identify(data) by extension 'colcon_meta'
[0.514s] Level 1:colcon.colcon_core.package_identification:_identify(data) by extensions ['ros']
[0.514s] Level 1:colcon.colcon_core.package_identification:_identify(data) by extension 'ros'
[0.514s] Level 1:colcon.colcon_core.package_identification:_identify(data) by extensions ['cmake', 'python']
[0.514s] Level 1:colcon.colcon_core.package_identification:_identify(data) by extension 'cmake'
[0.514s] Level 1:colcon.colcon_core.package_identification:_identify(data) by extension 'python'
[0.514s] Level 1:colcon.colcon_core.package_identification:_identify(data) by extensions ['python_setup_py']
[0.514s] Level 1:colcon.colcon_core.package_identification:_identify(data) by extension 'python_setup_py'
[0.514s] Level 1:colcon.colcon_core.package_identification:_identify(data/trajectories) by extensions ['ignore', 'ignore_ament_install']
[0.514s] Level 1:colcon.colcon_core.package_identification:_identify(data/trajectories) by extension 'ignore'
[0.514s] Level 1:colcon.colcon_core.package_identification:_identify(data/trajectories) by extension 'ignore_ament_install'
[0.514s] Level 1:colcon.colcon_core.package_identification:_identify(data/trajectories) by extensions ['colcon_pkg']
[0.514s] Level 1:colcon.colcon_core.package_identification:_identify(data/trajectories) by extension 'colcon_pkg'
[0.514s] Level 1:colcon.colcon_core.package_identification:_identify(data/trajectories) by extensions ['colcon_meta']
[0.514s] Level 1:colcon.colcon_core.package_identification:_identify(data/trajectories) by extension 'colcon_meta'
[0.514s] Level 1:colcon.colcon_core.package_identification:_identify(data/trajectories) by extensions ['ros']
[0.514s] Level 1:colcon.colcon_core.package_identification:_identify(data/trajectories) by extension 'ros'
[0.514s] Level 1:colcon.colcon_core.package_identification:_identify(data/trajectories) by extensions ['cmake', 'python']
[0.515s] Level 1:colcon.colcon_core.package_identification:_identify(data/trajectories) by extension 'cmake'
[0.515s] Level 1:colcon.colcon_core.package_identification:_identify(data/trajectories) by extension 'python'
[0.515s] Level 1:colcon.colcon_core.package_identification:_identify(data/trajectories) by extensions ['python_setup_py']
[0.515s] Level 1:colcon.colcon_core.package_identification:_identify(data/trajectories) by extension 'python_setup_py'
[0.515s] Level 1:colcon.colcon_core.package_identification:_identify(install) by extensions ['ignore', 'ignore_ament_install']
[0.515s] Level 1:colcon.colcon_core.package_identification:_identify(install) by extension 'ignore'
[0.515s] Level 1:colcon.colcon_core.package_identification:_identify(install) ignored
[0.515s] Level 1:colcon.colcon_core.package_identification:_identify(log) by extensions ['ignore', 'ignore_ament_install']
[0.515s] Level 1:colcon.colcon_core.package_identification:_identify(log) by extension 'ignore'
[0.515s] Level 1:colcon.colcon_core.package_identification:_identify(log) ignored
[0.516s] Level 1:colcon.colcon_core.package_identification:_identify(src) by extensions ['ignore', 'ignore_ament_install']
[0.516s] Level 1:colcon.colcon_core.package_identification:_identify(src) by extension 'ignore'
[0.516s] Level 1:colcon.colcon_core.package_identification:_identify(src) by extension 'ignore_ament_install'
[0.516s] Level 1:colcon.colcon_core.package_identification:_identify(src) by extensions ['colcon_pkg']
[0.516s] Level 1:colcon.colcon_core.package_identification:_identify(src) by extension 'colcon_pkg'
[0.516s] Level 1:colcon.colcon_core.package_identification:_identify(src) by extensions ['colcon_meta']
[0.516s] Level 1:colcon.colcon_core.package_identification:_identify(src) by extension 'colcon_meta'
[0.516s] Level 1:colcon.colcon_core.package_identification:_identify(src) by extensions ['ros']
[0.516s] Level 1:colcon.colcon_core.package_identification:_identify(src) by extension 'ros'
[0.516s] Level 1:colcon.colcon_core.package_identification:_identify(src) by extensions ['cmake', 'python']
[0.516s] Level 1:colcon.colcon_core.package_identification:_identify(src) by extension 'cmake'
[0.516s] Level 1:colcon.colcon_core.package_identification:_identify(src) by extension 'python'
[0.516s] Level 1:colcon.colcon_core.package_identification:_identify(src) by extensions ['python_setup_py']
[0.516s] Level 1:colcon.colcon_core.package_identification:_identify(src) by extension 'python_setup_py'
[0.517s] Level 1:colcon.colcon_core.package_identification:_identify(src/nmpc_pkg) by extensions ['ignore', 'ignore_ament_install']
[0.517s] Level 1:colcon.colcon_core.package_identification:_identify(src/nmpc_pkg) by extension 'ignore'
[0.517s] Level 1:colcon.colcon_core.package_identification:_identify(src/nmpc_pkg) by extension 'ignore_ament_install'
[0.517s] Level 1:colcon.colcon_core.package_identification:_identify(src/nmpc_pkg) by extensions ['colcon_pkg']
[0.517s] Level 1:colcon.colcon_core.package_identification:_identify(src/nmpc_pkg) by extension 'colcon_pkg'
[0.517s] Level 1:colcon.colcon_core.package_identification:_identify(src/nmpc_pkg) by extensions ['colcon_meta']
[0.517s] Level 1:colcon.colcon_core.package_identification:_identify(src/nmpc_pkg) by extension 'colcon_meta'
[0.517s] Level 1:colcon.colcon_core.package_identification:_identify(src/nmpc_pkg) by extensions ['ros']
[0.517s] Level 1:colcon.colcon_core.package_identification:_identify(src/nmpc_pkg) by extension 'ros'
[0.521s] DEBUG:colcon.colcon_core.package_identification:Package 'src/nmpc_pkg' with type 'ros.ament_python' and name 'nmpc_pkg'
[0.521s] Level 1:colcon.colcon_core.package_identification:_identify(src/people_msgs) by extensions ['ignore', 'ignore_ament_install']
[0.522s] Level 1:colcon.colcon_core.package_identification:_identify(src/people_msgs) by extension 'ignore'
[0.522s] Level 1:colcon.colcon_core.package_identification:_identify(src/people_msgs) by extension 'ignore_ament_install'
[0.522s] Level 1:colcon.colcon_core.package_identification:_identify(src/people_msgs) by extensions ['colcon_pkg']
[0.522s] Level 1:colcon.colcon_core.package_identification:_identify(src/people_msgs) by extension 'colcon_pkg'
[0.522s] Level 1:colcon.colcon_core.package_identification:_identify(src/people_msgs) by extensions ['colcon_meta']
[0.522s] Level 1:colcon.colcon_core.package_identification:_identify(src/people_msgs) by extension 'colcon_meta'
[0.522s] Level 1:colcon.colcon_core.package_identification:_identify(src/people_msgs) by extensions ['ros']
[0.522s] Level 1:colcon.colcon_core.package_identification:_identify(src/people_msgs) by extension 'ros'
[0.522s] Level 1:colcon.colcon_core.package_identification:_identify(src/people_msgs) by extensions ['cmake', 'python']
[0.522s] Level 1:colcon.colcon_core.package_identification:_identify(src/people_msgs) by extension 'cmake'
[0.523s] Level 1:colcon.colcon_core.package_identification:_identify(src/people_msgs) by extension 'python'
[0.523s] Level 1:colcon.colcon_core.package_identification:_identify(src/people_msgs) by extensions ['python_setup_py']
[0.523s] Level 1:colcon.colcon_core.package_identification:_identify(src/people_msgs) by extension 'python_setup_py'
[0.523s] Level 1:colcon.colcon_core.package_identification:_identify(src/people_msgs/face_detector) by extensions ['ignore', 'ignore_ament_install']
[0.523s] Level 1:colcon.colcon_core.package_identification:_identify(src/people_msgs/face_detector) by extension 'ignore'
[0.523s] Level 1:colcon.colcon_core.package_identification:_identify(src/people_msgs/face_detector) ignored
[0.523s] Level 1:colcon.colcon_core.package_identification:_identify(src/people_msgs/leg_detector) by extensions ['ignore', 'ignore_ament_install']
[0.523s] Level 1:colcon.colcon_core.package_identification:_identify(src/people_msgs/leg_detector) by extension 'ignore'
[0.523s] Level 1:colcon.colcon_core.package_identification:_identify(src/people_msgs/leg_detector) ignored
[0.523s] Level 1:colcon.colcon_core.package_identification:_identify(src/people_msgs/people) by extensions ['ignore', 'ignore_ament_install']
[0.523s] Level 1:colcon.colcon_core.package_identification:_identify(src/people_msgs/people) by extension 'ignore'
[0.523s] Level 1:colcon.colcon_core.package_identification:_identify(src/people_msgs/people) ignored
[0.524s] Level 1:colcon.colcon_core.package_identification:_identify(src/people_msgs/people_msgs) by extensions ['ignore', 'ignore_ament_install']
[0.524s] Level 1:colcon.colcon_core.package_identification:_identify(src/people_msgs/people_msgs) by extension 'ignore'
[0.524s] Level 1:colcon.colcon_core.package_identification:_identify(src/people_msgs/people_msgs) by extension 'ignore_ament_install'
[0.524s] Level 1:colcon.colcon_core.package_identification:_identify(src/people_msgs/people_msgs) by extensions ['colcon_pkg']
[0.524s] Level 1:colcon.colcon_core.package_identification:_identify(src/people_msgs/people_msgs) by extension 'colcon_pkg'
[0.524s] Level 1:colcon.colcon_core.package_identification:_identify(src/people_msgs/people_msgs) by extensions ['colcon_meta']
[0.524s] Level 1:colcon.colcon_core.package_identification:_identify(src/people_msgs/people_msgs) by extension 'colcon_meta'
[0.524s] Level 1:colcon.colcon_core.package_identification:_identify(src/people_msgs/people_msgs) by extensions ['ros']
[0.524s] Level 1:colcon.colcon_core.package_identification:_identify(src/people_msgs/people_msgs) by extension 'ros'
[0.525s] DEBUG:colcon.colcon_core.package_identification:Package 'src/people_msgs/people_msgs' with type 'ros.ament_cmake' and name 'people_msgs'
[0.525s] Level 1:colcon.colcon_core.package_identification:_identify(src/people_msgs/people_tracking_filter) by extensions ['ignore', 'ignore_ament_install']
[0.525s] Level 1:colcon.colcon_core.package_identification:_identify(src/people_msgs/people_tracking_filter) by extension 'ignore'
[0.525s] Level 1:colcon.colcon_core.package_identification:_identify(src/people_msgs/people_tracking_filter) ignored
[0.526s] Level 1:colcon.colcon_core.package_identification:_identify(src/people_msgs/people_velocity_tracker) by extensions ['ignore', 'ignore_ament_install']
[0.526s] Level 1:colcon.colcon_core.package_identification:_identify(src/people_msgs/people_velocity_tracker) by extension 'ignore'
[0.526s] Level 1:colcon.colcon_core.package_identification:_identify(src/people_msgs/people_velocity_tracker) ignored
[0.526s] Level 1:colcon.colcon_core.package_discovery:discover_packages(recursive) using defaults
[0.526s] Level 1:colcon.colcon_core.package_discovery:discover_packages(ignore) discover
[0.526s] Level 1:colcon.colcon_core.package_discovery:discover_packages(ignore) using defaults
[0.526s] Level 1:colcon.colcon_core.package_discovery:discover_packages(path) discover
[0.526s] Level 1:colcon.colcon_core.package_discovery:discover_packages(path) using defaults
[0.568s] Level 1:colcon.colcon_core.package_discovery:discover_packages(prefix_path) check parameters
[0.568s] Level 1:colcon.colcon_core.package_discovery:discover_packages(prefix_path) discover
[0.573s] DEBUG:colcon.colcon_installed_package_information.package_discovery:Found 400 installed packages in /opt/ros/humble
[0.575s] Level 1:colcon.colcon_core.package_discovery:discover_packages(prefix_path) using defaults
[0.639s] Level 5:colcon.colcon_core.verb:set package 'people_msgs' build argument 'cmake_args' from command line to 'None'
[0.639s] Level 5:colcon.colcon_core.verb:set package 'people_msgs' build argument 'cmake_target' from command line to 'None'
[0.639s] Level 5:colcon.colcon_core.verb:set package 'people_msgs' build argument 'cmake_target_skip_unavailable' from command line to 'False'
[0.639s] Level 5:colcon.colcon_core.verb:set package 'people_msgs' build argument 'cmake_clean_cache' from command line to 'False'
[0.639s] Level 5:colcon.colcon_core.verb:set package 'people_msgs' build argument 'cmake_clean_first' from command line to 'False'
[0.639s] Level 5:colcon.colcon_core.verb:set package 'people_msgs' build argument 'cmake_force_configure' from command line to 'False'
[0.639s] Level 5:colcon.colcon_core.verb:set package 'people_msgs' build argument 'ament_cmake_args' from command line to 'None'
[0.639s] Level 5:colcon.colcon_core.verb:set package 'people_msgs' build argument 'catkin_cmake_args' from command line to 'None'
[0.639s] Level 5:colcon.colcon_core.verb:set package 'people_msgs' build argument 'catkin_skip_building_tests' from command line to 'False'
[0.639s] DEBUG:colcon.colcon_core.verb:Building package 'people_msgs' with the following arguments: {'ament_cmake_args': None, 'build_base': '/home/administrator/code/nmpc_ws/build/people_msgs', 'catkin_cmake_args': None, 'catkin_skip_building_tests': False, 'cmake_args': None, 'cmake_clean_cache': False, 'cmake_clean_first': False, 'cmake_force_configure': False, 'cmake_target': None, 'cmake_target_skip_unavailable': False, 'install_base': '/home/administrator/code/nmpc_ws/install/people_msgs', 'merge_install': False, 'path': '/home/administrator/code/nmpc_ws/src/people_msgs/people_msgs', 'symlink_install': False, 'test_result_base': None}
[0.639s] Level 5:colcon.colcon_core.verb:set package 'nmpc_pkg' build argument 'cmake_args' from command line to 'None'
[0.639s] Level 5:colcon.colcon_core.verb:set package 'nmpc_pkg' build argument 'cmake_target' from command line to 'None'
[0.640s] Level 5:colcon.colcon_core.verb:set package 'nmpc_pkg' build argument 'cmake_target_skip_unavailable' from command line to 'False'
[0.640s] Level 5:colcon.colcon_core.verb:set package 'nmpc_pkg' build argument 'cmake_clean_cache' from command line to 'False'
[0.640s] Level 5:colcon.colcon_core.verb:set package 'nmpc_pkg' build argument 'cmake_clean_first' from command line to 'False'
[0.640s] Level 5:colcon.colcon_core.verb:set package 'nmpc_pkg' build argument 'cmake_force_configure' from command line to 'False'
[0.640s] Level 5:colcon.colcon_core.verb:set package 'nmpc_pkg' build argument 'ament_cmake_args' from command line to 'None'
[0.640s] Level 5:colcon.colcon_core.verb:set package 'nmpc_pkg' build argument 'catkin_cmake_args' from command line to 'None'
[0.640s] Level 5:colcon.colcon_core.verb:set package 'nmpc_pkg' build argument 'catkin_skip_building_tests' from command line to 'False'
[0.640s] DEBUG:colcon.colcon_core.verb:Building package 'nmpc_pkg' with the following arguments: {'ament_cmake_args': None, 'build_base': '/home/administrator/code/nmpc_ws/build/nmpc_pkg', 'catkin_cmake_args': None, 'catkin_skip_building_tests': False, 'cmake_args': None, 'cmake_clean_cache': False, 'cmake_clean_first': False, 'cmake_force_configure': False, 'cmake_target': None, 'cmake_target_skip_unavailable': False, 'install_base': '/home/administrator/code/nmpc_ws/install/nmpc_pkg', 'merge_install': False, 'path': '/home/administrator/code/nmpc_ws/src/nmpc_pkg', 'symlink_install': False, 'test_result_base': None}
[0.640s] INFO:colcon.colcon_core.executor:Executing jobs using 'parallel' executor
[0.641s] DEBUG:colcon.colcon_parallel_executor.executor.parallel:run_until_complete
[0.641s] INFO:colcon.colcon_ros.task.ament_cmake.build:Building ROS package in '/home/administrator/code/nmpc_ws/src/people_msgs/people_msgs' with build type 'ament_cmake'
[0.641s] INFO:colcon.colcon_cmake.task.cmake.build:Building CMake package in '/home/administrator/code/nmpc_ws/src/people_msgs/people_msgs'
[0.646s] INFO:colcon.colcon_core.plugin_system:Skipping extension 'colcon_core.shell.bat': Not used on non-Windows systems
[0.646s] INFO:colcon.colcon_core.shell:Skip shell extension 'powershell' for command environment: Not usable outside of PowerShell
[0.646s] DEBUG:colcon.colcon_core.shell:Skip shell extension 'dsv' for command environment
[0.655s] DEBUG:colcon.colcon_core.event_handler.log_command:Invoking command in '/home/administrator/code/nmpc_ws/build/people_msgs': CMAKE_PREFIX_PATH=/opt/ros/humble /usr/bin/cmake --build /home/administrator/code/nmpc_ws/build/people_msgs -- -j4 -l4
[1.298s] DEBUG:colcon.colcon_core.event_handler.log_command:Invoked command in '/home/administrator/code/nmpc_ws/build/people_msgs' returned '0': CMAKE_PREFIX_PATH=/opt/ros/humble /usr/bin/cmake --build /home/administrator/code/nmpc_ws/build/people_msgs -- -j4 -l4
[1.317s] DEBUG:colcon.colcon_core.event_handler.log_command:Invoking command in '/home/administrator/code/nmpc_ws/build/people_msgs': CMAKE_PREFIX_PATH=/opt/ros/humble /usr/bin/cmake --install /home/administrator/code/nmpc_ws/build/people_msgs
[1.395s] Level 1:colcon.colcon_core.environment:create_environment_scripts_only(people_msgs)
[1.396s] DEBUG:colcon.colcon_core.event_handler.log_command:Invoked command in '/home/administrator/code/nmpc_ws/build/people_msgs' returned '0': CMAKE_PREFIX_PATH=/opt/ros/humble /usr/bin/cmake --install /home/administrator/code/nmpc_ws/build/people_msgs
[1.400s] Level 1:colcon.colcon_core.environment:checking '/home/administrator/code/nmpc_ws/install/people_msgs' for CMake module files
[1.401s] Level 1:colcon.colcon_core.environment:checking '/home/administrator/code/nmpc_ws/install/people_msgs' for CMake config files
[1.402s] Level 1:colcon.colcon_core.shell:create_environment_hook('people_msgs', 'cmake_prefix_path')
[1.402s] INFO:colcon.colcon_core.shell:Creating environment hook '/home/administrator/code/nmpc_ws/install/people_msgs/share/people_msgs/hook/cmake_prefix_path.ps1'
[1.403s] INFO:colcon.colcon_core.shell:Creating environment descriptor '/home/administrator/code/nmpc_ws/install/people_msgs/share/people_msgs/hook/cmake_prefix_path.dsv'
[1.404s] INFO:colcon.colcon_core.shell:Creating environment hook '/home/administrator/code/nmpc_ws/install/people_msgs/share/people_msgs/hook/cmake_prefix_path.sh'
[1.406s] Level 1:colcon.colcon_core.environment:checking '/home/administrator/code/nmpc_ws/install/people_msgs/lib'
[1.406s] Level 1:colcon.colcon_core.shell:create_environment_hook('people_msgs', 'ld_library_path_lib')
[1.406s] INFO:colcon.colcon_core.shell:Creating environment hook '/home/administrator/code/nmpc_ws/install/people_msgs/share/people_msgs/hook/ld_library_path_lib.ps1'
[1.407s] INFO:colcon.colcon_core.shell:Creating environment descriptor '/home/administrator/code/nmpc_ws/install/people_msgs/share/people_msgs/hook/ld_library_path_lib.dsv'
[1.407s] INFO:colcon.colcon_core.shell:Creating environment hook '/home/administrator/code/nmpc_ws/install/people_msgs/share/people_msgs/hook/ld_library_path_lib.sh'
[1.408s] Level 1:colcon.colcon_core.environment:checking '/home/administrator/code/nmpc_ws/install/people_msgs/bin'
[1.408s] Level 1:colcon.colcon_core.environment:checking '/home/administrator/code/nmpc_ws/install/people_msgs/lib/pkgconfig/people_msgs.pc'
[1.408s] Level 1:colcon.colcon_core.environment:checking '/home/administrator/code/nmpc_ws/install/people_msgs/lib/python3.10/site-packages'
[1.409s] Level 1:colcon.colcon_core.environment:checking '/home/administrator/code/nmpc_ws/install/people_msgs/bin'
[1.409s] INFO:colcon.colcon_core.shell:Creating package script '/home/administrator/code/nmpc_ws/install/people_msgs/share/people_msgs/package.ps1'
[1.410s] INFO:colcon.colcon_core.shell:Creating package descriptor '/home/administrator/code/nmpc_ws/install/people_msgs/share/people_msgs/package.dsv'
[1.411s] INFO:colcon.colcon_core.shell:Creating package script '/home/administrator/code/nmpc_ws/install/people_msgs/share/people_msgs/package.sh'
[1.413s] INFO:colcon.colcon_core.shell:Creating package script '/home/administrator/code/nmpc_ws/install/people_msgs/share/people_msgs/package.bash'
[1.414s] INFO:colcon.colcon_core.shell:Creating package script '/home/administrator/code/nmpc_ws/install/people_msgs/share/people_msgs/package.zsh'
[1.415s] Level 1:colcon.colcon_core.environment:create_file_with_runtime_dependencies(/home/administrator/code/nmpc_ws/install/people_msgs/share/colcon-core/packages/people_msgs)
[1.416s] Level 1:colcon.colcon_core.environment:create_environment_scripts_only(people_msgs)
[1.416s] Level 1:colcon.colcon_core.environment:checking '/home/administrator/code/nmpc_ws/install/people_msgs' for CMake module files
[1.417s] Level 1:colcon.colcon_core.environment:checking '/home/administrator/code/nmpc_ws/install/people_msgs' for CMake config files
[1.418s] Level 1:colcon.colcon_core.shell:create_environment_hook('people_msgs', 'cmake_prefix_path')
[1.418s] INFO:colcon.colcon_core.shell:Creating environment hook '/home/administrator/code/nmpc_ws/install/people_msgs/share/people_msgs/hook/cmake_prefix_path.ps1'
[1.419s] INFO:colcon.colcon_core.shell:Creating environment descriptor '/home/administrator/code/nmpc_ws/install/people_msgs/share/people_msgs/hook/cmake_prefix_path.dsv'
[1.420s] INFO:colcon.colcon_core.shell:Creating environment hook '/home/administrator/code/nmpc_ws/install/people_msgs/share/people_msgs/hook/cmake_prefix_path.sh'
[1.421s] Level 1:colcon.colcon_core.environment:checking '/home/administrator/code/nmpc_ws/install/people_msgs/lib'
[1.422s] Level 1:colcon.colcon_core.shell:create_environment_hook('people_msgs', 'ld_library_path_lib')
[1.422s] INFO:colcon.colcon_core.shell:Creating environment hook '/home/administrator/code/nmpc_ws/install/people_msgs/share/people_msgs/hook/ld_library_path_lib.ps1'
[1.423s] INFO:colcon.colcon_core.shell:Creating environment descriptor '/home/administrator/code/nmpc_ws/install/people_msgs/share/people_msgs/hook/ld_library_path_lib.dsv'
[1.423s] INFO:colcon.colcon_core.shell:Creating environment hook '/home/administrator/code/nmpc_ws/install/people_msgs/share/people_msgs/hook/ld_library_path_lib.sh'
[1.424s] Level 1:colcon.colcon_core.environment:checking '/home/administrator/code/nmpc_ws/install/people_msgs/bin'
[1.424s] Level 1:colcon.colcon_core.environment:checking '/home/administrator/code/nmpc_ws/install/people_msgs/lib/pkgconfig/people_msgs.pc'
[1.425s] Level 1:colcon.colcon_core.environment:checking '/home/administrator/code/nmpc_ws/install/people_msgs/lib/python3.10/site-packages'
[1.425s] Level 1:colcon.colcon_core.environment:checking '/home/administrator/code/nmpc_ws/install/people_msgs/bin'
[1.425s] INFO:colcon.colcon_core.shell:Creating package script '/home/administrator/code/nmpc_ws/install/people_msgs/share/people_msgs/package.ps1'
[1.426s] INFO:colcon.colcon_core.shell:Creating package descriptor '/home/administrator/code/nmpc_ws/install/people_msgs/share/people_msgs/package.dsv'
[1.427s] INFO:colcon.colcon_core.shell:Creating package script '/home/administrator/code/nmpc_ws/install/people_msgs/share/people_msgs/package.sh'
[1.427s] INFO:colcon.colcon_core.shell:Creating package script '/home/administrator/code/nmpc_ws/install/people_msgs/share/people_msgs/package.bash'
[1.428s] INFO:colcon.colcon_core.shell:Creating package script '/home/administrator/code/nmpc_ws/install/people_msgs/share/people_msgs/package.zsh'
[1.428s] Level 1:colcon.colcon_core.environment:create_file_with_runtime_dependencies(/home/administrator/code/nmpc_ws/install/people_msgs/share/colcon-core/packages/people_msgs)
[1.429s] INFO:colcon.colcon_ros.task.ament_python.build:Building ROS package in '/home/administrator/code/nmpc_ws/src/nmpc_pkg' with build type 'ament_python'
[1.429s] Level 1:colcon.colcon_core.shell:create_environment_hook('nmpc_pkg', 'ament_prefix_path')
[1.429s] INFO:colcon.colcon_core.shell:Creating environment hook '/home/administrator/code/nmpc_ws/install/nmpc_pkg/share/nmpc_pkg/hook/ament_prefix_path.ps1'
[1.430s] INFO:colcon.colcon_core.shell:Creating environment descriptor '/home/administrator/code/nmpc_ws/install/nmpc_pkg/share/nmpc_pkg/hook/ament_prefix_path.dsv'
[1.431s] INFO:colcon.colcon_core.shell:Creating environment hook '/home/administrator/code/nmpc_ws/install/nmpc_pkg/share/nmpc_pkg/hook/ament_prefix_path.sh'
[1.432s] INFO:colcon.colcon_core.shell:Skip shell extension 'powershell' for command environment: Not usable outside of PowerShell
[1.432s] DEBUG:colcon.colcon_core.shell:Skip shell extension 'dsv' for command environment
[1.857s] INFO:colcon.colcon_core.task.python.build:Building Python package in '/home/administrator/code/nmpc_ws/src/nmpc_pkg'
[1.857s] INFO:colcon.colcon_core.shell:Skip shell extension 'powershell' for command environment: Not usable outside of PowerShell
[1.857s] DEBUG:colcon.colcon_core.shell:Skip shell extension 'dsv' for command environment
[2.583s] DEBUG:colcon.colcon_core.event_handler.log_command:Invoking command in '/home/administrator/code/nmpc_ws/src/nmpc_pkg': AMENT_PREFIX_PATH=/home/administrator/code/nmpc_ws/install/people_msgs:${AMENT_PREFIX_PATH} CMAKE_PREFIX_PATH=/home/administrator/code/nmpc_ws/install/people_msgs LD_LIBRARY_PATH=/home/administrator/code/nmpc_ws/install/people_msgs/lib:${LD_LIBRARY_PATH} PYTHONPATH=/home/administrator/code/nmpc_ws/build/nmpc_pkg/prefix_override:/usr/lib/python3/dist-packages/colcon_core/task/python/colcon_distutils_commands:/home/administrator/code/nmpc_ws/install/nmpc_pkg/lib/python3.10/site-packages:/home/administrator/code/nmpc_ws/install/people_msgs/local/lib/python3.10/dist-packages:${PYTHONPATH} /usr/bin/python3 -W ignore:setup.py install is deprecated -W ignore:easy_install command is deprecated setup.py egg_info --egg-base ../../build/nmpc_pkg build --build-base /home/administrator/code/nmpc_ws/build/nmpc_pkg/build install --record /home/administrator/code/nmpc_ws/build/nmpc_pkg/install.log --single-version-externally-managed install_data
[3.163s] Level 1:colcon.colcon_core.environment:checking '/home/administrator/code/nmpc_ws/install/nmpc_pkg' for CMake module files
[3.164s] DEBUG:colcon.colcon_core.event_handler.log_command:Invoked command in '/home/administrator/code/nmpc_ws/src/nmpc_pkg' returned '0': AMENT_PREFIX_PATH=/home/administrator/code/nmpc_ws/install/people_msgs:${AMENT_PREFIX_PATH} CMAKE_PREFIX_PATH=/home/administrator/code/nmpc_ws/install/people_msgs LD_LIBRARY_PATH=/home/administrator/code/nmpc_ws/install/people_msgs/lib:${LD_LIBRARY_PATH} PYTHONPATH=/home/administrator/code/nmpc_ws/build/nmpc_pkg/prefix_override:/usr/lib/python3/dist-packages/colcon_core/task/python/colcon_distutils_commands:/home/administrator/code/nmpc_ws/install/nmpc_pkg/lib/python3.10/site-packages:/home/administrator/code/nmpc_ws/install/people_msgs/local/lib/python3.10/dist-packages:${PYTHONPATH} /usr/bin/python3 -W ignore:setup.py install is deprecated -W ignore:easy_install command is deprecated setup.py egg_info --egg-base ../../build/nmpc_pkg build --build-base /home/administrator/code/nmpc_ws/build/nmpc_pkg/build install --record /home/administrator/code/nmpc_ws/build/nmpc_pkg/install.log --single-version-externally-managed install_data
[3.164s] Level 1:colcon.colcon_core.environment:checking '/home/administrator/code/nmpc_ws/install/nmpc_pkg' for CMake config files
[3.165s] Level 1:colcon.colcon_core.environment:checking '/home/administrator/code/nmpc_ws/install/nmpc_pkg/lib'
[3.165s] Level 1:colcon.colcon_core.environment:checking '/home/administrator/code/nmpc_ws/install/nmpc_pkg/bin'
[3.165s] Level 1:colcon.colcon_core.environment:checking '/home/administrator/code/nmpc_ws/install/nmpc_pkg/lib/pkgconfig/nmpc_pkg.pc'
[3.165s] Level 1:colcon.colcon_core.environment:checking '/home/administrator/code/nmpc_ws/install/nmpc_pkg/lib/python3.10/site-packages'
[3.165s] Level 1:colcon.colcon_core.shell:create_environment_hook('nmpc_pkg', 'pythonpath')
[3.166s] INFO:colcon.colcon_core.shell:Creating environment hook '/home/administrator/code/nmpc_ws/install/nmpc_pkg/share/nmpc_pkg/hook/pythonpath.ps1'
[3.166s] INFO:colcon.colcon_core.shell:Creating environment descriptor '/home/administrator/code/nmpc_ws/install/nmpc_pkg/share/nmpc_pkg/hook/pythonpath.dsv'
[3.167s] INFO:colcon.colcon_core.shell:Creating environment hook '/home/administrator/code/nmpc_ws/install/nmpc_pkg/share/nmpc_pkg/hook/pythonpath.sh'
[3.167s] Level 1:colcon.colcon_core.environment:checking '/home/administrator/code/nmpc_ws/install/nmpc_pkg/bin'
[3.167s] Level 1:colcon.colcon_core.environment:create_environment_scripts_only(nmpc_pkg)
[3.168s] INFO:colcon.colcon_core.shell:Creating package script '/home/administrator/code/nmpc_ws/install/nmpc_pkg/share/nmpc_pkg/package.ps1'
[3.169s] INFO:colcon.colcon_core.shell:Creating package descriptor '/home/administrator/code/nmpc_ws/install/nmpc_pkg/share/nmpc_pkg/package.dsv'
[3.169s] INFO:colcon.colcon_core.shell:Creating package script '/home/administrator/code/nmpc_ws/install/nmpc_pkg/share/nmpc_pkg/package.sh'
[3.170s] INFO:colcon.colcon_core.shell:Creating package script '/home/administrator/code/nmpc_ws/install/nmpc_pkg/share/nmpc_pkg/package.bash'
[3.170s] INFO:colcon.colcon_core.shell:Creating package script '/home/administrator/code/nmpc_ws/install/nmpc_pkg/share/nmpc_pkg/package.zsh'
[3.171s] Level 1:colcon.colcon_core.environment:create_file_with_runtime_dependencies(/home/administrator/code/nmpc_ws/install/nmpc_pkg/share/colcon-core/packages/nmpc_pkg)
[3.171s] DEBUG:colcon.colcon_parallel_executor.executor.parallel:closing loop
[3.172s] DEBUG:colcon.colcon_parallel_executor.executor.parallel:loop closed
[3.172s] DEBUG:colcon.colcon_parallel_executor.executor.parallel:run_until_complete finished with '0'
[3.172s] DEBUG:colcon.colcon_core.event_reactor:joining thread
[3.185s] INFO:colcon.colcon_core.plugin_system:Skipping extension 'colcon_notification.desktop_notification.notify_send': Could not find 'notify-send'
[3.186s] INFO:colcon.colcon_core.plugin_system:Skipping extension 'colcon_notification.desktop_notification.terminal_notifier': Not used on non-Darwin systems
[3.186s] INFO:colcon.colcon_core.plugin_system:Skipping extension 'colcon_notification.desktop_notification.win32': Not used on non-Windows systems
[3.187s] INFO:colcon.colcon_notification.desktop_notification:Sending desktop notification using 'notify2'
[3.189s] DEBUG:colcon.colcon_notification.desktop_notification.notify2:Failed to initialize notify2: org.freedesktop.DBus.Error.ServiceUnknown: The name org.freedesktop.Notifications was not provided by any .service files
[3.191s] DEBUG:colcon.colcon_core.event_reactor:joined thread
[3.191s] INFO:colcon.colcon_core.shell:Creating prefix script '/home/administrator/code/nmpc_ws/install/local_setup.ps1'
[3.194s] INFO:colcon.colcon_core.shell:Creating prefix util module '/home/administrator/code/nmpc_ws/install/_local_setup_util_ps1.py'
[3.198s] INFO:colcon.colcon_core.shell:Creating prefix chain script '/home/administrator/code/nmpc_ws/install/setup.ps1'
[3.201s] INFO:colcon.colcon_core.shell:Creating prefix script '/home/administrator/code/nmpc_ws/install/local_setup.sh'
[3.205s] INFO:colcon.colcon_core.shell:Creating prefix util module '/home/administrator/code/nmpc_ws/install/_local_setup_util_sh.py'
[3.218s] INFO:colcon.colcon_core.shell:Creating prefix chain script '/home/administrator/code/nmpc_ws/install/setup.sh'
[3.224s] INFO:colcon.colcon_core.shell:Creating prefix script '/home/administrator/code/nmpc_ws/install/local_setup.bash'
[3.227s] INFO:colcon.colcon_core.shell:Creating prefix chain script '/home/administrator/code/nmpc_ws/install/setup.bash'
[3.232s] INFO:colcon.colcon_core.shell:Creating prefix script '/home/administrator/code/nmpc_ws/install/local_setup.zsh'
[3.242s] INFO:colcon.colcon_core.shell:Creating prefix chain script '/home/administrator/code/nmpc_ws/install/setup.zsh'
