[0.138s] DEBUG:colcon:Command line arguments: ['/usr/bin/colcon', 'build', '--packages-select', 'nmpc_pkg']
[0.138s] DEBUG:colcon:Parsed command line arguments: Namespace(log_base=None, log_level=None, verb_name='build', build_base='build', install_base='install', merge_install=False, symlink_install=False, test_result_base=None, continue_on_error=False, executor='parallel', parallel_workers=4, event_handlers=None, ignore_user_meta=False, metas=['./colcon.meta'], base_paths=['.'], packages_ignore=None, packages_ignore_regex=None, paths=None, packages_up_to=None, packages_up_to_regex=None, packages_above=None, packages_above_and_dependencies=None, packages_above_depth=None, packages_select_by_dep=None, packages_skip_by_dep=None, packages_skip_up_to=None, packages_select_build_failed=False, packages_skip_build_finished=False, packages_select_test_failures=False, packages_skip_test_passed=False, packages_select=['nmpc_pkg'], packages_skip=None, packages_select_regex=None, packages_skip_regex=None, packages_start=None, packages_end=None, allow_overriding=[], cmake_args=None, cmake_target=None, cmake_target_skip_unavailable=False, cmake_clean_cache=False, cmake_clean_first=False, cmake_force_configure=False, ament_cmake_args=None, catkin_cmake_args=None, catkin_skip_building_tests=False, mixin_files=None, mixin=None, verb_parser=<colcon_mixin.mixin.mixin_argument.MixinArgumentDecorator object at 0x7f25bde15660>, verb_extension=<colcon_core.verb.build.BuildVerb object at 0x7f25bde150f0>, main=<bound method BuildVerb.main of <colcon_core.verb.build.BuildVerb object at 0x7f25bde150f0>>, mixin_verb=('build',))
[0.369s] Level 1:colcon.colcon_core.package_discovery:discover_packages(colcon_meta) check parameters
[0.369s] Level 1:colcon.colcon_core.package_discovery:discover_packages(recursive) check parameters
[0.369s] Level 1:colcon.colcon_core.package_discovery:discover_packages(ignore) check parameters
[0.369s] Level 1:colcon.colcon_core.package_discovery:discover_packages(path) check parameters
[0.369s] Level 1:colcon.colcon_core.package_discovery:discover_packages(colcon_meta) discover
[0.370s] Level 1:colcon.colcon_core.package_discovery:discover_packages(recursive) discover
[0.370s] INFO:colcon.colcon_core.package_discovery:Crawling recursively for packages in '/home/administrator/code/nmpc_ws'
[0.370s] Level 1:colcon.colcon_core.package_identification:_identify(.) by extensions ['ignore', 'ignore_ament_install']
[0.370s] Level 1:colcon.colcon_core.package_identification:_identify(.) by extension 'ignore'
[0.370s] Level 1:colcon.colcon_core.package_identification:_identify(.) by extension 'ignore_ament_install'
[0.370s] Level 1:colcon.colcon_core.package_identification:_identify(.) by extensions ['colcon_pkg']
[0.370s] Level 1:colcon.colcon_core.package_identification:_identify(.) by extension 'colcon_pkg'
[0.370s] Level 1:colcon.colcon_core.package_identification:_identify(.) by extensions ['colcon_meta']
[0.370s] Level 1:colcon.colcon_core.package_identification:_identify(.) by extension 'colcon_meta'
[0.370s] Level 1:colcon.colcon_core.package_identification:_identify(.) by extensions ['ros']
[0.370s] Level 1:colcon.colcon_core.package_identification:_identify(.) by extension 'ros'
[0.383s] Level 1:colcon.colcon_core.package_identification:_identify(.) by extensions ['cmake', 'python']
[0.383s] Level 1:colcon.colcon_core.package_identification:_identify(.) by extension 'cmake'
[0.383s] Level 1:colcon.colcon_core.package_identification:_identify(.) by extension 'python'
[0.383s] Level 1:colcon.colcon_core.package_identification:_identify(.) by extensions ['python_setup_py']
[0.383s] Level 1:colcon.colcon_core.package_identification:_identify(.) by extension 'python_setup_py'
[0.384s] Level 1:colcon.colcon_core.package_identification:_identify(build) by extensions ['ignore', 'ignore_ament_install']
[0.384s] Level 1:colcon.colcon_core.package_identification:_identify(build) by extension 'ignore'
[0.384s] Level 1:colcon.colcon_core.package_identification:_identify(build) ignored
[0.384s] Level 1:colcon.colcon_core.package_identification:_identify(data) by extensions ['ignore', 'ignore_ament_install']
[0.384s] Level 1:colcon.colcon_core.package_identification:_identify(data) by extension 'ignore'
[0.384s] Level 1:colcon.colcon_core.package_identification:_identify(data) by extension 'ignore_ament_install'
[0.384s] Level 1:colcon.colcon_core.package_identification:_identify(data) by extensions ['colcon_pkg']
[0.385s] Level 1:colcon.colcon_core.package_identification:_identify(data) by extension 'colcon_pkg'
[0.385s] Level 1:colcon.colcon_core.package_identification:_identify(data) by extensions ['colcon_meta']
[0.385s] Level 1:colcon.colcon_core.package_identification:_identify(data) by extension 'colcon_meta'
[0.385s] Level 1:colcon.colcon_core.package_identification:_identify(data) by extensions ['ros']
[0.385s] Level 1:colcon.colcon_core.package_identification:_identify(data) by extension 'ros'
[0.385s] Level 1:colcon.colcon_core.package_identification:_identify(data) by extensions ['cmake', 'python']
[0.385s] Level 1:colcon.colcon_core.package_identification:_identify(data) by extension 'cmake'
[0.385s] Level 1:colcon.colcon_core.package_identification:_identify(data) by extension 'python'
[0.385s] Level 1:colcon.colcon_core.package_identification:_identify(data) by extensions ['python_setup_py']
[0.385s] Level 1:colcon.colcon_core.package_identification:_identify(data) by extension 'python_setup_py'
[0.385s] Level 1:colcon.colcon_core.package_identification:_identify(data/trajectories) by extensions ['ignore', 'ignore_ament_install']
[0.386s] Level 1:colcon.colcon_core.package_identification:_identify(data/trajectories) by extension 'ignore'
[0.386s] Level 1:colcon.colcon_core.package_identification:_identify(data/trajectories) by extension 'ignore_ament_install'
[0.386s] Level 1:colcon.colcon_core.package_identification:_identify(data/trajectories) by extensions ['colcon_pkg']
[0.386s] Level 1:colcon.colcon_core.package_identification:_identify(data/trajectories) by extension 'colcon_pkg'
[0.386s] Level 1:colcon.colcon_core.package_identification:_identify(data/trajectories) by extensions ['colcon_meta']
[0.386s] Level 1:colcon.colcon_core.package_identification:_identify(data/trajectories) by extension 'colcon_meta'
[0.386s] Level 1:colcon.colcon_core.package_identification:_identify(data/trajectories) by extensions ['ros']
[0.386s] Level 1:colcon.colcon_core.package_identification:_identify(data/trajectories) by extension 'ros'
[0.386s] Level 1:colcon.colcon_core.package_identification:_identify(data/trajectories) by extensions ['cmake', 'python']
[0.386s] Level 1:colcon.colcon_core.package_identification:_identify(data/trajectories) by extension 'cmake'
[0.386s] Level 1:colcon.colcon_core.package_identification:_identify(data/trajectories) by extension 'python'
[0.386s] Level 1:colcon.colcon_core.package_identification:_identify(data/trajectories) by extensions ['python_setup_py']
[0.386s] Level 1:colcon.colcon_core.package_identification:_identify(data/trajectories) by extension 'python_setup_py'
[0.387s] Level 1:colcon.colcon_core.package_identification:_identify(install) by extensions ['ignore', 'ignore_ament_install']
[0.387s] Level 1:colcon.colcon_core.package_identification:_identify(install) by extension 'ignore'
[0.387s] Level 1:colcon.colcon_core.package_identification:_identify(install) ignored
[0.387s] Level 1:colcon.colcon_core.package_identification:_identify(log) by extensions ['ignore', 'ignore_ament_install']
[0.387s] Level 1:colcon.colcon_core.package_identification:_identify(log) by extension 'ignore'
[0.388s] Level 1:colcon.colcon_core.package_identification:_identify(log) ignored
[0.388s] Level 1:colcon.colcon_core.package_identification:_identify(src) by extensions ['ignore', 'ignore_ament_install']
[0.388s] Level 1:colcon.colcon_core.package_identification:_identify(src) by extension 'ignore'
[0.388s] Level 1:colcon.colcon_core.package_identification:_identify(src) by extension 'ignore_ament_install'
[0.388s] Level 1:colcon.colcon_core.package_identification:_identify(src) by extensions ['colcon_pkg']
[0.388s] Level 1:colcon.colcon_core.package_identification:_identify(src) by extension 'colcon_pkg'
[0.388s] Level 1:colcon.colcon_core.package_identification:_identify(src) by extensions ['colcon_meta']
[0.388s] Level 1:colcon.colcon_core.package_identification:_identify(src) by extension 'colcon_meta'
[0.388s] Level 1:colcon.colcon_core.package_identification:_identify(src) by extensions ['ros']
[0.388s] Level 1:colcon.colcon_core.package_identification:_identify(src) by extension 'ros'
[0.389s] Level 1:colcon.colcon_core.package_identification:_identify(src) by extensions ['cmake', 'python']
[0.389s] Level 1:colcon.colcon_core.package_identification:_identify(src) by extension 'cmake'
[0.389s] Level 1:colcon.colcon_core.package_identification:_identify(src) by extension 'python'
[0.389s] Level 1:colcon.colcon_core.package_identification:_identify(src) by extensions ['python_setup_py']
[0.389s] Level 1:colcon.colcon_core.package_identification:_identify(src) by extension 'python_setup_py'
[0.389s] Level 1:colcon.colcon_core.package_identification:_identify(src/nmpc_pkg) by extensions ['ignore', 'ignore_ament_install']
[0.389s] Level 1:colcon.colcon_core.package_identification:_identify(src/nmpc_pkg) by extension 'ignore'
[0.390s] Level 1:colcon.colcon_core.package_identification:_identify(src/nmpc_pkg) by extension 'ignore_ament_install'
[0.390s] Level 1:colcon.colcon_core.package_identification:_identify(src/nmpc_pkg) by extensions ['colcon_pkg']
[0.390s] Level 1:colcon.colcon_core.package_identification:_identify(src/nmpc_pkg) by extension 'colcon_pkg'
[0.390s] Level 1:colcon.colcon_core.package_identification:_identify(src/nmpc_pkg) by extensions ['colcon_meta']
[0.390s] Level 1:colcon.colcon_core.package_identification:_identify(src/nmpc_pkg) by extension 'colcon_meta'
[0.390s] Level 1:colcon.colcon_core.package_identification:_identify(src/nmpc_pkg) by extensions ['ros']
[0.390s] Level 1:colcon.colcon_core.package_identification:_identify(src/nmpc_pkg) by extension 'ros'
[0.394s] DEBUG:colcon.colcon_core.package_identification:Package 'src/nmpc_pkg' with type 'ros.ament_python' and name 'nmpc_pkg'
[0.394s] Level 1:colcon.colcon_core.package_identification:_identify(src/people_msgs) by extensions ['ignore', 'ignore_ament_install']
[0.394s] Level 1:colcon.colcon_core.package_identification:_identify(src/people_msgs) by extension 'ignore'
[0.394s] Level 1:colcon.colcon_core.package_identification:_identify(src/people_msgs) by extension 'ignore_ament_install'
[0.394s] Level 1:colcon.colcon_core.package_identification:_identify(src/people_msgs) by extensions ['colcon_pkg']
[0.394s] Level 1:colcon.colcon_core.package_identification:_identify(src/people_msgs) by extension 'colcon_pkg'
[0.394s] Level 1:colcon.colcon_core.package_identification:_identify(src/people_msgs) by extensions ['colcon_meta']
[0.394s] Level 1:colcon.colcon_core.package_identification:_identify(src/people_msgs) by extension 'colcon_meta'
[0.394s] Level 1:colcon.colcon_core.package_identification:_identify(src/people_msgs) by extensions ['ros']
[0.394s] Level 1:colcon.colcon_core.package_identification:_identify(src/people_msgs) by extension 'ros'
[0.395s] Level 1:colcon.colcon_core.package_identification:_identify(src/people_msgs) by extensions ['cmake', 'python']
[0.395s] Level 1:colcon.colcon_core.package_identification:_identify(src/people_msgs) by extension 'cmake'
[0.395s] Level 1:colcon.colcon_core.package_identification:_identify(src/people_msgs) by extension 'python'
[0.395s] Level 1:colcon.colcon_core.package_identification:_identify(src/people_msgs) by extensions ['python_setup_py']
[0.395s] Level 1:colcon.colcon_core.package_identification:_identify(src/people_msgs) by extension 'python_setup_py'
[0.395s] Level 1:colcon.colcon_core.package_identification:_identify(src/people_msgs/face_detector) by extensions ['ignore', 'ignore_ament_install']
[0.395s] Level 1:colcon.colcon_core.package_identification:_identify(src/people_msgs/face_detector) by extension 'ignore'
[0.395s] Level 1:colcon.colcon_core.package_identification:_identify(src/people_msgs/face_detector) ignored
[0.395s] Level 1:colcon.colcon_core.package_identification:_identify(src/people_msgs/leg_detector) by extensions ['ignore', 'ignore_ament_install']
[0.395s] Level 1:colcon.colcon_core.package_identification:_identify(src/people_msgs/leg_detector) by extension 'ignore'
[0.395s] Level 1:colcon.colcon_core.package_identification:_identify(src/people_msgs/leg_detector) ignored
[0.396s] Level 1:colcon.colcon_core.package_identification:_identify(src/people_msgs/people) by extensions ['ignore', 'ignore_ament_install']
[0.396s] Level 1:colcon.colcon_core.package_identification:_identify(src/people_msgs/people) by extension 'ignore'
[0.396s] Level 1:colcon.colcon_core.package_identification:_identify(src/people_msgs/people) ignored
[0.396s] Level 1:colcon.colcon_core.package_identification:_identify(src/people_msgs/people_msgs) by extensions ['ignore', 'ignore_ament_install']
[0.396s] Level 1:colcon.colcon_core.package_identification:_identify(src/people_msgs/people_msgs) by extension 'ignore'
[0.396s] Level 1:colcon.colcon_core.package_identification:_identify(src/people_msgs/people_msgs) by extension 'ignore_ament_install'
[0.396s] Level 1:colcon.colcon_core.package_identification:_identify(src/people_msgs/people_msgs) by extensions ['colcon_pkg']
[0.396s] Level 1:colcon.colcon_core.package_identification:_identify(src/people_msgs/people_msgs) by extension 'colcon_pkg'
[0.396s] Level 1:colcon.colcon_core.package_identification:_identify(src/people_msgs/people_msgs) by extensions ['colcon_meta']
[0.396s] Level 1:colcon.colcon_core.package_identification:_identify(src/people_msgs/people_msgs) by extension 'colcon_meta'
[0.396s] Level 1:colcon.colcon_core.package_identification:_identify(src/people_msgs/people_msgs) by extensions ['ros']
[0.396s] Level 1:colcon.colcon_core.package_identification:_identify(src/people_msgs/people_msgs) by extension 'ros'
[0.397s] DEBUG:colcon.colcon_core.package_identification:Package 'src/people_msgs/people_msgs' with type 'ros.ament_cmake' and name 'people_msgs'
[0.397s] Level 1:colcon.colcon_core.package_identification:_identify(src/people_msgs/people_tracking_filter) by extensions ['ignore', 'ignore_ament_install']
[0.397s] Level 1:colcon.colcon_core.package_identification:_identify(src/people_msgs/people_tracking_filter) by extension 'ignore'
[0.398s] Level 1:colcon.colcon_core.package_identification:_identify(src/people_msgs/people_tracking_filter) ignored
[0.398s] Level 1:colcon.colcon_core.package_identification:_identify(src/people_msgs/people_velocity_tracker) by extensions ['ignore', 'ignore_ament_install']
[0.398s] Level 1:colcon.colcon_core.package_identification:_identify(src/people_msgs/people_velocity_tracker) by extension 'ignore'
[0.398s] Level 1:colcon.colcon_core.package_identification:_identify(src/people_msgs/people_velocity_tracker) ignored
[0.398s] Level 1:colcon.colcon_core.package_discovery:discover_packages(recursive) using defaults
[0.398s] Level 1:colcon.colcon_core.package_discovery:discover_packages(ignore) discover
[0.398s] Level 1:colcon.colcon_core.package_discovery:discover_packages(ignore) using defaults
[0.398s] Level 1:colcon.colcon_core.package_discovery:discover_packages(path) discover
[0.398s] Level 1:colcon.colcon_core.package_discovery:discover_packages(path) using defaults
[0.436s] INFO:colcon.colcon_core.package_selection:Skipping not selected package 'people_msgs' in 'src/people_msgs/people_msgs'
[0.437s] Level 1:colcon.colcon_core.package_discovery:discover_packages(prefix_path) check parameters
[0.437s] Level 1:colcon.colcon_core.package_discovery:discover_packages(prefix_path) discover
[0.439s] DEBUG:colcon.colcon_installed_package_information.package_discovery:Found 2 installed packages in /home/administrator/code/nmpc_ws/install
[0.441s] DEBUG:colcon.colcon_installed_package_information.package_discovery:Found 400 installed packages in /opt/ros/humble
[0.443s] Level 1:colcon.colcon_core.package_discovery:discover_packages(prefix_path) using defaults
[0.509s] Level 5:colcon.colcon_core.verb:set package 'nmpc_pkg' build argument 'cmake_args' from command line to 'None'
[0.509s] Level 5:colcon.colcon_core.verb:set package 'nmpc_pkg' build argument 'cmake_target' from command line to 'None'
[0.509s] Level 5:colcon.colcon_core.verb:set package 'nmpc_pkg' build argument 'cmake_target_skip_unavailable' from command line to 'False'
[0.509s] Level 5:colcon.colcon_core.verb:set package 'nmpc_pkg' build argument 'cmake_clean_cache' from command line to 'False'
[0.509s] Level 5:colcon.colcon_core.verb:set package 'nmpc_pkg' build argument 'cmake_clean_first' from command line to 'False'
[0.509s] Level 5:colcon.colcon_core.verb:set package 'nmpc_pkg' build argument 'cmake_force_configure' from command line to 'False'
[0.509s] Level 5:colcon.colcon_core.verb:set package 'nmpc_pkg' build argument 'ament_cmake_args' from command line to 'None'
[0.509s] Level 5:colcon.colcon_core.verb:set package 'nmpc_pkg' build argument 'catkin_cmake_args' from command line to 'None'
[0.509s] Level 5:colcon.colcon_core.verb:set package 'nmpc_pkg' build argument 'catkin_skip_building_tests' from command line to 'False'
[0.509s] DEBUG:colcon.colcon_core.verb:Building package 'nmpc_pkg' with the following arguments: {'ament_cmake_args': None, 'build_base': '/home/administrator/code/nmpc_ws/build/nmpc_pkg', 'catkin_cmake_args': None, 'catkin_skip_building_tests': False, 'cmake_args': None, 'cmake_clean_cache': False, 'cmake_clean_first': False, 'cmake_force_configure': False, 'cmake_target': None, 'cmake_target_skip_unavailable': False, 'install_base': '/home/administrator/code/nmpc_ws/install/nmpc_pkg', 'merge_install': False, 'path': '/home/administrator/code/nmpc_ws/src/nmpc_pkg', 'symlink_install': False, 'test_result_base': None}
[0.509s] INFO:colcon.colcon_core.executor:Executing jobs using 'parallel' executor
[0.511s] DEBUG:colcon.colcon_parallel_executor.executor.parallel:run_until_complete
[0.511s] INFO:colcon.colcon_ros.task.ament_python.build:Building ROS package in '/home/administrator/code/nmpc_ws/src/nmpc_pkg' with build type 'ament_python'
[0.511s] Level 1:colcon.colcon_core.shell:create_environment_hook('nmpc_pkg', 'ament_prefix_path')
[0.513s] INFO:colcon.colcon_core.plugin_system:Skipping extension 'colcon_core.shell.bat': Not used on non-Windows systems
[0.514s] INFO:colcon.colcon_core.shell:Creating environment hook '/home/administrator/code/nmpc_ws/install/nmpc_pkg/share/nmpc_pkg/hook/ament_prefix_path.ps1'
[0.514s] INFO:colcon.colcon_core.shell:Creating environment descriptor '/home/administrator/code/nmpc_ws/install/nmpc_pkg/share/nmpc_pkg/hook/ament_prefix_path.dsv'
[0.517s] INFO:colcon.colcon_core.shell:Creating environment hook '/home/administrator/code/nmpc_ws/install/nmpc_pkg/share/nmpc_pkg/hook/ament_prefix_path.sh'
[0.518s] INFO:colcon.colcon_core.shell:Skip shell extension 'powershell' for command environment: Not usable outside of PowerShell
[0.518s] DEBUG:colcon.colcon_core.shell:Skip shell extension 'dsv' for command environment
[0.856s] INFO:colcon.colcon_core.task.python.build:Building Python package in '/home/administrator/code/nmpc_ws/src/nmpc_pkg'
[0.857s] INFO:colcon.colcon_core.shell:Skip shell extension 'powershell' for command environment: Not usable outside of PowerShell
[0.857s] DEBUG:colcon.colcon_core.shell:Skip shell extension 'dsv' for command environment
[1.323s] DEBUG:colcon.colcon_core.event_handler.log_command:Invoking command in '/home/administrator/code/nmpc_ws/src/nmpc_pkg': PYTHONPATH=/home/administrator/code/nmpc_ws/build/nmpc_pkg/prefix_override:/usr/lib/python3/dist-packages/colcon_core/task/python/colcon_distutils_commands:/home/administrator/code/nmpc_ws/install/nmpc_pkg/lib/python3.10/site-packages:${PYTHONPATH} /usr/bin/python3 -W ignore:setup.py install is deprecated -W ignore:easy_install command is deprecated setup.py egg_info --egg-base ../../build/nmpc_pkg build --build-base /home/administrator/code/nmpc_ws/build/nmpc_pkg/build install --record /home/administrator/code/nmpc_ws/build/nmpc_pkg/install.log --single-version-externally-managed install_data
[1.770s] DEBUG:colcon.colcon_core.event_handler.log_command:Invoked command in '/home/administrator/code/nmpc_ws/src/nmpc_pkg' returned '0': PYTHONPATH=/home/administrator/code/nmpc_ws/build/nmpc_pkg/prefix_override:/usr/lib/python3/dist-packages/colcon_core/task/python/colcon_distutils_commands:/home/administrator/code/nmpc_ws/install/nmpc_pkg/lib/python3.10/site-packages:${PYTHONPATH} /usr/bin/python3 -W ignore:setup.py install is deprecated -W ignore:easy_install command is deprecated setup.py egg_info --egg-base ../../build/nmpc_pkg build --build-base /home/administrator/code/nmpc_ws/build/nmpc_pkg/build install --record /home/administrator/code/nmpc_ws/build/nmpc_pkg/install.log --single-version-externally-managed install_data
[1.773s] Level 1:colcon.colcon_core.environment:checking '/home/administrator/code/nmpc_ws/install/nmpc_pkg' for CMake module files
[1.774s] Level 1:colcon.colcon_core.environment:checking '/home/administrator/code/nmpc_ws/install/nmpc_pkg' for CMake config files
[1.774s] Level 1:colcon.colcon_core.environment:checking '/home/administrator/code/nmpc_ws/install/nmpc_pkg/lib'
[1.774s] Level 1:colcon.colcon_core.environment:checking '/home/administrator/code/nmpc_ws/install/nmpc_pkg/bin'
[1.775s] Level 1:colcon.colcon_core.environment:checking '/home/administrator/code/nmpc_ws/install/nmpc_pkg/lib/pkgconfig/nmpc_pkg.pc'
[1.775s] Level 1:colcon.colcon_core.environment:checking '/home/administrator/code/nmpc_ws/install/nmpc_pkg/lib/python3.10/site-packages'
[1.775s] Level 1:colcon.colcon_core.shell:create_environment_hook('nmpc_pkg', 'pythonpath')
[1.775s] INFO:colcon.colcon_core.shell:Creating environment hook '/home/administrator/code/nmpc_ws/install/nmpc_pkg/share/nmpc_pkg/hook/pythonpath.ps1'
[1.776s] INFO:colcon.colcon_core.shell:Creating environment descriptor '/home/administrator/code/nmpc_ws/install/nmpc_pkg/share/nmpc_pkg/hook/pythonpath.dsv'
[1.776s] INFO:colcon.colcon_core.shell:Creating environment hook '/home/administrator/code/nmpc_ws/install/nmpc_pkg/share/nmpc_pkg/hook/pythonpath.sh'
[1.777s] Level 1:colcon.colcon_core.environment:checking '/home/administrator/code/nmpc_ws/install/nmpc_pkg/bin'
[1.777s] Level 1:colcon.colcon_core.environment:create_environment_scripts_only(nmpc_pkg)
[1.778s] INFO:colcon.colcon_core.shell:Creating package script '/home/administrator/code/nmpc_ws/install/nmpc_pkg/share/nmpc_pkg/package.ps1'
[1.778s] INFO:colcon.colcon_core.shell:Creating package descriptor '/home/administrator/code/nmpc_ws/install/nmpc_pkg/share/nmpc_pkg/package.dsv'
[1.779s] INFO:colcon.colcon_core.shell:Creating package script '/home/administrator/code/nmpc_ws/install/nmpc_pkg/share/nmpc_pkg/package.sh'
[1.780s] INFO:colcon.colcon_core.shell:Creating package script '/home/administrator/code/nmpc_ws/install/nmpc_pkg/share/nmpc_pkg/package.bash'
[1.781s] INFO:colcon.colcon_core.shell:Creating package script '/home/administrator/code/nmpc_ws/install/nmpc_pkg/share/nmpc_pkg/package.zsh'
[1.782s] Level 1:colcon.colcon_core.environment:create_file_with_runtime_dependencies(/home/administrator/code/nmpc_ws/install/nmpc_pkg/share/colcon-core/packages/nmpc_pkg)
[1.782s] DEBUG:colcon.colcon_parallel_executor.executor.parallel:closing loop
[1.782s] DEBUG:colcon.colcon_parallel_executor.executor.parallel:loop closed
[1.783s] DEBUG:colcon.colcon_parallel_executor.executor.parallel:run_until_complete finished with '0'
[1.783s] DEBUG:colcon.colcon_core.event_reactor:joining thread
[1.791s] INFO:colcon.colcon_core.plugin_system:Skipping extension 'colcon_notification.desktop_notification.notify_send': Could not find 'notify-send'
[1.791s] INFO:colcon.colcon_core.plugin_system:Skipping extension 'colcon_notification.desktop_notification.terminal_notifier': Not used on non-Darwin systems
[1.791s] INFO:colcon.colcon_core.plugin_system:Skipping extension 'colcon_notification.desktop_notification.win32': Not used on non-Windows systems
[1.791s] INFO:colcon.colcon_notification.desktop_notification:Sending desktop notification using 'notify2'
[1.792s] DEBUG:colcon.colcon_notification.desktop_notification.notify2:Failed to initialize notify2: org.freedesktop.DBus.Error.ServiceUnknown: The name org.freedesktop.Notifications was not provided by any .service files
[1.792s] DEBUG:colcon.colcon_core.event_reactor:joined thread
[1.792s] INFO:colcon.colcon_core.shell:Creating prefix script '/home/administrator/code/nmpc_ws/install/local_setup.ps1'
[1.794s] INFO:colcon.colcon_core.shell:Creating prefix util module '/home/administrator/code/nmpc_ws/install/_local_setup_util_ps1.py'
[1.795s] INFO:colcon.colcon_core.shell:Creating prefix chain script '/home/administrator/code/nmpc_ws/install/setup.ps1'
[1.797s] INFO:colcon.colcon_core.shell:Creating prefix script '/home/administrator/code/nmpc_ws/install/local_setup.sh'
[1.798s] INFO:colcon.colcon_core.shell:Creating prefix util module '/home/administrator/code/nmpc_ws/install/_local_setup_util_sh.py'
[1.798s] INFO:colcon.colcon_core.shell:Creating prefix chain script '/home/administrator/code/nmpc_ws/install/setup.sh'
[1.800s] INFO:colcon.colcon_core.shell:Creating prefix script '/home/administrator/code/nmpc_ws/install/local_setup.bash'
[1.801s] INFO:colcon.colcon_core.shell:Creating prefix chain script '/home/administrator/code/nmpc_ws/install/setup.bash'
[1.802s] INFO:colcon.colcon_core.shell:Creating prefix script '/home/administrator/code/nmpc_ws/install/local_setup.zsh'
[1.803s] INFO:colcon.colcon_core.shell:Creating prefix chain script '/home/administrator/code/nmpc_ws/install/setup.zsh'
