[1.331s] Invoking command in '/home/administrator/nmpc_ws/src/nmpc_pkg': PYTHONPATH=/home/administrator/nmpc_ws/build/nmpc_pkg/prefix_override:/home/administrator/nmpc_ws/install/nmpc_pkg/lib/python3.10/site-packages:${PYTHONPATH} /usr/bin/python3 setup.py egg_info --egg-base ../../build/nmpc_pkg build --build-base /home/administrator/nmpc_ws/build/nmpc_pkg/build install --record /home/administrator/nmpc_ws/build/nmpc_pkg/install.log --single-version-externally-managed
[1.680s] running egg_info
[1.680s] writing ../../build/nmpc_pkg/nmpc_pkg.egg-info/PKG-INFO
[1.681s] writing dependency_links to ../../build/nmpc_pkg/nmpc_pkg.egg-info/dependency_links.txt
[1.683s] writing entry points to ../../build/nmpc_pkg/nmpc_pkg.egg-info/entry_points.txt
[1.683s] writing requirements to ../../build/nmpc_pkg/nmpc_pkg.egg-info/requires.txt
[1.683s] writing top-level names to ../../build/nmpc_pkg/nmpc_pkg.egg-info/top_level.txt
[1.686s] reading manifest file '../../build/nmpc_pkg/nmpc_pkg.egg-info/SOURCES.txt'
[1.687s] writing manifest file '../../build/nmpc_pkg/nmpc_pkg.egg-info/SOURCES.txt'
[1.687s] running build
[1.687s] running build_py
[1.687s] copying nmpc_pkg/record.py -> /home/administrator/nmpc_ws/build/nmpc_pkg/build/lib/nmpc_pkg
[1.688s] running install
[1.688s] running install_lib
[1.689s] copying /home/administrator/nmpc_ws/build/nmpc_pkg/build/lib/nmpc_pkg/record.py -> /home/administrator/nmpc_ws/install/nmpc_pkg/lib/python3.10/site-packages/nmpc_pkg
[1.690s] byte-compiling /home/administrator/nmpc_ws/install/nmpc_pkg/lib/python3.10/site-packages/nmpc_pkg/record.py to record.cpython-310.pyc
[1.691s] running install_data
[1.692s] running install_egg_info
[1.694s] removing '/home/administrator/nmpc_ws/install/nmpc_pkg/lib/python3.10/site-packages/nmpc_pkg-0.0.0-py3.10.egg-info' (and everything under it)
[1.694s] Copying ../../build/nmpc_pkg/nmpc_pkg.egg-info to /home/administrator/nmpc_ws/install/nmpc_pkg/lib/python3.10/site-packages/nmpc_pkg-0.0.0-py3.10.egg-info
[1.695s] running install_scripts
[1.719s] Installing record script to /home/administrator/nmpc_ws/install/nmpc_pkg/lib/nmpc_pkg
[1.720s] writing list of installed files to '/home/administrator/nmpc_ws/build/nmpc_pkg/install.log'
[1.759s] Invoked command in '/home/administrator/nmpc_ws/src/nmpc_pkg' returned '0': PYTHONPATH=/home/administrator/nmpc_ws/build/nmpc_pkg/prefix_override:/home/administrator/nmpc_ws/install/nmpc_pkg/lib/python3.10/site-packages:${PYTHONPATH} /usr/bin/python3 setup.py egg_info --egg-base ../../build/nmpc_pkg build --build-base /home/administrator/nmpc_ws/build/nmpc_pkg/build install --record /home/administrator/nmpc_ws/build/nmpc_pkg/install.log --single-version-externally-managed
