[0.011s] Invoking command in '/home/administrator/code/nmpc_ws/build/people_msgs': CMAKE_PREFIX_PATH=${CMAKE_PREFIX_PATH}:/home/administrator/code/nmpc_ws/install/nmpc_pkg:/opt/ros/humble /usr/bin/cmake --build /home/administrator/code/nmpc_ws/build/people_msgs -- -j4 -l4
[0.066s] [  1%] Built target people_msgs__cpp
[0.084s] [ 12%] Built target people_msgs__rosidl_generator_c
[0.097s] [ 12%] Built target ament_cmake_python_copy_people_msgs
[0.102s] [ 31%] Built target people_msgs__rosidl_typesupport_cpp
[0.102s] [ 34%] Built target people_msgs__rosidl_typesupport_fastrtps_cpp
[0.121s] [ 46%] Built target people_msgs__rosidl_typesupport_introspection_cpp
[0.138s] [ 63%] Built target people_msgs__rosidl_typesupport_c
[0.138s] [ 71%] Built target people_msgs__rosidl_typesupport_introspection_c
[0.139s] [ 79%] Built target people_msgs__rosidl_typesupport_fastrtps_c
[0.168s] [ 79%] Built target people_msgs
[0.190s] [ 80%] Built target people_msgs__py
[0.219s] [ 90%] Built target people_msgs__rosidl_generator_py
[0.252s] [ 95%] Built target people_msgs__rosidl_typesupport_c__pyext
[0.252s] [ 96%] Built target people_msgs__rosidl_typesupport_fastrtps_c__pyext
[0.256s] [100%] Built target people_msgs__rosidl_typesupport_introspection_c__pyext
[0.494s] running egg_info
[0.496s] writing people_msgs.egg-info/PKG-INFO
[0.496s] writing dependency_links to people_msgs.egg-info/dependency_links.txt
[0.499s] writing top-level names to people_msgs.egg-info/top_level.txt
[0.503s] reading manifest file 'people_msgs.egg-info/SOURCES.txt'
[0.504s] writing manifest file 'people_msgs.egg-info/SOURCES.txt'
[0.546s] [100%] Built target ament_cmake_python_build_people_msgs_egg
[0.560s] Invoked command in '/home/administrator/code/nmpc_ws/build/people_msgs' returned '0': CMAKE_PREFIX_PATH=${CMAKE_PREFIX_PATH}:/home/administrator/code/nmpc_ws/install/nmpc_pkg:/opt/ros/humble /usr/bin/cmake --build /home/administrator/code/nmpc_ws/build/people_msgs -- -j4 -l4
[0.572s] Invoking command in '/home/administrator/code/nmpc_ws/build/people_msgs': CMAKE_PREFIX_PATH=${CMAKE_PREFIX_PATH}:/home/administrator/code/nmpc_ws/install/nmpc_pkg:/opt/ros/humble /usr/bin/cmake --install /home/administrator/code/nmpc_ws/build/people_msgs
[0.580s] -- Install configuration: ""
[0.580s] -- Up-to-date: /home/administrator/code/nmpc_ws/install/people_msgs/share/ament_index/resource_index/rosidl_interfaces/people_msgs
[0.580s] -- Up-to-date: /home/administrator/code/nmpc_ws/install/people_msgs/include/people_msgs/people_msgs
[0.580s] -- Up-to-date: /home/administrator/code/nmpc_ws/install/people_msgs/include/people_msgs/people_msgs/msg
[0.581s] -- Up-to-date: /home/administrator/code/nmpc_ws/install/people_msgs/include/people_msgs/people_msgs/msg/person_stamped.h
[0.581s] -- Up-to-date: /home/administrator/code/nmpc_ws/install/people_msgs/include/people_msgs/people_msgs/msg/position_measurement.h
[0.581s] -- Up-to-date: /home/administrator/code/nmpc_ws/install/people_msgs/include/people_msgs/people_msgs/msg/person.h
[0.581s] -- Up-to-date: /home/administrator/code/nmpc_ws/install/people_msgs/include/people_msgs/people_msgs/msg/position_measurement_array.h
[0.581s] -- Up-to-date: /home/administrator/code/nmpc_ws/install/people_msgs/include/people_msgs/people_msgs/msg/rosidl_generator_c__visibility_control.h
[0.581s] -- Up-to-date: /home/administrator/code/nmpc_ws/install/people_msgs/include/people_msgs/people_msgs/msg/detail
[0.581s] -- Up-to-date: /home/administrator/code/nmpc_ws/install/people_msgs/include/people_msgs/people_msgs/msg/detail/people__type_support.h
[0.581s] -- Up-to-date: /home/administrator/code/nmpc_ws/install/people_msgs/include/people_msgs/people_msgs/msg/detail/position_measurement_array__type_support.h
[0.581s] -- Up-to-date: /home/administrator/code/nmpc_ws/install/people_msgs/include/people_msgs/people_msgs/msg/detail/person__functions.h
[0.582s] -- Up-to-date: /home/administrator/code/nmpc_ws/install/people_msgs/include/people_msgs/people_msgs/msg/detail/people__functions.h
[0.582s] -- Up-to-date: /home/administrator/code/nmpc_ws/install/people_msgs/include/people_msgs/people_msgs/msg/detail/person_stamped__struct.h
[0.582s] -- Up-to-date: /home/administrator/code/nmpc_ws/install/people_msgs/include/people_msgs/people_msgs/msg/detail/position_measurement__functions.h
[0.582s] -- Up-to-date: /home/administrator/code/nmpc_ws/install/people_msgs/include/people_msgs/people_msgs/msg/detail/person__functions.c
[0.582s] -- Up-to-date: /home/administrator/code/nmpc_ws/install/people_msgs/include/people_msgs/people_msgs/msg/detail/person__type_support.h
[0.582s] -- Up-to-date: /home/administrator/code/nmpc_ws/install/people_msgs/include/people_msgs/people_msgs/msg/detail/position_measurement_array__struct.h
[0.582s] -- Up-to-date: /home/administrator/code/nmpc_ws/install/people_msgs/include/people_msgs/people_msgs/msg/detail/person__struct.h
[0.582s] -- Up-to-date: /home/administrator/code/nmpc_ws/install/people_msgs/include/people_msgs/people_msgs/msg/detail/position_measurement__functions.c
[0.583s] -- Up-to-date: /home/administrator/code/nmpc_ws/install/people_msgs/include/people_msgs/people_msgs/msg/detail/person_stamped__functions.c
[0.583s] -- Up-to-date: /home/administrator/code/nmpc_ws/install/people_msgs/include/people_msgs/people_msgs/msg/detail/position_measurement__type_support.h
[0.583s] -- Up-to-date: /home/administrator/code/nmpc_ws/install/people_msgs/include/people_msgs/people_msgs/msg/detail/position_measurement_array__functions.h
[0.583s] -- Up-to-date: /home/administrator/code/nmpc_ws/install/people_msgs/include/people_msgs/people_msgs/msg/detail/position_measurement__struct.h
[0.583s] -- Up-to-date: /home/administrator/code/nmpc_ws/install/people_msgs/include/people_msgs/people_msgs/msg/detail/people__functions.c
[0.583s] -- Up-to-date: /home/administrator/code/nmpc_ws/install/people_msgs/include/people_msgs/people_msgs/msg/detail/person_stamped__type_support.h
[0.583s] -- Up-to-date: /home/administrator/code/nmpc_ws/install/people_msgs/include/people_msgs/people_msgs/msg/detail/people__struct.h
[0.583s] -- Up-to-date: /home/administrator/code/nmpc_ws/install/people_msgs/include/people_msgs/people_msgs/msg/detail/person_stamped__functions.h
[0.583s] -- Up-to-date: /home/administrator/code/nmpc_ws/install/people_msgs/include/people_msgs/people_msgs/msg/detail/position_measurement_array__functions.c
[0.584s] -- Up-to-date: /home/administrator/code/nmpc_ws/install/people_msgs/include/people_msgs/people_msgs/msg/people.h
[0.584s] -- Up-to-date: /home/administrator/code/nmpc_ws/install/people_msgs/share/people_msgs/environment/library_path.sh
[0.584s] -- Up-to-date: /home/administrator/code/nmpc_ws/install/people_msgs/share/people_msgs/environment/library_path.dsv
[0.584s] -- Up-to-date: /home/administrator/code/nmpc_ws/install/people_msgs/lib/libpeople_msgs__rosidl_generator_c.so
[0.584s] -- Up-to-date: /home/administrator/code/nmpc_ws/install/people_msgs/include/people_msgs/people_msgs
[0.584s] -- Up-to-date: /home/administrator/code/nmpc_ws/install/people_msgs/include/people_msgs/people_msgs/msg
[0.584s] -- Up-to-date: /home/administrator/code/nmpc_ws/install/people_msgs/include/people_msgs/people_msgs/msg/rosidl_typesupport_fastrtps_c__visibility_control.h
[0.584s] -- Up-to-date: /home/administrator/code/nmpc_ws/install/people_msgs/include/people_msgs/people_msgs/msg/detail
[0.584s] -- Up-to-date: /home/administrator/code/nmpc_ws/install/people_msgs/include/people_msgs/people_msgs/msg/detail/people__rosidl_typesupport_fastrtps_c.h
[0.585s] -- Up-to-date: /home/administrator/code/nmpc_ws/install/people_msgs/include/people_msgs/people_msgs/msg/detail/person__rosidl_typesupport_fastrtps_c.h
[0.585s] -- Up-to-date: /home/administrator/code/nmpc_ws/install/people_msgs/include/people_msgs/people_msgs/msg/detail/position_measurement__rosidl_typesupport_fastrtps_c.h
[0.585s] -- Up-to-date: /home/administrator/code/nmpc_ws/install/people_msgs/include/people_msgs/people_msgs/msg/detail/position_measurement_array__rosidl_typesupport_fastrtps_c.h
[0.585s] -- Up-to-date: /home/administrator/code/nmpc_ws/install/people_msgs/include/people_msgs/people_msgs/msg/detail/person_stamped__rosidl_typesupport_fastrtps_c.h
[0.585s] -- Up-to-date: /home/administrator/code/nmpc_ws/install/people_msgs/lib/libpeople_msgs__rosidl_typesupport_fastrtps_c.so
[0.585s] -- Up-to-date: /home/administrator/code/nmpc_ws/install/people_msgs/include/people_msgs/people_msgs
[0.585s] -- Up-to-date: /home/administrator/code/nmpc_ws/install/people_msgs/include/people_msgs/people_msgs/msg
[0.586s] -- Up-to-date: /home/administrator/code/nmpc_ws/install/people_msgs/include/people_msgs/people_msgs/msg/rosidl_typesupport_introspection_c__visibility_control.h
[0.586s] -- Up-to-date: /home/administrator/code/nmpc_ws/install/people_msgs/include/people_msgs/people_msgs/msg/detail
[0.586s] -- Up-to-date: /home/administrator/code/nmpc_ws/install/people_msgs/include/people_msgs/people_msgs/msg/detail/person_stamped__rosidl_typesupport_introspection_c.h
[0.586s] -- Up-to-date: /home/administrator/code/nmpc_ws/install/people_msgs/include/people_msgs/people_msgs/msg/detail/position_measurement__rosidl_typesupport_introspection_c.h
[0.586s] -- Up-to-date: /home/administrator/code/nmpc_ws/install/people_msgs/include/people_msgs/people_msgs/msg/detail/position_measurement__type_support.c
[0.586s] -- Up-to-date: /home/administrator/code/nmpc_ws/install/people_msgs/include/people_msgs/people_msgs/msg/detail/person__rosidl_typesupport_introspection_c.h
[0.586s] -- Up-to-date: /home/administrator/code/nmpc_ws/install/people_msgs/include/people_msgs/people_msgs/msg/detail/person_stamped__type_support.c
[0.586s] -- Up-to-date: /home/administrator/code/nmpc_ws/install/people_msgs/include/people_msgs/people_msgs/msg/detail/people__rosidl_typesupport_introspection_c.h
[0.586s] -- Up-to-date: /home/administrator/code/nmpc_ws/install/people_msgs/include/people_msgs/people_msgs/msg/detail/person__type_support.c
[0.586s] -- Up-to-date: /home/administrator/code/nmpc_ws/install/people_msgs/include/people_msgs/people_msgs/msg/detail/position_measurement_array__rosidl_typesupport_introspection_c.h
[0.587s] -- Up-to-date: /home/administrator/code/nmpc_ws/install/people_msgs/include/people_msgs/people_msgs/msg/detail/position_measurement_array__type_support.c
[0.587s] -- Up-to-date: /home/administrator/code/nmpc_ws/install/people_msgs/include/people_msgs/people_msgs/msg/detail/people__type_support.c
[0.587s] -- Up-to-date: /home/administrator/code/nmpc_ws/install/people_msgs/lib/libpeople_msgs__rosidl_typesupport_introspection_c.so
[0.587s] -- Up-to-date: /home/administrator/code/nmpc_ws/install/people_msgs/lib/libpeople_msgs__rosidl_typesupport_c.so
[0.587s] -- Up-to-date: /home/administrator/code/nmpc_ws/install/people_msgs/include/people_msgs/people_msgs
[0.587s] -- Up-to-date: /home/administrator/code/nmpc_ws/install/people_msgs/include/people_msgs/people_msgs/msg
[0.587s] -- Up-to-date: /home/administrator/code/nmpc_ws/install/people_msgs/include/people_msgs/people_msgs/msg/position_measurement.hpp
[0.587s] -- Up-to-date: /home/administrator/code/nmpc_ws/install/people_msgs/include/people_msgs/people_msgs/msg/rosidl_generator_cpp__visibility_control.hpp
[0.587s] -- Up-to-date: /home/administrator/code/nmpc_ws/install/people_msgs/include/people_msgs/people_msgs/msg/people.hpp
[0.588s] -- Up-to-date: /home/administrator/code/nmpc_ws/install/people_msgs/include/people_msgs/people_msgs/msg/position_measurement_array.hpp
[0.588s] -- Up-to-date: /home/administrator/code/nmpc_ws/install/people_msgs/include/people_msgs/people_msgs/msg/person_stamped.hpp
[0.588s] -- Up-to-date: /home/administrator/code/nmpc_ws/install/people_msgs/include/people_msgs/people_msgs/msg/person.hpp
[0.588s] -- Up-to-date: /home/administrator/code/nmpc_ws/install/people_msgs/include/people_msgs/people_msgs/msg/detail
[0.588s] -- Up-to-date: /home/administrator/code/nmpc_ws/install/people_msgs/include/people_msgs/people_msgs/msg/detail/position_measurement__struct.hpp
[0.588s] -- Up-to-date: /home/administrator/code/nmpc_ws/install/people_msgs/include/people_msgs/people_msgs/msg/detail/person__builder.hpp
[0.589s] -- Up-to-date: /home/administrator/code/nmpc_ws/install/people_msgs/include/people_msgs/people_msgs/msg/detail/person_stamped__traits.hpp
[0.589s] -- Up-to-date: /home/administrator/code/nmpc_ws/install/people_msgs/include/people_msgs/people_msgs/msg/detail/person_stamped__struct.hpp
[0.589s] -- Up-to-date: /home/administrator/code/nmpc_ws/install/people_msgs/include/people_msgs/people_msgs/msg/detail/person_stamped__builder.hpp
[0.589s] -- Up-to-date: /home/administrator/code/nmpc_ws/install/people_msgs/include/people_msgs/people_msgs/msg/detail/position_measurement__traits.hpp
[0.589s] -- Up-to-date: /home/administrator/code/nmpc_ws/install/people_msgs/include/people_msgs/people_msgs/msg/detail/people__traits.hpp
[0.589s] -- Up-to-date: /home/administrator/code/nmpc_ws/install/people_msgs/include/people_msgs/people_msgs/msg/detail/person__traits.hpp
[0.589s] -- Up-to-date: /home/administrator/code/nmpc_ws/install/people_msgs/include/people_msgs/people_msgs/msg/detail/position_measurement_array__type_support.hpp
[0.589s] -- Up-to-date: /home/administrator/code/nmpc_ws/install/people_msgs/include/people_msgs/people_msgs/msg/detail/people__builder.hpp
[0.589s] -- Up-to-date: /home/administrator/code/nmpc_ws/install/people_msgs/include/people_msgs/people_msgs/msg/detail/position_measurement__type_support.hpp
[0.590s] -- Up-to-date: /home/administrator/code/nmpc_ws/install/people_msgs/include/people_msgs/people_msgs/msg/detail/position_measurement_array__builder.hpp
[0.590s] -- Up-to-date: /home/administrator/code/nmpc_ws/install/people_msgs/include/people_msgs/people_msgs/msg/detail/position_measurement_array__traits.hpp
[0.590s] -- Up-to-date: /home/administrator/code/nmpc_ws/install/people_msgs/include/people_msgs/people_msgs/msg/detail/people__type_support.hpp
[0.590s] -- Up-to-date: /home/administrator/code/nmpc_ws/install/people_msgs/include/people_msgs/people_msgs/msg/detail/person_stamped__type_support.hpp
[0.590s] -- Up-to-date: /home/administrator/code/nmpc_ws/install/people_msgs/include/people_msgs/people_msgs/msg/detail/people__struct.hpp
[0.590s] -- Up-to-date: /home/administrator/code/nmpc_ws/install/people_msgs/include/people_msgs/people_msgs/msg/detail/person__type_support.hpp
[0.590s] -- Up-to-date: /home/administrator/code/nmpc_ws/install/people_msgs/include/people_msgs/people_msgs/msg/detail/position_measurement_array__struct.hpp
[0.591s] -- Up-to-date: /home/administrator/code/nmpc_ws/install/people_msgs/include/people_msgs/people_msgs/msg/detail/position_measurement__builder.hpp
[0.591s] -- Up-to-date: /home/administrator/code/nmpc_ws/install/people_msgs/include/people_msgs/people_msgs/msg/detail/person__struct.hpp
[0.591s] -- Up-to-date: /home/administrator/code/nmpc_ws/install/people_msgs/include/people_msgs/people_msgs
[0.591s] -- Up-to-date: /home/administrator/code/nmpc_ws/install/people_msgs/include/people_msgs/people_msgs/msg
[0.591s] -- Up-to-date: /home/administrator/code/nmpc_ws/install/people_msgs/include/people_msgs/people_msgs/msg/rosidl_typesupport_fastrtps_cpp__visibility_control.h
[0.591s] -- Up-to-date: /home/administrator/code/nmpc_ws/install/people_msgs/include/people_msgs/people_msgs/msg/detail
[0.591s] -- Up-to-date: /home/administrator/code/nmpc_ws/install/people_msgs/include/people_msgs/people_msgs/msg/detail/position_measurement__rosidl_typesupport_fastrtps_cpp.hpp
[0.592s] -- Up-to-date: /home/administrator/code/nmpc_ws/install/people_msgs/include/people_msgs/people_msgs/msg/detail/position_measurement_array__rosidl_typesupport_fastrtps_cpp.hpp
[0.592s] -- Up-to-date: /home/administrator/code/nmpc_ws/install/people_msgs/include/people_msgs/people_msgs/msg/detail/person_stamped__rosidl_typesupport_fastrtps_cpp.hpp
[0.592s] -- Up-to-date: /home/administrator/code/nmpc_ws/install/people_msgs/include/people_msgs/people_msgs/msg/detail/person__rosidl_typesupport_fastrtps_cpp.hpp
[0.592s] -- Up-to-date: /home/administrator/code/nmpc_ws/install/people_msgs/include/people_msgs/people_msgs/msg/detail/people__rosidl_typesupport_fastrtps_cpp.hpp
[0.592s] -- Up-to-date: /home/administrator/code/nmpc_ws/install/people_msgs/include/people_msgs/people_msgs/msg/detail/dds_fastrtps
[0.592s] -- Up-to-date: /home/administrator/code/nmpc_ws/install/people_msgs/lib/libpeople_msgs__rosidl_typesupport_fastrtps_cpp.so
[0.593s] -- Up-to-date: /home/administrator/code/nmpc_ws/install/people_msgs/include/people_msgs/people_msgs
[0.593s] -- Up-to-date: /home/administrator/code/nmpc_ws/install/people_msgs/include/people_msgs/people_msgs/msg
[0.593s] -- Up-to-date: /home/administrator/code/nmpc_ws/install/people_msgs/include/people_msgs/people_msgs/msg/detail
[0.593s] -- Up-to-date: /home/administrator/code/nmpc_ws/install/people_msgs/include/people_msgs/people_msgs/msg/detail/people__type_support.cpp
[0.593s] -- Up-to-date: /home/administrator/code/nmpc_ws/install/people_msgs/include/people_msgs/people_msgs/msg/detail/position_measurement__type_support.cpp
[0.593s] -- Up-to-date: /home/administrator/code/nmpc_ws/install/people_msgs/include/people_msgs/people_msgs/msg/detail/position_measurement__rosidl_typesupport_introspection_cpp.hpp
[0.594s] -- Up-to-date: /home/administrator/code/nmpc_ws/install/people_msgs/include/people_msgs/people_msgs/msg/detail/position_measurement_array__rosidl_typesupport_introspection_cpp.hpp
[0.594s] -- Up-to-date: /home/administrator/code/nmpc_ws/install/people_msgs/include/people_msgs/people_msgs/msg/detail/people__rosidl_typesupport_introspection_cpp.hpp
[0.594s] -- Up-to-date: /home/administrator/code/nmpc_ws/install/people_msgs/include/people_msgs/people_msgs/msg/detail/person_stamped__rosidl_typesupport_introspection_cpp.hpp
[0.594s] -- Up-to-date: /home/administrator/code/nmpc_ws/install/people_msgs/include/people_msgs/people_msgs/msg/detail/person_stamped__type_support.cpp
[0.594s] -- Up-to-date: /home/administrator/code/nmpc_ws/install/people_msgs/include/people_msgs/people_msgs/msg/detail/person__rosidl_typesupport_introspection_cpp.hpp
[0.594s] -- Up-to-date: /home/administrator/code/nmpc_ws/install/people_msgs/include/people_msgs/people_msgs/msg/detail/person__type_support.cpp
[0.595s] -- Up-to-date: /home/administrator/code/nmpc_ws/install/people_msgs/include/people_msgs/people_msgs/msg/detail/position_measurement_array__type_support.cpp
[0.595s] -- Up-to-date: /home/administrator/code/nmpc_ws/install/people_msgs/lib/libpeople_msgs__rosidl_typesupport_introspection_cpp.so
[0.595s] -- Up-to-date: /home/administrator/code/nmpc_ws/install/people_msgs/lib/libpeople_msgs__rosidl_typesupport_cpp.so
[0.595s] -- Up-to-date: /home/administrator/code/nmpc_ws/install/people_msgs/share/people_msgs/environment/pythonpath.sh
[0.595s] -- Up-to-date: /home/administrator/code/nmpc_ws/install/people_msgs/share/people_msgs/environment/pythonpath.dsv
[0.595s] -- Up-to-date: /home/administrator/code/nmpc_ws/install/people_msgs/local/lib/python3.10/dist-packages/people_msgs-1.3.0-py3.10.egg-info
[0.595s] -- Installing: /home/administrator/code/nmpc_ws/install/people_msgs/local/lib/python3.10/dist-packages/people_msgs-1.3.0-py3.10.egg-info/PKG-INFO
[0.596s] -- Installing: /home/administrator/code/nmpc_ws/install/people_msgs/local/lib/python3.10/dist-packages/people_msgs-1.3.0-py3.10.egg-info/top_level.txt
[0.596s] -- Installing: /home/administrator/code/nmpc_ws/install/people_msgs/local/lib/python3.10/dist-packages/people_msgs-1.3.0-py3.10.egg-info/dependency_links.txt
[0.596s] -- Installing: /home/administrator/code/nmpc_ws/install/people_msgs/local/lib/python3.10/dist-packages/people_msgs-1.3.0-py3.10.egg-info/SOURCES.txt
[0.596s] -- Up-to-date: /home/administrator/code/nmpc_ws/install/people_msgs/local/lib/python3.10/dist-packages/people_msgs
[0.596s] -- Up-to-date: /home/administrator/code/nmpc_ws/install/people_msgs/local/lib/python3.10/dist-packages/people_msgs/people_msgs_s__rosidl_typesupport_c.cpython-310-x86_64-linux-gnu.so
[0.596s] -- Up-to-date: /home/administrator/code/nmpc_ws/install/people_msgs/local/lib/python3.10/dist-packages/people_msgs/people_msgs_s__rosidl_typesupport_fastrtps_c.cpython-310-x86_64-linux-gnu.so
[0.597s] -- Up-to-date: /home/administrator/code/nmpc_ws/install/people_msgs/local/lib/python3.10/dist-packages/people_msgs/_people_msgs_s.ep.rosidl_typesupport_fastrtps_c.c
[0.597s] -- Up-to-date: /home/administrator/code/nmpc_ws/install/people_msgs/local/lib/python3.10/dist-packages/people_msgs/_people_msgs_s.ep.rosidl_typesupport_introspection_c.c
[0.597s] -- Up-to-date: /home/administrator/code/nmpc_ws/install/people_msgs/local/lib/python3.10/dist-packages/people_msgs/__init__.py
[0.597s] -- Up-to-date: /home/administrator/code/nmpc_ws/install/people_msgs/local/lib/python3.10/dist-packages/people_msgs/people_msgs_s__rosidl_typesupport_introspection_c.cpython-310-x86_64-linux-gnu.so
[0.597s] -- Up-to-date: /home/administrator/code/nmpc_ws/install/people_msgs/local/lib/python3.10/dist-packages/people_msgs/msg
[0.597s] -- Up-to-date: /home/administrator/code/nmpc_ws/install/people_msgs/local/lib/python3.10/dist-packages/people_msgs/msg/_people.py
[0.597s] -- Up-to-date: /home/administrator/code/nmpc_ws/install/people_msgs/local/lib/python3.10/dist-packages/people_msgs/msg/_person_s.c
[0.598s] -- Up-to-date: /home/administrator/code/nmpc_ws/install/people_msgs/local/lib/python3.10/dist-packages/people_msgs/msg/_people_s.c
[0.598s] -- Up-to-date: /home/administrator/code/nmpc_ws/install/people_msgs/local/lib/python3.10/dist-packages/people_msgs/msg/_position_measurement_s.c
[0.598s] -- Up-to-date: /home/administrator/code/nmpc_ws/install/people_msgs/local/lib/python3.10/dist-packages/people_msgs/msg/_position_measurement_array.py
[0.598s] -- Up-to-date: /home/administrator/code/nmpc_ws/install/people_msgs/local/lib/python3.10/dist-packages/people_msgs/msg/_person_stamped_s.c
[0.598s] -- Up-to-date: /home/administrator/code/nmpc_ws/install/people_msgs/local/lib/python3.10/dist-packages/people_msgs/msg/__init__.py
[0.598s] -- Up-to-date: /home/administrator/code/nmpc_ws/install/people_msgs/local/lib/python3.10/dist-packages/people_msgs/msg/_position_measurement.py
[0.598s] -- Up-to-date: /home/administrator/code/nmpc_ws/install/people_msgs/local/lib/python3.10/dist-packages/people_msgs/msg/_person.py
[0.599s] -- Up-to-date: /home/administrator/code/nmpc_ws/install/people_msgs/local/lib/python3.10/dist-packages/people_msgs/msg/_person_stamped.py
[0.599s] -- Up-to-date: /home/administrator/code/nmpc_ws/install/people_msgs/local/lib/python3.10/dist-packages/people_msgs/msg/_position_measurement_array_s.c
[0.599s] -- Up-to-date: /home/administrator/code/nmpc_ws/install/people_msgs/local/lib/python3.10/dist-packages/people_msgs/_people_msgs_s.ep.rosidl_typesupport_c.c
[0.599s] -- Up-to-date: /home/administrator/code/nmpc_ws/install/people_msgs/local/lib/python3.10/dist-packages/people_msgs/libpeople_msgs__rosidl_generator_py.so
[0.631s] Listing '/home/administrator/code/nmpc_ws/install/people_msgs/local/lib/python3.10/dist-packages/people_msgs'...
[0.631s] Listing '/home/administrator/code/nmpc_ws/install/people_msgs/local/lib/python3.10/dist-packages/people_msgs/msg'...
[0.638s] -- Up-to-date: /home/administrator/code/nmpc_ws/install/people_msgs/local/lib/python3.10/dist-packages/people_msgs/people_msgs_s__rosidl_typesupport_fastrtps_c.cpython-310-x86_64-linux-gnu.so
[0.638s] -- Up-to-date: /home/administrator/code/nmpc_ws/install/people_msgs/local/lib/python3.10/dist-packages/people_msgs/people_msgs_s__rosidl_typesupport_introspection_c.cpython-310-x86_64-linux-gnu.so
[0.639s] -- Up-to-date: /home/administrator/code/nmpc_ws/install/people_msgs/local/lib/python3.10/dist-packages/people_msgs/people_msgs_s__rosidl_typesupport_c.cpython-310-x86_64-linux-gnu.so
[0.639s] -- Up-to-date: /home/administrator/code/nmpc_ws/install/people_msgs/lib/libpeople_msgs__rosidl_generator_py.so
[0.639s] -- Up-to-date: /home/administrator/code/nmpc_ws/install/people_msgs/share/people_msgs/msg/People.idl
[0.640s] -- Up-to-date: /home/administrator/code/nmpc_ws/install/people_msgs/share/people_msgs/msg/Person.idl
[0.640s] -- Up-to-date: /home/administrator/code/nmpc_ws/install/people_msgs/share/people_msgs/msg/PersonStamped.idl
[0.640s] -- Up-to-date: /home/administrator/code/nmpc_ws/install/people_msgs/share/people_msgs/msg/PositionMeasurement.idl
[0.640s] -- Up-to-date: /home/administrator/code/nmpc_ws/install/people_msgs/share/people_msgs/msg/PositionMeasurementArray.idl
[0.640s] -- Up-to-date: /home/administrator/code/nmpc_ws/install/people_msgs/share/people_msgs/msg/People.msg
[0.641s] -- Up-to-date: /home/administrator/code/nmpc_ws/install/people_msgs/share/people_msgs/msg/Person.msg
[0.641s] -- Up-to-date: /home/administrator/code/nmpc_ws/install/people_msgs/share/people_msgs/msg/PersonStamped.msg
[0.641s] -- Up-to-date: /home/administrator/code/nmpc_ws/install/people_msgs/share/people_msgs/msg/PositionMeasurement.msg
[0.641s] -- Up-to-date: /home/administrator/code/nmpc_ws/install/people_msgs/share/people_msgs/msg/PositionMeasurementArray.msg
[0.642s] -- Up-to-date: /home/administrator/code/nmpc_ws/install/people_msgs/share/ament_index/resource_index/package_run_dependencies/people_msgs
[0.642s] -- Up-to-date: /home/administrator/code/nmpc_ws/install/people_msgs/share/ament_index/resource_index/parent_prefix_path/people_msgs
[0.642s] -- Up-to-date: /home/administrator/code/nmpc_ws/install/people_msgs/share/people_msgs/environment/ament_prefix_path.sh
[0.642s] -- Up-to-date: /home/administrator/code/nmpc_ws/install/people_msgs/share/people_msgs/environment/ament_prefix_path.dsv
[0.642s] -- Up-to-date: /home/administrator/code/nmpc_ws/install/people_msgs/share/people_msgs/environment/path.sh
[0.642s] -- Up-to-date: /home/administrator/code/nmpc_ws/install/people_msgs/share/people_msgs/environment/path.dsv
[0.643s] -- Up-to-date: /home/administrator/code/nmpc_ws/install/people_msgs/share/people_msgs/local_setup.bash
[0.643s] -- Up-to-date: /home/administrator/code/nmpc_ws/install/people_msgs/share/people_msgs/local_setup.sh
[0.643s] -- Up-to-date: /home/administrator/code/nmpc_ws/install/people_msgs/share/people_msgs/local_setup.zsh
[0.643s] -- Up-to-date: /home/administrator/code/nmpc_ws/install/people_msgs/share/people_msgs/local_setup.dsv
[0.643s] -- Installing: /home/administrator/code/nmpc_ws/install/people_msgs/share/people_msgs/package.dsv
[0.644s] -- Up-to-date: /home/administrator/code/nmpc_ws/install/people_msgs/share/ament_index/resource_index/packages/people_msgs
[0.644s] -- Up-to-date: /home/administrator/code/nmpc_ws/install/people_msgs/share/people_msgs/cmake/export_people_msgs__rosidl_generator_cExport.cmake
[0.644s] -- Up-to-date: /home/administrator/code/nmpc_ws/install/people_msgs/share/people_msgs/cmake/export_people_msgs__rosidl_generator_cExport-noconfig.cmake
[0.644s] -- Up-to-date: /home/administrator/code/nmpc_ws/install/people_msgs/share/people_msgs/cmake/export_people_msgs__rosidl_typesupport_fastrtps_cExport.cmake
[0.644s] -- Up-to-date: /home/administrator/code/nmpc_ws/install/people_msgs/share/people_msgs/cmake/export_people_msgs__rosidl_typesupport_fastrtps_cExport-noconfig.cmake
[0.645s] -- Up-to-date: /home/administrator/code/nmpc_ws/install/people_msgs/share/people_msgs/cmake/people_msgs__rosidl_typesupport_introspection_cExport.cmake
[0.645s] -- Up-to-date: /home/administrator/code/nmpc_ws/install/people_msgs/share/people_msgs/cmake/people_msgs__rosidl_typesupport_introspection_cExport-noconfig.cmake
[0.645s] -- Up-to-date: /home/administrator/code/nmpc_ws/install/people_msgs/share/people_msgs/cmake/people_msgs__rosidl_typesupport_cExport.cmake
[0.645s] -- Up-to-date: /home/administrator/code/nmpc_ws/install/people_msgs/share/people_msgs/cmake/people_msgs__rosidl_typesupport_cExport-noconfig.cmake
[0.645s] -- Up-to-date: /home/administrator/code/nmpc_ws/install/people_msgs/share/people_msgs/cmake/export_people_msgs__rosidl_generator_cppExport.cmake
[0.645s] -- Up-to-date: /home/administrator/code/nmpc_ws/install/people_msgs/share/people_msgs/cmake/export_people_msgs__rosidl_typesupport_fastrtps_cppExport.cmake
[0.645s] -- Up-to-date: /home/administrator/code/nmpc_ws/install/people_msgs/share/people_msgs/cmake/export_people_msgs__rosidl_typesupport_fastrtps_cppExport-noconfig.cmake
[0.645s] -- Up-to-date: /home/administrator/code/nmpc_ws/install/people_msgs/share/people_msgs/cmake/people_msgs__rosidl_typesupport_introspection_cppExport.cmake
[0.646s] -- Up-to-date: /home/administrator/code/nmpc_ws/install/people_msgs/share/people_msgs/cmake/people_msgs__rosidl_typesupport_introspection_cppExport-noconfig.cmake
[0.646s] -- Up-to-date: /home/administrator/code/nmpc_ws/install/people_msgs/share/people_msgs/cmake/people_msgs__rosidl_typesupport_cppExport.cmake
[0.646s] -- Up-to-date: /home/administrator/code/nmpc_ws/install/people_msgs/share/people_msgs/cmake/people_msgs__rosidl_typesupport_cppExport-noconfig.cmake
[0.646s] -- Up-to-date: /home/administrator/code/nmpc_ws/install/people_msgs/share/people_msgs/cmake/export_people_msgs__rosidl_generator_pyExport.cmake
[0.646s] -- Up-to-date: /home/administrator/code/nmpc_ws/install/people_msgs/share/people_msgs/cmake/export_people_msgs__rosidl_generator_pyExport-noconfig.cmake
[0.646s] -- Up-to-date: /home/administrator/code/nmpc_ws/install/people_msgs/share/people_msgs/cmake/rosidl_cmake-extras.cmake
[0.646s] -- Up-to-date: /home/administrator/code/nmpc_ws/install/people_msgs/share/people_msgs/cmake/ament_cmake_export_dependencies-extras.cmake
[0.646s] -- Up-to-date: /home/administrator/code/nmpc_ws/install/people_msgs/share/people_msgs/cmake/ament_cmake_export_include_directories-extras.cmake
[0.646s] -- Up-to-date: /home/administrator/code/nmpc_ws/install/people_msgs/share/people_msgs/cmake/ament_cmake_export_libraries-extras.cmake
[0.646s] -- Up-to-date: /home/administrator/code/nmpc_ws/install/people_msgs/share/people_msgs/cmake/ament_cmake_export_targets-extras.cmake
[0.647s] -- Up-to-date: /home/administrator/code/nmpc_ws/install/people_msgs/share/people_msgs/cmake/rosidl_cmake_export_typesupport_targets-extras.cmake
[0.647s] -- Up-to-date: /home/administrator/code/nmpc_ws/install/people_msgs/share/people_msgs/cmake/rosidl_cmake_export_typesupport_libraries-extras.cmake
[0.648s] -- Up-to-date: /home/administrator/code/nmpc_ws/install/people_msgs/share/people_msgs/cmake/people_msgsConfig.cmake
[0.648s] -- Up-to-date: /home/administrator/code/nmpc_ws/install/people_msgs/share/people_msgs/cmake/people_msgsConfig-version.cmake
[0.648s] -- Up-to-date: /home/administrator/code/nmpc_ws/install/people_msgs/share/people_msgs/package.xml
[0.648s] Invoked command in '/home/administrator/code/nmpc_ws/build/people_msgs' returned '0': CMAKE_PREFIX_PATH=${CMAKE_PREFIX_PATH}:/home/administrator/code/nmpc_ws/install/nmpc_pkg:/opt/ros/humble /usr/bin/cmake --install /home/administrator/code/nmpc_ws/build/people_msgs
