[  1%] Built target people_msgs__cpp
[  4%] Built target ament_cmake_python_copy_people_msgs
[ 12%] Built target people_msgs__rosidl_generator_c
[ 23%] Built target people_msgs__rosidl_typesupport_fastrtps_cpp
[ 34%] Built target people_msgs__rosidl_typesupport_cpp
[ 46%] Built target people_msgs__rosidl_typesupport_introspection_cpp
[ 57%] Built target people_msgs__rosidl_typesupport_fastrtps_c
[ 68%] Built target people_msgs__rosidl_typesupport_introspection_c
[ 79%] Built target people_msgs__rosidl_typesupport_c
[ 79%] Built target people_msgs
[ 80%] Built target people_msgs__py
[ 90%] Built target people_msgs__rosidl_generator_py
[ 93%] Built target people_msgs__rosidl_typesupport_fastrtps_c__pyext
[ 98%] Built target people_msgs__rosidl_typesupport_c__pyext
[100%] Built target people_msgs__rosidl_typesupport_introspection_c__pyext
running egg_info
writing people_msgs.egg-info/PKG-INFO
writing dependency_links to people_msgs.egg-info/dependency_links.txt
writing top-level names to people_msgs.egg-info/top_level.txt
reading manifest file 'people_msgs.egg-info/SOURCES.txt'
writing manifest file 'people_msgs.egg-info/SOURCES.txt'
[100%] Built target ament_cmake_python_build_people_msgs_egg
-- Install configuration: ""
-- Up-to-date: /home/administrator/code/nmpc_ws/install/people_msgs/share/ament_index/resource_index/rosidl_interfaces/people_msgs
-- Up-to-date: /home/administrator/code/nmpc_ws/install/people_msgs/include/people_msgs/people_msgs
-- Up-to-date: /home/administrator/code/nmpc_ws/install/people_msgs/include/people_msgs/people_msgs/msg
-- Up-to-date: /home/administrator/code/nmpc_ws/install/people_msgs/include/people_msgs/people_msgs/msg/person_stamped.h
-- Up-to-date: /home/administrator/code/nmpc_ws/install/people_msgs/include/people_msgs/people_msgs/msg/position_measurement.h
-- Up-to-date: /home/administrator/code/nmpc_ws/install/people_msgs/include/people_msgs/people_msgs/msg/person.h
-- Up-to-date: /home/administrator/code/nmpc_ws/install/people_msgs/include/people_msgs/people_msgs/msg/position_measurement_array.h
-- Up-to-date: /home/administrator/code/nmpc_ws/install/people_msgs/include/people_msgs/people_msgs/msg/rosidl_generator_c__visibility_control.h
-- Up-to-date: /home/administrator/code/nmpc_ws/install/people_msgs/include/people_msgs/people_msgs/msg/detail
-- Up-to-date: /home/administrator/code/nmpc_ws/install/people_msgs/include/people_msgs/people_msgs/msg/detail/people__type_support.h
-- Up-to-date: /home/administrator/code/nmpc_ws/install/people_msgs/include/people_msgs/people_msgs/msg/detail/position_measurement_array__type_support.h
-- Up-to-date: /home/administrator/code/nmpc_ws/install/people_msgs/include/people_msgs/people_msgs/msg/detail/person__functions.h
-- Up-to-date: /home/administrator/code/nmpc_ws/install/people_msgs/include/people_msgs/people_msgs/msg/detail/people__functions.h
-- Up-to-date: /home/administrator/code/nmpc_ws/install/people_msgs/include/people_msgs/people_msgs/msg/detail/person_stamped__struct.h
-- Up-to-date: /home/administrator/code/nmpc_ws/install/people_msgs/include/people_msgs/people_msgs/msg/detail/position_measurement__functions.h
-- Up-to-date: /home/administrator/code/nmpc_ws/install/people_msgs/include/people_msgs/people_msgs/msg/detail/person__functions.c
-- Up-to-date: /home/administrator/code/nmpc_ws/install/people_msgs/include/people_msgs/people_msgs/msg/detail/person__type_support.h
-- Up-to-date: /home/administrator/code/nmpc_ws/install/people_msgs/include/people_msgs/people_msgs/msg/detail/position_measurement_array__struct.h
-- Up-to-date: /home/administrator/code/nmpc_ws/install/people_msgs/include/people_msgs/people_msgs/msg/detail/person__struct.h
-- Up-to-date: /home/administrator/code/nmpc_ws/install/people_msgs/include/people_msgs/people_msgs/msg/detail/position_measurement__functions.c
-- Up-to-date: /home/administrator/code/nmpc_ws/install/people_msgs/include/people_msgs/people_msgs/msg/detail/person_stamped__functions.c
-- Up-to-date: /home/administrator/code/nmpc_ws/install/people_msgs/include/people_msgs/people_msgs/msg/detail/position_measurement__type_support.h
-- Up-to-date: /home/administrator/code/nmpc_ws/install/people_msgs/include/people_msgs/people_msgs/msg/detail/position_measurement_array__functions.h
-- Up-to-date: /home/administrator/code/nmpc_ws/install/people_msgs/include/people_msgs/people_msgs/msg/detail/position_measurement__struct.h
-- Up-to-date: /home/administrator/code/nmpc_ws/install/people_msgs/include/people_msgs/people_msgs/msg/detail/people__functions.c
-- Up-to-date: /home/administrator/code/nmpc_ws/install/people_msgs/include/people_msgs/people_msgs/msg/detail/person_stamped__type_support.h
-- Up-to-date: /home/administrator/code/nmpc_ws/install/people_msgs/include/people_msgs/people_msgs/msg/detail/people__struct.h
-- Up-to-date: /home/administrator/code/nmpc_ws/install/people_msgs/include/people_msgs/people_msgs/msg/detail/person_stamped__functions.h
-- Up-to-date: /home/administrator/code/nmpc_ws/install/people_msgs/include/people_msgs/people_msgs/msg/detail/position_measurement_array__functions.c
-- Up-to-date: /home/administrator/code/nmpc_ws/install/people_msgs/include/people_msgs/people_msgs/msg/people.h
-- Up-to-date: /home/administrator/code/nmpc_ws/install/people_msgs/share/people_msgs/environment/library_path.sh
-- Up-to-date: /home/administrator/code/nmpc_ws/install/people_msgs/share/people_msgs/environment/library_path.dsv
-- Up-to-date: /home/administrator/code/nmpc_ws/install/people_msgs/lib/libpeople_msgs__rosidl_generator_c.so
-- Up-to-date: /home/administrator/code/nmpc_ws/install/people_msgs/include/people_msgs/people_msgs
-- Up-to-date: /home/administrator/code/nmpc_ws/install/people_msgs/include/people_msgs/people_msgs/msg
-- Up-to-date: /home/administrator/code/nmpc_ws/install/people_msgs/include/people_msgs/people_msgs/msg/rosidl_typesupport_fastrtps_c__visibility_control.h
-- Up-to-date: /home/administrator/code/nmpc_ws/install/people_msgs/include/people_msgs/people_msgs/msg/detail
-- Up-to-date: /home/administrator/code/nmpc_ws/install/people_msgs/include/people_msgs/people_msgs/msg/detail/people__rosidl_typesupport_fastrtps_c.h
-- Up-to-date: /home/administrator/code/nmpc_ws/install/people_msgs/include/people_msgs/people_msgs/msg/detail/person__rosidl_typesupport_fastrtps_c.h
-- Up-to-date: /home/administrator/code/nmpc_ws/install/people_msgs/include/people_msgs/people_msgs/msg/detail/position_measurement__rosidl_typesupport_fastrtps_c.h
-- Up-to-date: /home/administrator/code/nmpc_ws/install/people_msgs/include/people_msgs/people_msgs/msg/detail/position_measurement_array__rosidl_typesupport_fastrtps_c.h
-- Up-to-date: /home/administrator/code/nmpc_ws/install/people_msgs/include/people_msgs/people_msgs/msg/detail/person_stamped__rosidl_typesupport_fastrtps_c.h
-- Up-to-date: /home/administrator/code/nmpc_ws/install/people_msgs/lib/libpeople_msgs__rosidl_typesupport_fastrtps_c.so
-- Up-to-date: /home/administrator/code/nmpc_ws/install/people_msgs/include/people_msgs/people_msgs
-- Up-to-date: /home/administrator/code/nmpc_ws/install/people_msgs/include/people_msgs/people_msgs/msg
-- Up-to-date: /home/administrator/code/nmpc_ws/install/people_msgs/include/people_msgs/people_msgs/msg/rosidl_typesupport_introspection_c__visibility_control.h
-- Up-to-date: /home/administrator/code/nmpc_ws/install/people_msgs/include/people_msgs/people_msgs/msg/detail
-- Up-to-date: /home/administrator/code/nmpc_ws/install/people_msgs/include/people_msgs/people_msgs/msg/detail/person_stamped__rosidl_typesupport_introspection_c.h
-- Up-to-date: /home/administrator/code/nmpc_ws/install/people_msgs/include/people_msgs/people_msgs/msg/detail/position_measurement__rosidl_typesupport_introspection_c.h
-- Up-to-date: /home/administrator/code/nmpc_ws/install/people_msgs/include/people_msgs/people_msgs/msg/detail/position_measurement__type_support.c
-- Up-to-date: /home/administrator/code/nmpc_ws/install/people_msgs/include/people_msgs/people_msgs/msg/detail/person__rosidl_typesupport_introspection_c.h
-- Up-to-date: /home/administrator/code/nmpc_ws/install/people_msgs/include/people_msgs/people_msgs/msg/detail/person_stamped__type_support.c
-- Up-to-date: /home/administrator/code/nmpc_ws/install/people_msgs/include/people_msgs/people_msgs/msg/detail/people__rosidl_typesupport_introspection_c.h
-- Up-to-date: /home/administrator/code/nmpc_ws/install/people_msgs/include/people_msgs/people_msgs/msg/detail/person__type_support.c
-- Up-to-date: /home/administrator/code/nmpc_ws/install/people_msgs/include/people_msgs/people_msgs/msg/detail/position_measurement_array__rosidl_typesupport_introspection_c.h
-- Up-to-date: /home/administrator/code/nmpc_ws/install/people_msgs/include/people_msgs/people_msgs/msg/detail/position_measurement_array__type_support.c
-- Up-to-date: /home/administrator/code/nmpc_ws/install/people_msgs/include/people_msgs/people_msgs/msg/detail/people__type_support.c
-- Up-to-date: /home/administrator/code/nmpc_ws/install/people_msgs/lib/libpeople_msgs__rosidl_typesupport_introspection_c.so
-- Up-to-date: /home/administrator/code/nmpc_ws/install/people_msgs/lib/libpeople_msgs__rosidl_typesupport_c.so
-- Up-to-date: /home/administrator/code/nmpc_ws/install/people_msgs/include/people_msgs/people_msgs
-- Up-to-date: /home/administrator/code/nmpc_ws/install/people_msgs/include/people_msgs/people_msgs/msg
-- Up-to-date: /home/administrator/code/nmpc_ws/install/people_msgs/include/people_msgs/people_msgs/msg/position_measurement.hpp
-- Up-to-date: /home/administrator/code/nmpc_ws/install/people_msgs/include/people_msgs/people_msgs/msg/rosidl_generator_cpp__visibility_control.hpp
-- Up-to-date: /home/administrator/code/nmpc_ws/install/people_msgs/include/people_msgs/people_msgs/msg/people.hpp
-- Up-to-date: /home/administrator/code/nmpc_ws/install/people_msgs/include/people_msgs/people_msgs/msg/position_measurement_array.hpp
-- Up-to-date: /home/administrator/code/nmpc_ws/install/people_msgs/include/people_msgs/people_msgs/msg/person_stamped.hpp
-- Up-to-date: /home/administrator/code/nmpc_ws/install/people_msgs/include/people_msgs/people_msgs/msg/person.hpp
-- Up-to-date: /home/administrator/code/nmpc_ws/install/people_msgs/include/people_msgs/people_msgs/msg/detail
-- Up-to-date: /home/administrator/code/nmpc_ws/install/people_msgs/include/people_msgs/people_msgs/msg/detail/position_measurement__struct.hpp
-- Up-to-date: /home/administrator/code/nmpc_ws/install/people_msgs/include/people_msgs/people_msgs/msg/detail/person__builder.hpp
-- Up-to-date: /home/administrator/code/nmpc_ws/install/people_msgs/include/people_msgs/people_msgs/msg/detail/person_stamped__traits.hpp
-- Up-to-date: /home/administrator/code/nmpc_ws/install/people_msgs/include/people_msgs/people_msgs/msg/detail/person_stamped__struct.hpp
-- Up-to-date: /home/administrator/code/nmpc_ws/install/people_msgs/include/people_msgs/people_msgs/msg/detail/person_stamped__builder.hpp
-- Up-to-date: /home/administrator/code/nmpc_ws/install/people_msgs/include/people_msgs/people_msgs/msg/detail/position_measurement__traits.hpp
-- Up-to-date: /home/administrator/code/nmpc_ws/install/people_msgs/include/people_msgs/people_msgs/msg/detail/people__traits.hpp
-- Up-to-date: /home/administrator/code/nmpc_ws/install/people_msgs/include/people_msgs/people_msgs/msg/detail/person__traits.hpp
-- Up-to-date: /home/administrator/code/nmpc_ws/install/people_msgs/include/people_msgs/people_msgs/msg/detail/position_measurement_array__type_support.hpp
-- Up-to-date: /home/administrator/code/nmpc_ws/install/people_msgs/include/people_msgs/people_msgs/msg/detail/people__builder.hpp
-- Up-to-date: /home/administrator/code/nmpc_ws/install/people_msgs/include/people_msgs/people_msgs/msg/detail/position_measurement__type_support.hpp
-- Up-to-date: /home/administrator/code/nmpc_ws/install/people_msgs/include/people_msgs/people_msgs/msg/detail/position_measurement_array__builder.hpp
-- Up-to-date: /home/administrator/code/nmpc_ws/install/people_msgs/include/people_msgs/people_msgs/msg/detail/position_measurement_array__traits.hpp
-- Up-to-date: /home/administrator/code/nmpc_ws/install/people_msgs/include/people_msgs/people_msgs/msg/detail/people__type_support.hpp
-- Up-to-date: /home/administrator/code/nmpc_ws/install/people_msgs/include/people_msgs/people_msgs/msg/detail/person_stamped__type_support.hpp
-- Up-to-date: /home/administrator/code/nmpc_ws/install/people_msgs/include/people_msgs/people_msgs/msg/detail/people__struct.hpp
-- Up-to-date: /home/administrator/code/nmpc_ws/install/people_msgs/include/people_msgs/people_msgs/msg/detail/person__type_support.hpp
-- Up-to-date: /home/administrator/code/nmpc_ws/install/people_msgs/include/people_msgs/people_msgs/msg/detail/position_measurement_array__struct.hpp
-- Up-to-date: /home/administrator/code/nmpc_ws/install/people_msgs/include/people_msgs/people_msgs/msg/detail/position_measurement__builder.hpp
-- Up-to-date: /home/administrator/code/nmpc_ws/install/people_msgs/include/people_msgs/people_msgs/msg/detail/person__struct.hpp
-- Up-to-date: /home/administrator/code/nmpc_ws/install/people_msgs/include/people_msgs/people_msgs
-- Up-to-date: /home/administrator/code/nmpc_ws/install/people_msgs/include/people_msgs/people_msgs/msg
-- Up-to-date: /home/administrator/code/nmpc_ws/install/people_msgs/include/people_msgs/people_msgs/msg/rosidl_typesupport_fastrtps_cpp__visibility_control.h
-- Up-to-date: /home/administrator/code/nmpc_ws/install/people_msgs/include/people_msgs/people_msgs/msg/detail
-- Up-to-date: /home/administrator/code/nmpc_ws/install/people_msgs/include/people_msgs/people_msgs/msg/detail/position_measurement__rosidl_typesupport_fastrtps_cpp.hpp
-- Up-to-date: /home/administrator/code/nmpc_ws/install/people_msgs/include/people_msgs/people_msgs/msg/detail/position_measurement_array__rosidl_typesupport_fastrtps_cpp.hpp
-- Up-to-date: /home/administrator/code/nmpc_ws/install/people_msgs/include/people_msgs/people_msgs/msg/detail/person_stamped__rosidl_typesupport_fastrtps_cpp.hpp
-- Up-to-date: /home/administrator/code/nmpc_ws/install/people_msgs/include/people_msgs/people_msgs/msg/detail/person__rosidl_typesupport_fastrtps_cpp.hpp
-- Up-to-date: /home/administrator/code/nmpc_ws/install/people_msgs/include/people_msgs/people_msgs/msg/detail/people__rosidl_typesupport_fastrtps_cpp.hpp
-- Up-to-date: /home/administrator/code/nmpc_ws/install/people_msgs/include/people_msgs/people_msgs/msg/detail/dds_fastrtps
-- Up-to-date: /home/administrator/code/nmpc_ws/install/people_msgs/lib/libpeople_msgs__rosidl_typesupport_fastrtps_cpp.so
-- Up-to-date: /home/administrator/code/nmpc_ws/install/people_msgs/include/people_msgs/people_msgs
-- Up-to-date: /home/administrator/code/nmpc_ws/install/people_msgs/include/people_msgs/people_msgs/msg
-- Up-to-date: /home/administrator/code/nmpc_ws/install/people_msgs/include/people_msgs/people_msgs/msg/detail
-- Up-to-date: /home/administrator/code/nmpc_ws/install/people_msgs/include/people_msgs/people_msgs/msg/detail/people__type_support.cpp
-- Up-to-date: /home/administrator/code/nmpc_ws/install/people_msgs/include/people_msgs/people_msgs/msg/detail/position_measurement__type_support.cpp
-- Up-to-date: /home/administrator/code/nmpc_ws/install/people_msgs/include/people_msgs/people_msgs/msg/detail/position_measurement__rosidl_typesupport_introspection_cpp.hpp
-- Up-to-date: /home/administrator/code/nmpc_ws/install/people_msgs/include/people_msgs/people_msgs/msg/detail/position_measurement_array__rosidl_typesupport_introspection_cpp.hpp
-- Up-to-date: /home/administrator/code/nmpc_ws/install/people_msgs/include/people_msgs/people_msgs/msg/detail/people__rosidl_typesupport_introspection_cpp.hpp
-- Up-to-date: /home/administrator/code/nmpc_ws/install/people_msgs/include/people_msgs/people_msgs/msg/detail/person_stamped__rosidl_typesupport_introspection_cpp.hpp
-- Up-to-date: /home/administrator/code/nmpc_ws/install/people_msgs/include/people_msgs/people_msgs/msg/detail/person_stamped__type_support.cpp
-- Up-to-date: /home/administrator/code/nmpc_ws/install/people_msgs/include/people_msgs/people_msgs/msg/detail/person__rosidl_typesupport_introspection_cpp.hpp
-- Up-to-date: /home/administrator/code/nmpc_ws/install/people_msgs/include/people_msgs/people_msgs/msg/detail/person__type_support.cpp
-- Up-to-date: /home/administrator/code/nmpc_ws/install/people_msgs/include/people_msgs/people_msgs/msg/detail/position_measurement_array__type_support.cpp
-- Up-to-date: /home/administrator/code/nmpc_ws/install/people_msgs/lib/libpeople_msgs__rosidl_typesupport_introspection_cpp.so
-- Up-to-date: /home/administrator/code/nmpc_ws/install/people_msgs/lib/libpeople_msgs__rosidl_typesupport_cpp.so
-- Up-to-date: /home/administrator/code/nmpc_ws/install/people_msgs/share/people_msgs/environment/pythonpath.sh
-- Up-to-date: /home/administrator/code/nmpc_ws/install/people_msgs/share/people_msgs/environment/pythonpath.dsv
-- Up-to-date: /home/administrator/code/nmpc_ws/install/people_msgs/local/lib/python3.10/dist-packages/people_msgs-1.3.0-py3.10.egg-info
-- Installing: /home/administrator/code/nmpc_ws/install/people_msgs/local/lib/python3.10/dist-packages/people_msgs-1.3.0-py3.10.egg-info/PKG-INFO
-- Installing: /home/administrator/code/nmpc_ws/install/people_msgs/local/lib/python3.10/dist-packages/people_msgs-1.3.0-py3.10.egg-info/top_level.txt
-- Installing: /home/administrator/code/nmpc_ws/install/people_msgs/local/lib/python3.10/dist-packages/people_msgs-1.3.0-py3.10.egg-info/dependency_links.txt
-- Installing: /home/administrator/code/nmpc_ws/install/people_msgs/local/lib/python3.10/dist-packages/people_msgs-1.3.0-py3.10.egg-info/SOURCES.txt
-- Up-to-date: /home/administrator/code/nmpc_ws/install/people_msgs/local/lib/python3.10/dist-packages/people_msgs
-- Up-to-date: /home/administrator/code/nmpc_ws/install/people_msgs/local/lib/python3.10/dist-packages/people_msgs/people_msgs_s__rosidl_typesupport_c.cpython-310-x86_64-linux-gnu.so
-- Up-to-date: /home/administrator/code/nmpc_ws/install/people_msgs/local/lib/python3.10/dist-packages/people_msgs/people_msgs_s__rosidl_typesupport_fastrtps_c.cpython-310-x86_64-linux-gnu.so
-- Up-to-date: /home/administrator/code/nmpc_ws/install/people_msgs/local/lib/python3.10/dist-packages/people_msgs/_people_msgs_s.ep.rosidl_typesupport_fastrtps_c.c
-- Up-to-date: /home/administrator/code/nmpc_ws/install/people_msgs/local/lib/python3.10/dist-packages/people_msgs/_people_msgs_s.ep.rosidl_typesupport_introspection_c.c
-- Up-to-date: /home/administrator/code/nmpc_ws/install/people_msgs/local/lib/python3.10/dist-packages/people_msgs/__init__.py
-- Up-to-date: /home/administrator/code/nmpc_ws/install/people_msgs/local/lib/python3.10/dist-packages/people_msgs/people_msgs_s__rosidl_typesupport_introspection_c.cpython-310-x86_64-linux-gnu.so
-- Up-to-date: /home/administrator/code/nmpc_ws/install/people_msgs/local/lib/python3.10/dist-packages/people_msgs/msg
-- Up-to-date: /home/administrator/code/nmpc_ws/install/people_msgs/local/lib/python3.10/dist-packages/people_msgs/msg/_people.py
-- Up-to-date: /home/administrator/code/nmpc_ws/install/people_msgs/local/lib/python3.10/dist-packages/people_msgs/msg/_person_s.c
-- Up-to-date: /home/administrator/code/nmpc_ws/install/people_msgs/local/lib/python3.10/dist-packages/people_msgs/msg/_people_s.c
-- Up-to-date: /home/administrator/code/nmpc_ws/install/people_msgs/local/lib/python3.10/dist-packages/people_msgs/msg/_position_measurement_s.c
-- Up-to-date: /home/administrator/code/nmpc_ws/install/people_msgs/local/lib/python3.10/dist-packages/people_msgs/msg/_position_measurement_array.py
-- Up-to-date: /home/administrator/code/nmpc_ws/install/people_msgs/local/lib/python3.10/dist-packages/people_msgs/msg/_person_stamped_s.c
-- Up-to-date: /home/administrator/code/nmpc_ws/install/people_msgs/local/lib/python3.10/dist-packages/people_msgs/msg/__init__.py
-- Up-to-date: /home/administrator/code/nmpc_ws/install/people_msgs/local/lib/python3.10/dist-packages/people_msgs/msg/_position_measurement.py
-- Up-to-date: /home/administrator/code/nmpc_ws/install/people_msgs/local/lib/python3.10/dist-packages/people_msgs/msg/_person.py
-- Up-to-date: /home/administrator/code/nmpc_ws/install/people_msgs/local/lib/python3.10/dist-packages/people_msgs/msg/_person_stamped.py
-- Up-to-date: /home/administrator/code/nmpc_ws/install/people_msgs/local/lib/python3.10/dist-packages/people_msgs/msg/_position_measurement_array_s.c
-- Up-to-date: /home/administrator/code/nmpc_ws/install/people_msgs/local/lib/python3.10/dist-packages/people_msgs/_people_msgs_s.ep.rosidl_typesupport_c.c
-- Up-to-date: /home/administrator/code/nmpc_ws/install/people_msgs/local/lib/python3.10/dist-packages/people_msgs/libpeople_msgs__rosidl_generator_py.so
Listing '/home/administrator/code/nmpc_ws/install/people_msgs/local/lib/python3.10/dist-packages/people_msgs'...
Listing '/home/administrator/code/nmpc_ws/install/people_msgs/local/lib/python3.10/dist-packages/people_msgs/msg'...
-- Up-to-date: /home/administrator/code/nmpc_ws/install/people_msgs/local/lib/python3.10/dist-packages/people_msgs/people_msgs_s__rosidl_typesupport_fastrtps_c.cpython-310-x86_64-linux-gnu.so
-- Up-to-date: /home/administrator/code/nmpc_ws/install/people_msgs/local/lib/python3.10/dist-packages/people_msgs/people_msgs_s__rosidl_typesupport_introspection_c.cpython-310-x86_64-linux-gnu.so
-- Up-to-date: /home/administrator/code/nmpc_ws/install/people_msgs/local/lib/python3.10/dist-packages/people_msgs/people_msgs_s__rosidl_typesupport_c.cpython-310-x86_64-linux-gnu.so
-- Up-to-date: /home/administrator/code/nmpc_ws/install/people_msgs/lib/libpeople_msgs__rosidl_generator_py.so
-- Up-to-date: /home/administrator/code/nmpc_ws/install/people_msgs/share/people_msgs/msg/People.idl
-- Up-to-date: /home/administrator/code/nmpc_ws/install/people_msgs/share/people_msgs/msg/Person.idl
-- Up-to-date: /home/administrator/code/nmpc_ws/install/people_msgs/share/people_msgs/msg/PersonStamped.idl
-- Up-to-date: /home/administrator/code/nmpc_ws/install/people_msgs/share/people_msgs/msg/PositionMeasurement.idl
-- Up-to-date: /home/administrator/code/nmpc_ws/install/people_msgs/share/people_msgs/msg/PositionMeasurementArray.idl
-- Up-to-date: /home/administrator/code/nmpc_ws/install/people_msgs/share/people_msgs/msg/People.msg
-- Up-to-date: /home/administrator/code/nmpc_ws/install/people_msgs/share/people_msgs/msg/Person.msg
-- Up-to-date: /home/administrator/code/nmpc_ws/install/people_msgs/share/people_msgs/msg/PersonStamped.msg
-- Up-to-date: /home/administrator/code/nmpc_ws/install/people_msgs/share/people_msgs/msg/PositionMeasurement.msg
-- Up-to-date: /home/administrator/code/nmpc_ws/install/people_msgs/share/people_msgs/msg/PositionMeasurementArray.msg
-- Up-to-date: /home/administrator/code/nmpc_ws/install/people_msgs/share/ament_index/resource_index/package_run_dependencies/people_msgs
-- Up-to-date: /home/administrator/code/nmpc_ws/install/people_msgs/share/ament_index/resource_index/parent_prefix_path/people_msgs
-- Up-to-date: /home/administrator/code/nmpc_ws/install/people_msgs/share/people_msgs/environment/ament_prefix_path.sh
-- Up-to-date: /home/administrator/code/nmpc_ws/install/people_msgs/share/people_msgs/environment/ament_prefix_path.dsv
-- Up-to-date: /home/administrator/code/nmpc_ws/install/people_msgs/share/people_msgs/environment/path.sh
-- Up-to-date: /home/administrator/code/nmpc_ws/install/people_msgs/share/people_msgs/environment/path.dsv
-- Up-to-date: /home/administrator/code/nmpc_ws/install/people_msgs/share/people_msgs/local_setup.bash
-- Up-to-date: /home/administrator/code/nmpc_ws/install/people_msgs/share/people_msgs/local_setup.sh
-- Up-to-date: /home/administrator/code/nmpc_ws/install/people_msgs/share/people_msgs/local_setup.zsh
-- Up-to-date: /home/administrator/code/nmpc_ws/install/people_msgs/share/people_msgs/local_setup.dsv
-- Installing: /home/administrator/code/nmpc_ws/install/people_msgs/share/people_msgs/package.dsv
-- Up-to-date: /home/administrator/code/nmpc_ws/install/people_msgs/share/ament_index/resource_index/packages/people_msgs
-- Up-to-date: /home/administrator/code/nmpc_ws/install/people_msgs/share/people_msgs/cmake/export_people_msgs__rosidl_generator_cExport.cmake
-- Up-to-date: /home/administrator/code/nmpc_ws/install/people_msgs/share/people_msgs/cmake/export_people_msgs__rosidl_generator_cExport-noconfig.cmake
-- Up-to-date: /home/administrator/code/nmpc_ws/install/people_msgs/share/people_msgs/cmake/export_people_msgs__rosidl_typesupport_fastrtps_cExport.cmake
-- Up-to-date: /home/administrator/code/nmpc_ws/install/people_msgs/share/people_msgs/cmake/export_people_msgs__rosidl_typesupport_fastrtps_cExport-noconfig.cmake
-- Up-to-date: /home/administrator/code/nmpc_ws/install/people_msgs/share/people_msgs/cmake/people_msgs__rosidl_typesupport_introspection_cExport.cmake
-- Up-to-date: /home/administrator/code/nmpc_ws/install/people_msgs/share/people_msgs/cmake/people_msgs__rosidl_typesupport_introspection_cExport-noconfig.cmake
-- Up-to-date: /home/administrator/code/nmpc_ws/install/people_msgs/share/people_msgs/cmake/people_msgs__rosidl_typesupport_cExport.cmake
-- Up-to-date: /home/administrator/code/nmpc_ws/install/people_msgs/share/people_msgs/cmake/people_msgs__rosidl_typesupport_cExport-noconfig.cmake
-- Up-to-date: /home/administrator/code/nmpc_ws/install/people_msgs/share/people_msgs/cmake/export_people_msgs__rosidl_generator_cppExport.cmake
-- Up-to-date: /home/administrator/code/nmpc_ws/install/people_msgs/share/people_msgs/cmake/export_people_msgs__rosidl_typesupport_fastrtps_cppExport.cmake
-- Up-to-date: /home/administrator/code/nmpc_ws/install/people_msgs/share/people_msgs/cmake/export_people_msgs__rosidl_typesupport_fastrtps_cppExport-noconfig.cmake
-- Up-to-date: /home/administrator/code/nmpc_ws/install/people_msgs/share/people_msgs/cmake/people_msgs__rosidl_typesupport_introspection_cppExport.cmake
-- Up-to-date: /home/administrator/code/nmpc_ws/install/people_msgs/share/people_msgs/cmake/people_msgs__rosidl_typesupport_introspection_cppExport-noconfig.cmake
-- Up-to-date: /home/administrator/code/nmpc_ws/install/people_msgs/share/people_msgs/cmake/people_msgs__rosidl_typesupport_cppExport.cmake
-- Up-to-date: /home/administrator/code/nmpc_ws/install/people_msgs/share/people_msgs/cmake/people_msgs__rosidl_typesupport_cppExport-noconfig.cmake
-- Up-to-date: /home/administrator/code/nmpc_ws/install/people_msgs/share/people_msgs/cmake/export_people_msgs__rosidl_generator_pyExport.cmake
-- Up-to-date: /home/administrator/code/nmpc_ws/install/people_msgs/share/people_msgs/cmake/export_people_msgs__rosidl_generator_pyExport-noconfig.cmake
-- Up-to-date: /home/administrator/code/nmpc_ws/install/people_msgs/share/people_msgs/cmake/rosidl_cmake-extras.cmake
-- Up-to-date: /home/administrator/code/nmpc_ws/install/people_msgs/share/people_msgs/cmake/ament_cmake_export_dependencies-extras.cmake
-- Up-to-date: /home/administrator/code/nmpc_ws/install/people_msgs/share/people_msgs/cmake/ament_cmake_export_include_directories-extras.cmake
-- Up-to-date: /home/administrator/code/nmpc_ws/install/people_msgs/share/people_msgs/cmake/ament_cmake_export_libraries-extras.cmake
-- Up-to-date: /home/administrator/code/nmpc_ws/install/people_msgs/share/people_msgs/cmake/ament_cmake_export_targets-extras.cmake
-- Up-to-date: /home/administrator/code/nmpc_ws/install/people_msgs/share/people_msgs/cmake/rosidl_cmake_export_typesupport_targets-extras.cmake
-- Up-to-date: /home/administrator/code/nmpc_ws/install/people_msgs/share/people_msgs/cmake/rosidl_cmake_export_typesupport_libraries-extras.cmake
-- Up-to-date: /home/administrator/code/nmpc_ws/install/people_msgs/share/people_msgs/cmake/people_msgsConfig.cmake
-- Up-to-date: /home/administrator/code/nmpc_ws/install/people_msgs/share/people_msgs/cmake/people_msgsConfig-version.cmake
-- Up-to-date: /home/administrator/code/nmpc_ws/install/people_msgs/share/people_msgs/package.xml
