[1.290s] Invoking command in '/home/administrator/nmpc_ws/src/nmpc_pkg': PYTHONPATH=/home/administrator/nmpc_ws/build/nmpc_pkg/prefix_override:/home/administrator/nmpc_ws/install/nmpc_pkg/lib/python3.10/site-packages:${PYTHONPATH} /usr/bin/python3 setup.py egg_info --egg-base ../../build/nmpc_pkg build --build-base /home/administrator/nmpc_ws/build/nmpc_pkg/build install --record /home/administrator/nmpc_ws/build/nmpc_pkg/install.log --single-version-externally-managed
[1.616s] running egg_info
[1.617s] writing ../../build/nmpc_pkg/nmpc_pkg.egg-info/PKG-INFO
[1.617s] writing dependency_links to ../../build/nmpc_pkg/nmpc_pkg.egg-info/dependency_links.txt
[1.617s] writing entry points to ../../build/nmpc_pkg/nmpc_pkg.egg-info/entry_points.txt
[1.618s] writing requirements to ../../build/nmpc_pkg/nmpc_pkg.egg-info/requires.txt
[1.618s] writing top-level names to ../../build/nmpc_pkg/nmpc_pkg.egg-info/top_level.txt
[1.620s] reading manifest file '../../build/nmpc_pkg/nmpc_pkg.egg-info/SOURCES.txt'
[1.621s] writing manifest file '../../build/nmpc_pkg/nmpc_pkg.egg-info/SOURCES.txt'
[1.621s] running build
[1.621s] running build_py
[1.622s] copying nmpc_pkg/controller_node.py -> /home/administrator/nmpc_ws/build/nmpc_pkg/build/lib/nmpc_pkg
[1.622s] running install
[1.623s] running install_lib
[1.624s] copying /home/administrator/nmpc_ws/build/nmpc_pkg/build/lib/nmpc_pkg/controller_node.py -> /home/administrator/nmpc_ws/install/nmpc_pkg/lib/python3.10/site-packages/nmpc_pkg
[1.625s] byte-compiling /home/administrator/nmpc_ws/install/nmpc_pkg/lib/python3.10/site-packages/nmpc_pkg/controller_node.py to controller_node.cpython-310.pyc
[1.627s] running install_data
[1.628s] running install_egg_info
[1.630s] removing '/home/administrator/nmpc_ws/install/nmpc_pkg/lib/python3.10/site-packages/nmpc_pkg-0.0.0-py3.10.egg-info' (and everything under it)
[1.630s] Copying ../../build/nmpc_pkg/nmpc_pkg.egg-info to /home/administrator/nmpc_ws/install/nmpc_pkg/lib/python3.10/site-packages/nmpc_pkg-0.0.0-py3.10.egg-info
[1.631s] running install_scripts
[1.655s] Installing gotostart script to /home/administrator/nmpc_ws/install/nmpc_pkg/lib/nmpc_pkg
[1.656s] Installing nmpc_controller_node script to /home/administrator/nmpc_ws/install/nmpc_pkg/lib/nmpc_pkg
[1.656s] Installing record script to /home/administrator/nmpc_ws/install/nmpc_pkg/lib/nmpc_pkg
[1.656s] writing list of installed files to '/home/administrator/nmpc_ws/build/nmpc_pkg/install.log'
[1.695s] Invoked command in '/home/administrator/nmpc_ws/src/nmpc_pkg' returned '0': PYTHONPATH=/home/administrator/nmpc_ws/build/nmpc_pkg/prefix_override:/home/administrator/nmpc_ws/install/nmpc_pkg/lib/python3.10/site-packages:${PYTHONPATH} /usr/bin/python3 setup.py egg_info --egg-base ../../build/nmpc_pkg build --build-base /home/administrator/nmpc_ws/build/nmpc_pkg/build install --record /home/administrator/nmpc_ws/build/nmpc_pkg/install.log --single-version-externally-managed
