[0.017s] Invoking command in '/home/administrator/code/nmpc_ws/build/people_msgs': CMAKE_PREFIX_PATH=${CMAKE_PREFIX_PATH}:/home/administrator/code/nmpc_ws/install/nmpc_pkg:/opt/ros/humble /usr/bin/cmake --build /home/administrator/code/nmpc_ws/build/people_msgs -- -j4 -l4
[0.086s] [  1%] Built target people_msgs__cpp
[0.138s] [  1%] Built target ament_cmake_python_copy_people_msgs
[0.170s] [ 12%] Built target people_msgs__rosidl_typesupport_fastrtps_cpp
[0.201s] [ 23%] Built target people_msgs__rosidl_typesupport_introspection_cpp
[0.620s] running egg_info
[0.621s] writing people_msgs.egg-info/PKG-INFO
[0.621s] writing dependency_links to people_msgs.egg-info/dependency_links.txt
[0.621s] writing top-level names to people_msgs.egg-info/top_level.txt
[0.627s] reading manifest file 'people_msgs.egg-info/SOURCES.txt'
[0.627s] writing manifest file 'people_msgs.egg-info/SOURCES.txt'
[0.676s] [ 23%] Built target ament_cmake_python_build_people_msgs_egg
[0.717s] [ 34%] Built target people_msgs__rosidl_typesupport_cpp
[0.744s] [ 46%] Built target people_msgs__rosidl_generator_c
[0.775s] [ 57%] Built target people_msgs__rosidl_typesupport_fastrtps_c
[0.802s] [ 68%] Built target people_msgs__rosidl_typesupport_c
[0.836s] [ 79%] Built target people_msgs__rosidl_typesupport_introspection_c
[0.863s] [ 79%] Built target people_msgs
[0.888s] [ 80%] Built target people_msgs__py
[0.927s] [ 90%] Built target people_msgs__rosidl_generator_py
[0.961s] [ 93%] Built target people_msgs__rosidl_typesupport_fastrtps_c__pyext
[1.008s] [ 96%] Built target people_msgs__rosidl_typesupport_c__pyext
[1.047s] [100%] Built target people_msgs__rosidl_typesupport_introspection_c__pyext
[1.070s] Invoked command in '/home/administrator/code/nmpc_ws/build/people_msgs' returned '0': CMAKE_PREFIX_PATH=${CMAKE_PREFIX_PATH}:/home/administrator/code/nmpc_ws/install/nmpc_pkg:/opt/ros/humble /usr/bin/cmake --build /home/administrator/code/nmpc_ws/build/people_msgs -- -j4 -l4
[1.080s] Invoking command in '/home/administrator/code/nmpc_ws/build/people_msgs': CMAKE_PREFIX_PATH=${CMAKE_PREFIX_PATH}:/home/administrator/code/nmpc_ws/install/nmpc_pkg:/opt/ros/humble /usr/bin/cmake --install /home/administrator/code/nmpc_ws/build/people_msgs
[1.091s] -- Install configuration: ""
[1.092s] -- Up-to-date: /home/administrator/code/nmpc_ws/install/people_msgs/share/ament_index/resource_index/rosidl_interfaces/people_msgs
[1.092s] -- Up-to-date: /home/administrator/code/nmpc_ws/install/people_msgs/include/people_msgs/people_msgs
[1.092s] -- Up-to-date: /home/administrator/code/nmpc_ws/install/people_msgs/include/people_msgs/people_msgs/msg
[1.092s] -- Up-to-date: /home/administrator/code/nmpc_ws/install/people_msgs/include/people_msgs/people_msgs/msg/person_stamped.h
[1.092s] -- Up-to-date: /home/administrator/code/nmpc_ws/install/people_msgs/include/people_msgs/people_msgs/msg/position_measurement.h
[1.092s] -- Up-to-date: /home/administrator/code/nmpc_ws/install/people_msgs/include/people_msgs/people_msgs/msg/person.h
[1.093s] -- Up-to-date: /home/administrator/code/nmpc_ws/install/people_msgs/include/people_msgs/people_msgs/msg/position_measurement_array.h
[1.093s] -- Up-to-date: /home/administrator/code/nmpc_ws/install/people_msgs/include/people_msgs/people_msgs/msg/rosidl_generator_c__visibility_control.h
[1.093s] -- Up-to-date: /home/administrator/code/nmpc_ws/install/people_msgs/include/people_msgs/people_msgs/msg/detail
[1.093s] -- Up-to-date: /home/administrator/code/nmpc_ws/install/people_msgs/include/people_msgs/people_msgs/msg/detail/people__type_support.h
[1.093s] -- Up-to-date: /home/administrator/code/nmpc_ws/install/people_msgs/include/people_msgs/people_msgs/msg/detail/position_measurement_array__type_support.h
[1.093s] -- Up-to-date: /home/administrator/code/nmpc_ws/install/people_msgs/include/people_msgs/people_msgs/msg/detail/person__functions.h
[1.094s] -- Up-to-date: /home/administrator/code/nmpc_ws/install/people_msgs/include/people_msgs/people_msgs/msg/detail/people__functions.h
[1.094s] -- Up-to-date: /home/administrator/code/nmpc_ws/install/people_msgs/include/people_msgs/people_msgs/msg/detail/person_stamped__struct.h
[1.094s] -- Up-to-date: /home/administrator/code/nmpc_ws/install/people_msgs/include/people_msgs/people_msgs/msg/detail/position_measurement__functions.h
[1.094s] -- Up-to-date: /home/administrator/code/nmpc_ws/install/people_msgs/include/people_msgs/people_msgs/msg/detail/person__functions.c
[1.094s] -- Up-to-date: /home/administrator/code/nmpc_ws/install/people_msgs/include/people_msgs/people_msgs/msg/detail/person__type_support.h
[1.094s] -- Up-to-date: /home/administrator/code/nmpc_ws/install/people_msgs/include/people_msgs/people_msgs/msg/detail/position_measurement_array__struct.h
[1.094s] -- Up-to-date: /home/administrator/code/nmpc_ws/install/people_msgs/include/people_msgs/people_msgs/msg/detail/person__struct.h
[1.095s] -- Up-to-date: /home/administrator/code/nmpc_ws/install/people_msgs/include/people_msgs/people_msgs/msg/detail/position_measurement__functions.c
[1.095s] -- Up-to-date: /home/administrator/code/nmpc_ws/install/people_msgs/include/people_msgs/people_msgs/msg/detail/person_stamped__functions.c
[1.095s] -- Up-to-date: /home/administrator/code/nmpc_ws/install/people_msgs/include/people_msgs/people_msgs/msg/detail/position_measurement__type_support.h
[1.095s] -- Up-to-date: /home/administrator/code/nmpc_ws/install/people_msgs/include/people_msgs/people_msgs/msg/detail/position_measurement_array__functions.h
[1.097s] -- Up-to-date: /home/administrator/code/nmpc_ws/install/people_msgs/include/people_msgs/people_msgs/msg/detail/position_measurement__struct.h
[1.097s] -- Up-to-date: /home/administrator/code/nmpc_ws/install/people_msgs/include/people_msgs/people_msgs/msg/detail/people__functions.c
[1.097s] -- Up-to-date: /home/administrator/code/nmpc_ws/install/people_msgs/include/people_msgs/people_msgs/msg/detail/person_stamped__type_support.h
[1.097s] -- Up-to-date: /home/administrator/code/nmpc_ws/install/people_msgs/include/people_msgs/people_msgs/msg/detail/people__struct.h
[1.098s] -- Up-to-date: /home/administrator/code/nmpc_ws/install/people_msgs/include/people_msgs/people_msgs/msg/detail/person_stamped__functions.h
[1.098s] -- Up-to-date: /home/administrator/code/nmpc_ws/install/people_msgs/include/people_msgs/people_msgs/msg/detail/position_measurement_array__functions.c
[1.098s] -- Up-to-date: /home/administrator/code/nmpc_ws/install/people_msgs/include/people_msgs/people_msgs/msg/people.h
[1.098s] -- Up-to-date: /home/administrator/code/nmpc_ws/install/people_msgs/share/people_msgs/environment/library_path.sh
[1.098s] -- Up-to-date: /home/administrator/code/nmpc_ws/install/people_msgs/share/people_msgs/environment/library_path.dsv
[1.099s] -- Up-to-date: /home/administrator/code/nmpc_ws/install/people_msgs/lib/libpeople_msgs__rosidl_generator_c.so
[1.099s] -- Up-to-date: /home/administrator/code/nmpc_ws/install/people_msgs/include/people_msgs/people_msgs
[1.099s] -- Up-to-date: /home/administrator/code/nmpc_ws/install/people_msgs/include/people_msgs/people_msgs/msg
[1.099s] -- Up-to-date: /home/administrator/code/nmpc_ws/install/people_msgs/include/people_msgs/people_msgs/msg/rosidl_typesupport_fastrtps_c__visibility_control.h
[1.099s] -- Up-to-date: /home/administrator/code/nmpc_ws/install/people_msgs/include/people_msgs/people_msgs/msg/detail
[1.099s] -- Up-to-date: /home/administrator/code/nmpc_ws/install/people_msgs/include/people_msgs/people_msgs/msg/detail/people__rosidl_typesupport_fastrtps_c.h
[1.100s] -- Up-to-date: /home/administrator/code/nmpc_ws/install/people_msgs/include/people_msgs/people_msgs/msg/detail/person__rosidl_typesupport_fastrtps_c.h
[1.100s] -- Up-to-date: /home/administrator/code/nmpc_ws/install/people_msgs/include/people_msgs/people_msgs/msg/detail/position_measurement__rosidl_typesupport_fastrtps_c.h
[1.100s] -- Up-to-date: /home/administrator/code/nmpc_ws/install/people_msgs/include/people_msgs/people_msgs/msg/detail/position_measurement_array__rosidl_typesupport_fastrtps_c.h
[1.100s] -- Up-to-date: /home/administrator/code/nmpc_ws/install/people_msgs/include/people_msgs/people_msgs/msg/detail/person_stamped__rosidl_typesupport_fastrtps_c.h
[1.101s] -- Up-to-date: /home/administrator/code/nmpc_ws/install/people_msgs/lib/libpeople_msgs__rosidl_typesupport_fastrtps_c.so
[1.101s] -- Up-to-date: /home/administrator/code/nmpc_ws/install/people_msgs/include/people_msgs/people_msgs
[1.101s] -- Up-to-date: /home/administrator/code/nmpc_ws/install/people_msgs/include/people_msgs/people_msgs/msg
[1.101s] -- Up-to-date: /home/administrator/code/nmpc_ws/install/people_msgs/include/people_msgs/people_msgs/msg/rosidl_typesupport_introspection_c__visibility_control.h
[1.101s] -- Up-to-date: /home/administrator/code/nmpc_ws/install/people_msgs/include/people_msgs/people_msgs/msg/detail
[1.105s] -- Up-to-date: /home/administrator/code/nmpc_ws/install/people_msgs/include/people_msgs/people_msgs/msg/detail/person_stamped__rosidl_typesupport_introspection_c.h
[1.105s] -- Up-to-date: /home/administrator/code/nmpc_ws/install/people_msgs/include/people_msgs/people_msgs/msg/detail/position_measurement__rosidl_typesupport_introspection_c.h
[1.105s] -- Up-to-date: /home/administrator/code/nmpc_ws/install/people_msgs/include/people_msgs/people_msgs/msg/detail/position_measurement__type_support.c
[1.106s] -- Up-to-date: /home/administrator/code/nmpc_ws/install/people_msgs/include/people_msgs/people_msgs/msg/detail/person__rosidl_typesupport_introspection_c.h
[1.106s] -- Up-to-date: /home/administrator/code/nmpc_ws/install/people_msgs/include/people_msgs/people_msgs/msg/detail/person_stamped__type_support.c
[1.106s] -- Up-to-date: /home/administrator/code/nmpc_ws/install/people_msgs/include/people_msgs/people_msgs/msg/detail/people__rosidl_typesupport_introspection_c.h
[1.106s] -- Up-to-date: /home/administrator/code/nmpc_ws/install/people_msgs/include/people_msgs/people_msgs/msg/detail/person__type_support.c
[1.106s] -- Up-to-date: /home/administrator/code/nmpc_ws/install/people_msgs/include/people_msgs/people_msgs/msg/detail/position_measurement_array__rosidl_typesupport_introspection_c.h
[1.106s] -- Up-to-date: /home/administrator/code/nmpc_ws/install/people_msgs/include/people_msgs/people_msgs/msg/detail/position_measurement_array__type_support.c
[1.107s] -- Up-to-date: /home/administrator/code/nmpc_ws/install/people_msgs/include/people_msgs/people_msgs/msg/detail/people__type_support.c
[1.107s] -- Up-to-date: /home/administrator/code/nmpc_ws/install/people_msgs/lib/libpeople_msgs__rosidl_typesupport_introspection_c.so
[1.107s] -- Up-to-date: /home/administrator/code/nmpc_ws/install/people_msgs/lib/libpeople_msgs__rosidl_typesupport_c.so
[1.107s] -- Up-to-date: /home/administrator/code/nmpc_ws/install/people_msgs/include/people_msgs/people_msgs
[1.107s] -- Up-to-date: /home/administrator/code/nmpc_ws/install/people_msgs/include/people_msgs/people_msgs/msg
[1.107s] -- Up-to-date: /home/administrator/code/nmpc_ws/install/people_msgs/include/people_msgs/people_msgs/msg/position_measurement.hpp
[1.107s] -- Up-to-date: /home/administrator/code/nmpc_ws/install/people_msgs/include/people_msgs/people_msgs/msg/rosidl_generator_cpp__visibility_control.hpp
[1.108s] -- Up-to-date: /home/administrator/code/nmpc_ws/install/people_msgs/include/people_msgs/people_msgs/msg/people.hpp
[1.108s] -- Up-to-date: /home/administrator/code/nmpc_ws/install/people_msgs/include/people_msgs/people_msgs/msg/position_measurement_array.hpp
[1.108s] -- Up-to-date: /home/administrator/code/nmpc_ws/install/people_msgs/include/people_msgs/people_msgs/msg/person_stamped.hpp
[1.108s] -- Up-to-date: /home/administrator/code/nmpc_ws/install/people_msgs/include/people_msgs/people_msgs/msg/person.hpp
[1.108s] -- Up-to-date: /home/administrator/code/nmpc_ws/install/people_msgs/include/people_msgs/people_msgs/msg/detail
[1.108s] -- Up-to-date: /home/administrator/code/nmpc_ws/install/people_msgs/include/people_msgs/people_msgs/msg/detail/position_measurement__struct.hpp
[1.108s] -- Up-to-date: /home/administrator/code/nmpc_ws/install/people_msgs/include/people_msgs/people_msgs/msg/detail/person__builder.hpp
[1.109s] -- Up-to-date: /home/administrator/code/nmpc_ws/install/people_msgs/include/people_msgs/people_msgs/msg/detail/person_stamped__traits.hpp
[1.109s] -- Up-to-date: /home/administrator/code/nmpc_ws/install/people_msgs/include/people_msgs/people_msgs/msg/detail/person_stamped__struct.hpp
[1.110s] -- Up-to-date: /home/administrator/code/nmpc_ws/install/people_msgs/include/people_msgs/people_msgs/msg/detail/person_stamped__builder.hpp
[1.110s] -- Up-to-date: /home/administrator/code/nmpc_ws/install/people_msgs/include/people_msgs/people_msgs/msg/detail/position_measurement__traits.hpp
[1.110s] -- Up-to-date: /home/administrator/code/nmpc_ws/install/people_msgs/include/people_msgs/people_msgs/msg/detail/people__traits.hpp
[1.110s] -- Up-to-date: /home/administrator/code/nmpc_ws/install/people_msgs/include/people_msgs/people_msgs/msg/detail/person__traits.hpp
[1.110s] -- Up-to-date: /home/administrator/code/nmpc_ws/install/people_msgs/include/people_msgs/people_msgs/msg/detail/position_measurement_array__type_support.hpp
[1.110s] -- Up-to-date: /home/administrator/code/nmpc_ws/install/people_msgs/include/people_msgs/people_msgs/msg/detail/people__builder.hpp
[1.111s] -- Up-to-date: /home/administrator/code/nmpc_ws/install/people_msgs/include/people_msgs/people_msgs/msg/detail/position_measurement__type_support.hpp
[1.111s] -- Up-to-date: /home/administrator/code/nmpc_ws/install/people_msgs/include/people_msgs/people_msgs/msg/detail/position_measurement_array__builder.hpp
[1.111s] -- Up-to-date: /home/administrator/code/nmpc_ws/install/people_msgs/include/people_msgs/people_msgs/msg/detail/position_measurement_array__traits.hpp
[1.111s] -- Up-to-date: /home/administrator/code/nmpc_ws/install/people_msgs/include/people_msgs/people_msgs/msg/detail/people__type_support.hpp
[1.111s] -- Up-to-date: /home/administrator/code/nmpc_ws/install/people_msgs/include/people_msgs/people_msgs/msg/detail/person_stamped__type_support.hpp
[1.111s] -- Up-to-date: /home/administrator/code/nmpc_ws/install/people_msgs/include/people_msgs/people_msgs/msg/detail/people__struct.hpp
[1.111s] -- Up-to-date: /home/administrator/code/nmpc_ws/install/people_msgs/include/people_msgs/people_msgs/msg/detail/person__type_support.hpp
[1.112s] -- Up-to-date: /home/administrator/code/nmpc_ws/install/people_msgs/include/people_msgs/people_msgs/msg/detail/position_measurement_array__struct.hpp
[1.112s] -- Up-to-date: /home/administrator/code/nmpc_ws/install/people_msgs/include/people_msgs/people_msgs/msg/detail/position_measurement__builder.hpp
[1.112s] -- Up-to-date: /home/administrator/code/nmpc_ws/install/people_msgs/include/people_msgs/people_msgs/msg/detail/person__struct.hpp
[1.112s] -- Up-to-date: /home/administrator/code/nmpc_ws/install/people_msgs/include/people_msgs/people_msgs
[1.112s] -- Up-to-date: /home/administrator/code/nmpc_ws/install/people_msgs/include/people_msgs/people_msgs/msg
[1.112s] -- Up-to-date: /home/administrator/code/nmpc_ws/install/people_msgs/include/people_msgs/people_msgs/msg/rosidl_typesupport_fastrtps_cpp__visibility_control.h
[1.113s] -- Up-to-date: /home/administrator/code/nmpc_ws/install/people_msgs/include/people_msgs/people_msgs/msg/detail
[1.113s] -- Up-to-date: /home/administrator/code/nmpc_ws/install/people_msgs/include/people_msgs/people_msgs/msg/detail/position_measurement__rosidl_typesupport_fastrtps_cpp.hpp
[1.113s] -- Up-to-date: /home/administrator/code/nmpc_ws/install/people_msgs/include/people_msgs/people_msgs/msg/detail/position_measurement_array__rosidl_typesupport_fastrtps_cpp.hpp
[1.113s] -- Up-to-date: /home/administrator/code/nmpc_ws/install/people_msgs/include/people_msgs/people_msgs/msg/detail/person_stamped__rosidl_typesupport_fastrtps_cpp.hpp
[1.113s] -- Up-to-date: /home/administrator/code/nmpc_ws/install/people_msgs/include/people_msgs/people_msgs/msg/detail/person__rosidl_typesupport_fastrtps_cpp.hpp
[1.113s] -- Up-to-date: /home/administrator/code/nmpc_ws/install/people_msgs/include/people_msgs/people_msgs/msg/detail/people__rosidl_typesupport_fastrtps_cpp.hpp
[1.113s] -- Up-to-date: /home/administrator/code/nmpc_ws/install/people_msgs/include/people_msgs/people_msgs/msg/detail/dds_fastrtps
[1.114s] -- Up-to-date: /home/administrator/code/nmpc_ws/install/people_msgs/lib/libpeople_msgs__rosidl_typesupport_fastrtps_cpp.so
[1.114s] -- Up-to-date: /home/administrator/code/nmpc_ws/install/people_msgs/include/people_msgs/people_msgs
[1.114s] -- Up-to-date: /home/administrator/code/nmpc_ws/install/people_msgs/include/people_msgs/people_msgs/msg
[1.115s] -- Up-to-date: /home/administrator/code/nmpc_ws/install/people_msgs/include/people_msgs/people_msgs/msg/detail
[1.115s] -- Up-to-date: /home/administrator/code/nmpc_ws/install/people_msgs/include/people_msgs/people_msgs/msg/detail/people__type_support.cpp
[1.115s] -- Up-to-date: /home/administrator/code/nmpc_ws/install/people_msgs/include/people_msgs/people_msgs/msg/detail/position_measurement__type_support.cpp
[1.115s] -- Up-to-date: /home/administrator/code/nmpc_ws/install/people_msgs/include/people_msgs/people_msgs/msg/detail/position_measurement__rosidl_typesupport_introspection_cpp.hpp
[1.115s] -- Up-to-date: /home/administrator/code/nmpc_ws/install/people_msgs/include/people_msgs/people_msgs/msg/detail/position_measurement_array__rosidl_typesupport_introspection_cpp.hpp
[1.115s] -- Up-to-date: /home/administrator/code/nmpc_ws/install/people_msgs/include/people_msgs/people_msgs/msg/detail/people__rosidl_typesupport_introspection_cpp.hpp
[1.116s] -- Up-to-date: /home/administrator/code/nmpc_ws/install/people_msgs/include/people_msgs/people_msgs/msg/detail/person_stamped__rosidl_typesupport_introspection_cpp.hpp
[1.116s] -- Up-to-date: /home/administrator/code/nmpc_ws/install/people_msgs/include/people_msgs/people_msgs/msg/detail/person_stamped__type_support.cpp
[1.116s] -- Up-to-date: /home/administrator/code/nmpc_ws/install/people_msgs/include/people_msgs/people_msgs/msg/detail/person__rosidl_typesupport_introspection_cpp.hpp
[1.116s] -- Up-to-date: /home/administrator/code/nmpc_ws/install/people_msgs/include/people_msgs/people_msgs/msg/detail/person__type_support.cpp
[1.116s] -- Up-to-date: /home/administrator/code/nmpc_ws/install/people_msgs/include/people_msgs/people_msgs/msg/detail/position_measurement_array__type_support.cpp
[1.116s] -- Up-to-date: /home/administrator/code/nmpc_ws/install/people_msgs/lib/libpeople_msgs__rosidl_typesupport_introspection_cpp.so
[1.116s] -- Up-to-date: /home/administrator/code/nmpc_ws/install/people_msgs/lib/libpeople_msgs__rosidl_typesupport_cpp.so
[1.117s] -- Up-to-date: /home/administrator/code/nmpc_ws/install/people_msgs/share/people_msgs/environment/pythonpath.sh
[1.117s] -- Up-to-date: /home/administrator/code/nmpc_ws/install/people_msgs/share/people_msgs/environment/pythonpath.dsv
[1.117s] -- Up-to-date: /home/administrator/code/nmpc_ws/install/people_msgs/local/lib/python3.10/dist-packages/people_msgs-1.3.0-py3.10.egg-info
[1.117s] -- Installing: /home/administrator/code/nmpc_ws/install/people_msgs/local/lib/python3.10/dist-packages/people_msgs-1.3.0-py3.10.egg-info/PKG-INFO
[1.117s] -- Installing: /home/administrator/code/nmpc_ws/install/people_msgs/local/lib/python3.10/dist-packages/people_msgs-1.3.0-py3.10.egg-info/top_level.txt
[1.117s] -- Installing: /home/administrator/code/nmpc_ws/install/people_msgs/local/lib/python3.10/dist-packages/people_msgs-1.3.0-py3.10.egg-info/dependency_links.txt
[1.117s] -- Installing: /home/administrator/code/nmpc_ws/install/people_msgs/local/lib/python3.10/dist-packages/people_msgs-1.3.0-py3.10.egg-info/SOURCES.txt
[1.118s] -- Up-to-date: /home/administrator/code/nmpc_ws/install/people_msgs/local/lib/python3.10/dist-packages/people_msgs
[1.118s] -- Up-to-date: /home/administrator/code/nmpc_ws/install/people_msgs/local/lib/python3.10/dist-packages/people_msgs/people_msgs_s__rosidl_typesupport_c.cpython-310-x86_64-linux-gnu.so
[1.118s] -- Up-to-date: /home/administrator/code/nmpc_ws/install/people_msgs/local/lib/python3.10/dist-packages/people_msgs/people_msgs_s__rosidl_typesupport_fastrtps_c.cpython-310-x86_64-linux-gnu.so
[1.118s] -- Up-to-date: /home/administrator/code/nmpc_ws/install/people_msgs/local/lib/python3.10/dist-packages/people_msgs/_people_msgs_s.ep.rosidl_typesupport_fastrtps_c.c
[1.118s] -- Up-to-date: /home/administrator/code/nmpc_ws/install/people_msgs/local/lib/python3.10/dist-packages/people_msgs/_people_msgs_s.ep.rosidl_typesupport_introspection_c.c
[1.118s] -- Up-to-date: /home/administrator/code/nmpc_ws/install/people_msgs/local/lib/python3.10/dist-packages/people_msgs/__init__.py
[1.118s] -- Up-to-date: /home/administrator/code/nmpc_ws/install/people_msgs/local/lib/python3.10/dist-packages/people_msgs/people_msgs_s__rosidl_typesupport_introspection_c.cpython-310-x86_64-linux-gnu.so
[1.119s] -- Up-to-date: /home/administrator/code/nmpc_ws/install/people_msgs/local/lib/python3.10/dist-packages/people_msgs/msg
[1.119s] -- Up-to-date: /home/administrator/code/nmpc_ws/install/people_msgs/local/lib/python3.10/dist-packages/people_msgs/msg/_people.py
[1.119s] -- Up-to-date: /home/administrator/code/nmpc_ws/install/people_msgs/local/lib/python3.10/dist-packages/people_msgs/msg/_person_s.c
[1.119s] -- Up-to-date: /home/administrator/code/nmpc_ws/install/people_msgs/local/lib/python3.10/dist-packages/people_msgs/msg/_people_s.c
[1.120s] -- Up-to-date: /home/administrator/code/nmpc_ws/install/people_msgs/local/lib/python3.10/dist-packages/people_msgs/msg/_position_measurement_s.c
[1.120s] -- Up-to-date: /home/administrator/code/nmpc_ws/install/people_msgs/local/lib/python3.10/dist-packages/people_msgs/msg/_position_measurement_array.py
[1.120s] -- Up-to-date: /home/administrator/code/nmpc_ws/install/people_msgs/local/lib/python3.10/dist-packages/people_msgs/msg/_person_stamped_s.c
[1.120s] -- Up-to-date: /home/administrator/code/nmpc_ws/install/people_msgs/local/lib/python3.10/dist-packages/people_msgs/msg/__init__.py
[1.120s] -- Up-to-date: /home/administrator/code/nmpc_ws/install/people_msgs/local/lib/python3.10/dist-packages/people_msgs/msg/_position_measurement.py
[1.120s] -- Up-to-date: /home/administrator/code/nmpc_ws/install/people_msgs/local/lib/python3.10/dist-packages/people_msgs/msg/_person.py
[1.121s] -- Up-to-date: /home/administrator/code/nmpc_ws/install/people_msgs/local/lib/python3.10/dist-packages/people_msgs/msg/_person_stamped.py
[1.121s] -- Up-to-date: /home/administrator/code/nmpc_ws/install/people_msgs/local/lib/python3.10/dist-packages/people_msgs/msg/_position_measurement_array_s.c
[1.121s] -- Up-to-date: /home/administrator/code/nmpc_ws/install/people_msgs/local/lib/python3.10/dist-packages/people_msgs/_people_msgs_s.ep.rosidl_typesupport_c.c
[1.121s] -- Up-to-date: /home/administrator/code/nmpc_ws/install/people_msgs/local/lib/python3.10/dist-packages/people_msgs/libpeople_msgs__rosidl_generator_py.so
[1.156s] Listing '/home/administrator/code/nmpc_ws/install/people_msgs/local/lib/python3.10/dist-packages/people_msgs'...
[1.156s] Listing '/home/administrator/code/nmpc_ws/install/people_msgs/local/lib/python3.10/dist-packages/people_msgs/msg'...
[1.165s] -- Up-to-date: /home/administrator/code/nmpc_ws/install/people_msgs/local/lib/python3.10/dist-packages/people_msgs/people_msgs_s__rosidl_typesupport_fastrtps_c.cpython-310-x86_64-linux-gnu.so
[1.166s] -- Up-to-date: /home/administrator/code/nmpc_ws/install/people_msgs/local/lib/python3.10/dist-packages/people_msgs/people_msgs_s__rosidl_typesupport_introspection_c.cpython-310-x86_64-linux-gnu.so
[1.167s] -- Up-to-date: /home/administrator/code/nmpc_ws/install/people_msgs/local/lib/python3.10/dist-packages/people_msgs/people_msgs_s__rosidl_typesupport_c.cpython-310-x86_64-linux-gnu.so
[1.167s] -- Up-to-date: /home/administrator/code/nmpc_ws/install/people_msgs/lib/libpeople_msgs__rosidl_generator_py.so
[1.167s] -- Up-to-date: /home/administrator/code/nmpc_ws/install/people_msgs/share/people_msgs/msg/People.idl
[1.168s] -- Up-to-date: /home/administrator/code/nmpc_ws/install/people_msgs/share/people_msgs/msg/Person.idl
[1.168s] -- Up-to-date: /home/administrator/code/nmpc_ws/install/people_msgs/share/people_msgs/msg/PersonStamped.idl
[1.168s] -- Up-to-date: /home/administrator/code/nmpc_ws/install/people_msgs/share/people_msgs/msg/PositionMeasurement.idl
[1.168s] -- Up-to-date: /home/administrator/code/nmpc_ws/install/people_msgs/share/people_msgs/msg/PositionMeasurementArray.idl
[1.169s] -- Up-to-date: /home/administrator/code/nmpc_ws/install/people_msgs/share/people_msgs/msg/People.msg
[1.169s] -- Up-to-date: /home/administrator/code/nmpc_ws/install/people_msgs/share/people_msgs/msg/Person.msg
[1.169s] -- Up-to-date: /home/administrator/code/nmpc_ws/install/people_msgs/share/people_msgs/msg/PersonStamped.msg
[1.169s] -- Up-to-date: /home/administrator/code/nmpc_ws/install/people_msgs/share/people_msgs/msg/PositionMeasurement.msg
[1.169s] -- Up-to-date: /home/administrator/code/nmpc_ws/install/people_msgs/share/people_msgs/msg/PositionMeasurementArray.msg
[1.169s] -- Up-to-date: /home/administrator/code/nmpc_ws/install/people_msgs/share/ament_index/resource_index/package_run_dependencies/people_msgs
[1.170s] -- Up-to-date: /home/administrator/code/nmpc_ws/install/people_msgs/share/ament_index/resource_index/parent_prefix_path/people_msgs
[1.170s] -- Up-to-date: /home/administrator/code/nmpc_ws/install/people_msgs/share/people_msgs/environment/ament_prefix_path.sh
[1.170s] -- Up-to-date: /home/administrator/code/nmpc_ws/install/people_msgs/share/people_msgs/environment/ament_prefix_path.dsv
[1.170s] -- Up-to-date: /home/administrator/code/nmpc_ws/install/people_msgs/share/people_msgs/environment/path.sh
[1.170s] -- Up-to-date: /home/administrator/code/nmpc_ws/install/people_msgs/share/people_msgs/environment/path.dsv
[1.170s] -- Up-to-date: /home/administrator/code/nmpc_ws/install/people_msgs/share/people_msgs/local_setup.bash
[1.171s] -- Up-to-date: /home/administrator/code/nmpc_ws/install/people_msgs/share/people_msgs/local_setup.sh
[1.171s] -- Up-to-date: /home/administrator/code/nmpc_ws/install/people_msgs/share/people_msgs/local_setup.zsh
[1.171s] -- Up-to-date: /home/administrator/code/nmpc_ws/install/people_msgs/share/people_msgs/local_setup.dsv
[1.172s] -- Installing: /home/administrator/code/nmpc_ws/install/people_msgs/share/people_msgs/package.dsv
[1.172s] -- Up-to-date: /home/administrator/code/nmpc_ws/install/people_msgs/share/ament_index/resource_index/packages/people_msgs
[1.172s] -- Up-to-date: /home/administrator/code/nmpc_ws/install/people_msgs/share/people_msgs/cmake/export_people_msgs__rosidl_generator_cExport.cmake
[1.172s] -- Up-to-date: /home/administrator/code/nmpc_ws/install/people_msgs/share/people_msgs/cmake/export_people_msgs__rosidl_generator_cExport-noconfig.cmake
[1.173s] -- Up-to-date: /home/administrator/code/nmpc_ws/install/people_msgs/share/people_msgs/cmake/export_people_msgs__rosidl_typesupport_fastrtps_cExport.cmake
[1.173s] -- Up-to-date: /home/administrator/code/nmpc_ws/install/people_msgs/share/people_msgs/cmake/export_people_msgs__rosidl_typesupport_fastrtps_cExport-noconfig.cmake
[1.173s] -- Up-to-date: /home/administrator/code/nmpc_ws/install/people_msgs/share/people_msgs/cmake/people_msgs__rosidl_typesupport_introspection_cExport.cmake
[1.173s] -- Up-to-date: /home/administrator/code/nmpc_ws/install/people_msgs/share/people_msgs/cmake/people_msgs__rosidl_typesupport_introspection_cExport-noconfig.cmake
[1.173s] -- Up-to-date: /home/administrator/code/nmpc_ws/install/people_msgs/share/people_msgs/cmake/people_msgs__rosidl_typesupport_cExport.cmake
[1.174s] -- Up-to-date: /home/administrator/code/nmpc_ws/install/people_msgs/share/people_msgs/cmake/people_msgs__rosidl_typesupport_cExport-noconfig.cmake
[1.174s] -- Up-to-date: /home/administrator/code/nmpc_ws/install/people_msgs/share/people_msgs/cmake/export_people_msgs__rosidl_generator_cppExport.cmake
[1.174s] -- Up-to-date: /home/administrator/code/nmpc_ws/install/people_msgs/share/people_msgs/cmake/export_people_msgs__rosidl_typesupport_fastrtps_cppExport.cmake
[1.174s] -- Up-to-date: /home/administrator/code/nmpc_ws/install/people_msgs/share/people_msgs/cmake/export_people_msgs__rosidl_typesupport_fastrtps_cppExport-noconfig.cmake
[1.174s] -- Up-to-date: /home/administrator/code/nmpc_ws/install/people_msgs/share/people_msgs/cmake/people_msgs__rosidl_typesupport_introspection_cppExport.cmake
[1.174s] -- Up-to-date: /home/administrator/code/nmpc_ws/install/people_msgs/share/people_msgs/cmake/people_msgs__rosidl_typesupport_introspection_cppExport-noconfig.cmake
[1.174s] -- Up-to-date: /home/administrator/code/nmpc_ws/install/people_msgs/share/people_msgs/cmake/people_msgs__rosidl_typesupport_cppExport.cmake
[1.175s] -- Up-to-date: /home/administrator/code/nmpc_ws/install/people_msgs/share/people_msgs/cmake/people_msgs__rosidl_typesupport_cppExport-noconfig.cmake
[1.175s] -- Up-to-date: /home/administrator/code/nmpc_ws/install/people_msgs/share/people_msgs/cmake/export_people_msgs__rosidl_generator_pyExport.cmake
[1.175s] -- Up-to-date: /home/administrator/code/nmpc_ws/install/people_msgs/share/people_msgs/cmake/export_people_msgs__rosidl_generator_pyExport-noconfig.cmake
[1.175s] -- Up-to-date: /home/administrator/code/nmpc_ws/install/people_msgs/share/people_msgs/cmake/rosidl_cmake-extras.cmake
[1.175s] -- Up-to-date: /home/administrator/code/nmpc_ws/install/people_msgs/share/people_msgs/cmake/ament_cmake_export_dependencies-extras.cmake
[1.175s] -- Up-to-date: /home/administrator/code/nmpc_ws/install/people_msgs/share/people_msgs/cmake/ament_cmake_export_include_directories-extras.cmake
[1.175s] -- Up-to-date: /home/administrator/code/nmpc_ws/install/people_msgs/share/people_msgs/cmake/ament_cmake_export_libraries-extras.cmake
[1.176s] -- Up-to-date: /home/administrator/code/nmpc_ws/install/people_msgs/share/people_msgs/cmake/ament_cmake_export_targets-extras.cmake
[1.176s] -- Up-to-date: /home/administrator/code/nmpc_ws/install/people_msgs/share/people_msgs/cmake/rosidl_cmake_export_typesupport_targets-extras.cmake
[1.176s] -- Up-to-date: /home/administrator/code/nmpc_ws/install/people_msgs/share/people_msgs/cmake/rosidl_cmake_export_typesupport_libraries-extras.cmake
[1.176s] -- Up-to-date: /home/administrator/code/nmpc_ws/install/people_msgs/share/people_msgs/cmake/people_msgsConfig.cmake
[1.176s] -- Up-to-date: /home/administrator/code/nmpc_ws/install/people_msgs/share/people_msgs/cmake/people_msgsConfig-version.cmake
[1.176s] -- Up-to-date: /home/administrator/code/nmpc_ws/install/people_msgs/share/people_msgs/package.xml
[1.198s] Invoked command in '/home/administrator/code/nmpc_ws/build/people_msgs' returned '0': CMAKE_PREFIX_PATH=${CMAKE_PREFIX_PATH}:/home/administrator/code/nmpc_ws/install/nmpc_pkg:/opt/ros/humble /usr/bin/cmake --install /home/administrator/code/nmpc_ws/build/people_msgs
