[1.680s] DEBUG:colcon:Command line arguments: ['/usr/bin/colcon', 'build']
[1.680s] DEBUG:colcon:Parsed command line arguments: Namespace(log_base=None, log_level=None, verb_name='build', build_base='build', install_base='install', merge_install=False, symlink_install=False, test_result_base=None, continue_on_error=False, executor='parallel', parallel_workers=4, event_handlers=None, ignore_user_meta=False, metas=['./colcon.meta'], base_paths=['.'], packages_ignore=None, packages_ignore_regex=None, paths=None, packages_up_to=None, packages_up_to_regex=None, packages_above=None, packages_above_and_dependencies=None, packages_above_depth=None, packages_select_by_dep=None, packages_skip_by_dep=None, packages_skip_up_to=None, packages_select_build_failed=False, packages_skip_build_finished=False, packages_select_test_failures=False, packages_skip_test_passed=False, packages_select=None, packages_skip=None, packages_select_regex=None, packages_skip_regex=None, packages_start=None, packages_end=None, allow_overriding=[], cmake_args=None, cmake_target=None, cmake_target_skip_unavailable=False, cmake_clean_cache=False, cmake_clean_first=False, cmake_force_configure=False, ament_cmake_args=None, catkin_cmake_args=None, catkin_skip_building_tests=False, mixin_files=None, mixin=None, verb_parser=<colcon_mixin.mixin.mixin_argument.MixinArgumentDecorator object at 0x7f3cd672bb80>, verb_extension=<colcon_core.verb.build.BuildVerb object at 0x7f3cd672dde0>, main=<bound method BuildVerb.main of <colcon_core.verb.build.BuildVerb object at 0x7f3cd672dde0>>, mixin_verb=('build',))
[1.740s] Level 1:colcon.colcon_core.package_discovery:discover_packages(colcon_meta) check parameters
[1.740s] Level 1:colcon.colcon_core.package_discovery:discover_packages(recursive) check parameters
[1.740s] Level 1:colcon.colcon_core.package_discovery:discover_packages(ignore) check parameters
[1.740s] Level 1:colcon.colcon_core.package_discovery:discover_packages(path) check parameters
[1.740s] Level 1:colcon.colcon_core.package_discovery:discover_packages(colcon_meta) discover
[1.741s] Level 1:colcon.colcon_core.package_discovery:discover_packages(recursive) discover
[1.741s] INFO:colcon.colcon_core.package_discovery:Crawling recursively for packages in '/home/administrator/nmpc_ws'
[1.741s] Level 1:colcon.colcon_core.package_identification:_identify(.) by extensions ['ignore', 'ignore_ament_install']
[1.741s] Level 1:colcon.colcon_core.package_identification:_identify(.) by extension 'ignore'
[1.741s] Level 1:colcon.colcon_core.package_identification:_identify(.) by extension 'ignore_ament_install'
[1.741s] Level 1:colcon.colcon_core.package_identification:_identify(.) by extensions ['colcon_pkg']
[1.741s] Level 1:colcon.colcon_core.package_identification:_identify(.) by extension 'colcon_pkg'
[1.741s] Level 1:colcon.colcon_core.package_identification:_identify(.) by extensions ['colcon_meta']
[1.741s] Level 1:colcon.colcon_core.package_identification:_identify(.) by extension 'colcon_meta'
[1.741s] Level 1:colcon.colcon_core.package_identification:_identify(.) by extensions ['ros']
[1.741s] Level 1:colcon.colcon_core.package_identification:_identify(.) by extension 'ros'
[1.754s] Level 1:colcon.colcon_core.package_identification:_identify(.) by extensions ['cmake', 'python']
[1.754s] Level 1:colcon.colcon_core.package_identification:_identify(.) by extension 'cmake'
[1.754s] Level 1:colcon.colcon_core.package_identification:_identify(.) by extension 'python'
[1.754s] Level 1:colcon.colcon_core.package_identification:_identify(.) by extensions ['python_setup_py']
[1.754s] Level 1:colcon.colcon_core.package_identification:_identify(.) by extension 'python_setup_py'
[1.754s] Level 1:colcon.colcon_core.package_identification:_identify(build) by extensions ['ignore', 'ignore_ament_install']
[1.754s] Level 1:colcon.colcon_core.package_identification:_identify(build) by extension 'ignore'
[1.755s] Level 1:colcon.colcon_core.package_identification:_identify(build) ignored
[1.755s] Level 1:colcon.colcon_core.package_identification:_identify(data) by extensions ['ignore', 'ignore_ament_install']
[1.755s] Level 1:colcon.colcon_core.package_identification:_identify(data) by extension 'ignore'
[1.755s] Level 1:colcon.colcon_core.package_identification:_identify(data) by extension 'ignore_ament_install'
[1.755s] Level 1:colcon.colcon_core.package_identification:_identify(data) by extensions ['colcon_pkg']
[1.755s] Level 1:colcon.colcon_core.package_identification:_identify(data) by extension 'colcon_pkg'
[1.755s] Level 1:colcon.colcon_core.package_identification:_identify(data) by extensions ['colcon_meta']
[1.755s] Level 1:colcon.colcon_core.package_identification:_identify(data) by extension 'colcon_meta'
[1.755s] Level 1:colcon.colcon_core.package_identification:_identify(data) by extensions ['ros']
[1.755s] Level 1:colcon.colcon_core.package_identification:_identify(data) by extension 'ros'
[1.755s] Level 1:colcon.colcon_core.package_identification:_identify(data) by extensions ['cmake', 'python']
[1.755s] Level 1:colcon.colcon_core.package_identification:_identify(data) by extension 'cmake'
[1.755s] Level 1:colcon.colcon_core.package_identification:_identify(data) by extension 'python'
[1.755s] Level 1:colcon.colcon_core.package_identification:_identify(data) by extensions ['python_setup_py']
[1.756s] Level 1:colcon.colcon_core.package_identification:_identify(data) by extension 'python_setup_py'
[1.756s] Level 1:colcon.colcon_core.package_identification:_identify(data/trajectories) by extensions ['ignore', 'ignore_ament_install']
[1.756s] Level 1:colcon.colcon_core.package_identification:_identify(data/trajectories) by extension 'ignore'
[1.756s] Level 1:colcon.colcon_core.package_identification:_identify(data/trajectories) by extension 'ignore_ament_install'
[1.756s] Level 1:colcon.colcon_core.package_identification:_identify(data/trajectories) by extensions ['colcon_pkg']
[1.756s] Level 1:colcon.colcon_core.package_identification:_identify(data/trajectories) by extension 'colcon_pkg'
[1.756s] Level 1:colcon.colcon_core.package_identification:_identify(data/trajectories) by extensions ['colcon_meta']
[1.756s] Level 1:colcon.colcon_core.package_identification:_identify(data/trajectories) by extension 'colcon_meta'
[1.756s] Level 1:colcon.colcon_core.package_identification:_identify(data/trajectories) by extensions ['ros']
[1.756s] Level 1:colcon.colcon_core.package_identification:_identify(data/trajectories) by extension 'ros'
[1.756s] Level 1:colcon.colcon_core.package_identification:_identify(data/trajectories) by extensions ['cmake', 'python']
[1.756s] Level 1:colcon.colcon_core.package_identification:_identify(data/trajectories) by extension 'cmake'
[1.756s] Level 1:colcon.colcon_core.package_identification:_identify(data/trajectories) by extension 'python'
[1.756s] Level 1:colcon.colcon_core.package_identification:_identify(data/trajectories) by extensions ['python_setup_py']
[1.756s] Level 1:colcon.colcon_core.package_identification:_identify(data/trajectories) by extension 'python_setup_py'
[1.756s] Level 1:colcon.colcon_core.package_identification:_identify(install) by extensions ['ignore', 'ignore_ament_install']
[1.757s] Level 1:colcon.colcon_core.package_identification:_identify(install) by extension 'ignore'
[1.757s] Level 1:colcon.colcon_core.package_identification:_identify(install) ignored
[1.757s] Level 1:colcon.colcon_core.package_identification:_identify(log) by extensions ['ignore', 'ignore_ament_install']
[1.757s] Level 1:colcon.colcon_core.package_identification:_identify(log) by extension 'ignore'
[1.757s] Level 1:colcon.colcon_core.package_identification:_identify(log) ignored
[1.757s] Level 1:colcon.colcon_core.package_identification:_identify(src) by extensions ['ignore', 'ignore_ament_install']
[1.757s] Level 1:colcon.colcon_core.package_identification:_identify(src) by extension 'ignore'
[1.757s] Level 1:colcon.colcon_core.package_identification:_identify(src) by extension 'ignore_ament_install'
[1.757s] Level 1:colcon.colcon_core.package_identification:_identify(src) by extensions ['colcon_pkg']
[1.757s] Level 1:colcon.colcon_core.package_identification:_identify(src) by extension 'colcon_pkg'
[1.757s] Level 1:colcon.colcon_core.package_identification:_identify(src) by extensions ['colcon_meta']
[1.757s] Level 1:colcon.colcon_core.package_identification:_identify(src) by extension 'colcon_meta'
[1.757s] Level 1:colcon.colcon_core.package_identification:_identify(src) by extensions ['ros']
[1.758s] Level 1:colcon.colcon_core.package_identification:_identify(src) by extension 'ros'
[1.758s] Level 1:colcon.colcon_core.package_identification:_identify(src) by extensions ['cmake', 'python']
[1.758s] Level 1:colcon.colcon_core.package_identification:_identify(src) by extension 'cmake'
[1.758s] Level 1:colcon.colcon_core.package_identification:_identify(src) by extension 'python'
[1.758s] Level 1:colcon.colcon_core.package_identification:_identify(src) by extensions ['python_setup_py']
[1.758s] Level 1:colcon.colcon_core.package_identification:_identify(src) by extension 'python_setup_py'
[1.758s] Level 1:colcon.colcon_core.package_identification:_identify(src/navigan) by extensions ['ignore', 'ignore_ament_install']
[1.758s] Level 1:colcon.colcon_core.package_identification:_identify(src/navigan) by extension 'ignore'
[1.758s] Level 1:colcon.colcon_core.package_identification:_identify(src/navigan) by extension 'ignore_ament_install'
[1.758s] Level 1:colcon.colcon_core.package_identification:_identify(src/navigan) by extensions ['colcon_pkg']
[1.758s] Level 1:colcon.colcon_core.package_identification:_identify(src/navigan) by extension 'colcon_pkg'
[1.758s] Level 1:colcon.colcon_core.package_identification:_identify(src/navigan) by extensions ['colcon_meta']
[1.758s] Level 1:colcon.colcon_core.package_identification:_identify(src/navigan) by extension 'colcon_meta'
[1.758s] Level 1:colcon.colcon_core.package_identification:_identify(src/navigan) by extensions ['ros']
[1.758s] Level 1:colcon.colcon_core.package_identification:_identify(src/navigan) by extension 'ros'
[1.775s] DEBUG:colcon.colcon_core.package_identification:Package 'src/navigan' with type 'ros.ament_cmake' and name 'aru_navigan'
[1.775s] Level 1:colcon.colcon_core.package_identification:_identify(src/nmpc_pkg) by extensions ['ignore', 'ignore_ament_install']
[1.775s] Level 1:colcon.colcon_core.package_identification:_identify(src/nmpc_pkg) by extension 'ignore'
[1.775s] Level 1:colcon.colcon_core.package_identification:_identify(src/nmpc_pkg) by extension 'ignore_ament_install'
[1.776s] Level 1:colcon.colcon_core.package_identification:_identify(src/nmpc_pkg) by extensions ['colcon_pkg']
[1.776s] Level 1:colcon.colcon_core.package_identification:_identify(src/nmpc_pkg) by extension 'colcon_pkg'
[1.776s] Level 1:colcon.colcon_core.package_identification:_identify(src/nmpc_pkg) by extensions ['colcon_meta']
[1.776s] Level 1:colcon.colcon_core.package_identification:_identify(src/nmpc_pkg) by extension 'colcon_meta'
[1.776s] Level 1:colcon.colcon_core.package_identification:_identify(src/nmpc_pkg) by extensions ['ros']
[1.776s] Level 1:colcon.colcon_core.package_identification:_identify(src/nmpc_pkg) by extension 'ros'
[1.777s] DEBUG:colcon.colcon_core.package_identification:Package 'src/nmpc_pkg' with type 'ros.ament_python' and name 'nmpc_pkg'
[1.777s] Level 1:colcon.colcon_core.package_discovery:discover_packages(recursive) using defaults
[1.777s] Level 1:colcon.colcon_core.package_discovery:discover_packages(ignore) discover
[1.777s] Level 1:colcon.colcon_core.package_discovery:discover_packages(ignore) using defaults
[1.777s] Level 1:colcon.colcon_core.package_discovery:discover_packages(path) discover
[1.777s] Level 1:colcon.colcon_core.package_discovery:discover_packages(path) using defaults
[1.898s] Level 1:colcon.colcon_core.package_discovery:discover_packages(prefix_path) check parameters
[1.898s] Level 1:colcon.colcon_core.package_discovery:discover_packages(prefix_path) discover
[1.939s] DEBUG:colcon.colcon_installed_package_information.package_discovery:Found 3 installed packages in /home/administrator/code/nav2_plugins/install
[1.960s] DEBUG:colcon.colcon_installed_package_information.package_discovery:Found 1 installed packages in /home/administrator/code/ros2_msgs/install
[1.981s] DEBUG:colcon.colcon_installed_package_information.package_discovery:Found 1 installed packages in /home/administrator/code/zed_ws/install
[2.001s] DEBUG:colcon.colcon_installed_package_information.package_discovery:Found 2 installed packages in /home/administrator/code/ros2_plugin_ws/install
[2.020s] DEBUG:colcon.colcon_installed_package_information.package_discovery:Found 2 installed packages in /home/administrator/code/ublox_ws/install
[2.041s] DEBUG:colcon.colcon_installed_package_information.package_discovery:Found 1 installed packages in /home/administrator/code/bumblebee_ws/install
[2.062s] DEBUG:colcon.colcon_installed_package_information.package_discovery:Found 381 installed packages in /opt/ros/humble
[2.064s] Level 1:colcon.colcon_core.package_discovery:discover_packages(prefix_path) using defaults
[2.198s] Level 5:colcon.colcon_core.verb:set package 'aru_navigan' build argument 'cmake_args' from command line to 'None'
[2.198s] Level 5:colcon.colcon_core.verb:set package 'aru_navigan' build argument 'cmake_target' from command line to 'None'
[2.198s] Level 5:colcon.colcon_core.verb:set package 'aru_navigan' build argument 'cmake_target_skip_unavailable' from command line to 'False'
[2.198s] Level 5:colcon.colcon_core.verb:set package 'aru_navigan' build argument 'cmake_clean_cache' from command line to 'False'
[2.198s] Level 5:colcon.colcon_core.verb:set package 'aru_navigan' build argument 'cmake_clean_first' from command line to 'False'
[2.198s] Level 5:colcon.colcon_core.verb:set package 'aru_navigan' build argument 'cmake_force_configure' from command line to 'False'
[2.198s] Level 5:colcon.colcon_core.verb:set package 'aru_navigan' build argument 'ament_cmake_args' from command line to 'None'
[2.198s] Level 5:colcon.colcon_core.verb:set package 'aru_navigan' build argument 'catkin_cmake_args' from command line to 'None'
[2.198s] Level 5:colcon.colcon_core.verb:set package 'aru_navigan' build argument 'catkin_skip_building_tests' from command line to 'False'
[2.198s] DEBUG:colcon.colcon_core.verb:Building package 'aru_navigan' with the following arguments: {'ament_cmake_args': None, 'build_base': '/home/administrator/nmpc_ws/build/aru_navigan', 'catkin_cmake_args': None, 'catkin_skip_building_tests': False, 'cmake_args': None, 'cmake_clean_cache': False, 'cmake_clean_first': False, 'cmake_force_configure': False, 'cmake_target': None, 'cmake_target_skip_unavailable': False, 'install_base': '/home/administrator/nmpc_ws/install/aru_navigan', 'merge_install': False, 'path': '/home/administrator/nmpc_ws/src/navigan', 'symlink_install': False, 'test_result_base': None}
[2.218s] Level 5:colcon.colcon_core.verb:set package 'nmpc_pkg' build argument 'cmake_args' from command line to 'None'
[2.218s] Level 5:colcon.colcon_core.verb:set package 'nmpc_pkg' build argument 'cmake_target' from command line to 'None'
[2.218s] Level 5:colcon.colcon_core.verb:set package 'nmpc_pkg' build argument 'cmake_target_skip_unavailable' from command line to 'False'
[2.218s] Level 5:colcon.colcon_core.verb:set package 'nmpc_pkg' build argument 'cmake_clean_cache' from command line to 'False'
[2.218s] Level 5:colcon.colcon_core.verb:set package 'nmpc_pkg' build argument 'cmake_clean_first' from command line to 'False'
[2.218s] Level 5:colcon.colcon_core.verb:set package 'nmpc_pkg' build argument 'cmake_force_configure' from command line to 'False'
[2.218s] Level 5:colcon.colcon_core.verb:set package 'nmpc_pkg' build argument 'ament_cmake_args' from command line to 'None'
[2.218s] Level 5:colcon.colcon_core.verb:set package 'nmpc_pkg' build argument 'catkin_cmake_args' from command line to 'None'
[2.218s] Level 5:colcon.colcon_core.verb:set package 'nmpc_pkg' build argument 'catkin_skip_building_tests' from command line to 'False'
[2.218s] DEBUG:colcon.colcon_core.verb:Building package 'nmpc_pkg' with the following arguments: {'ament_cmake_args': None, 'build_base': '/home/administrator/nmpc_ws/build/nmpc_pkg', 'catkin_cmake_args': None, 'catkin_skip_building_tests': False, 'cmake_args': None, 'cmake_clean_cache': False, 'cmake_clean_first': False, 'cmake_force_configure': False, 'cmake_target': None, 'cmake_target_skip_unavailable': False, 'install_base': '/home/administrator/nmpc_ws/install/nmpc_pkg', 'merge_install': False, 'path': '/home/administrator/nmpc_ws/src/nmpc_pkg', 'symlink_install': False, 'test_result_base': None}
[2.239s] INFO:colcon.colcon_core.executor:Executing jobs using 'parallel' executor
[2.258s] DEBUG:colcon.colcon_parallel_executor.executor.parallel:run_until_complete
[2.259s] INFO:colcon.colcon_ros.task.ament_cmake.build:Building ROS package in '/home/administrator/nmpc_ws/src/navigan' with build type 'ament_cmake'
[2.259s] INFO:colcon.colcon_cmake.task.cmake.build:Building CMake package in '/home/administrator/nmpc_ws/src/navigan'
[2.281s] INFO:colcon.colcon_core.plugin_system:Skipping extension 'colcon_core.shell.bat': Not used on non-Windows systems
[2.281s] INFO:colcon.colcon_core.shell:Skip shell extension 'powershell' for command environment: Not usable outside of PowerShell
[2.281s] DEBUG:colcon.colcon_core.shell:Skip shell extension 'dsv' for command environment
[2.455s] INFO:colcon.colcon_ros.task.ament_python.build:Building ROS package in '/home/administrator/nmpc_ws/src/nmpc_pkg' with build type 'ament_python'
[2.456s] Level 1:colcon.colcon_core.shell:create_environment_hook('nmpc_pkg', 'ament_prefix_path')
[2.488s] INFO:colcon.colcon_core.shell:Creating environment hook '/home/administrator/nmpc_ws/install/nmpc_pkg/share/nmpc_pkg/hook/ament_prefix_path.ps1'
[2.489s] INFO:colcon.colcon_core.shell:Creating environment descriptor '/home/administrator/nmpc_ws/install/nmpc_pkg/share/nmpc_pkg/hook/ament_prefix_path.dsv'
[2.490s] INFO:colcon.colcon_core.shell:Creating environment hook '/home/administrator/nmpc_ws/install/nmpc_pkg/share/nmpc_pkg/hook/ament_prefix_path.sh'
[2.514s] INFO:colcon.colcon_core.shell:Skip shell extension 'powershell' for command environment: Not usable outside of PowerShell
[2.514s] DEBUG:colcon.colcon_core.shell:Skip shell extension 'dsv' for command environment
[2.687s] DEBUG:colcon.colcon_core.event_handler.log_command:Invoking command in '/home/administrator/nmpc_ws/build/aru_navigan': CMAKE_PREFIX_PATH=${CMAKE_PREFIX_PATH}:/home/administrator/code/ublox_ws/install/ublox_ros2:/home/administrator/code/bumblebee_ws/install/bumblebee_wrapper:/opt/ros/humble /usr/bin/cmake /home/administrator/nmpc_ws/src/navigan -DCMAKE_INSTALL_PREFIX=/home/administrator/nmpc_ws/install/aru_navigan
[3.155s] INFO:colcon.colcon_core.task.python.build:Building Python package in '/home/administrator/nmpc_ws/src/nmpc_pkg'
[3.194s] INFO:colcon.colcon_core.shell:Skip shell extension 'powershell' for command environment: Not usable outside of PowerShell
[3.194s] DEBUG:colcon.colcon_core.shell:Skip shell extension 'dsv' for command environment
[4.155s] DEBUG:colcon.colcon_core.event_handler.log_command:Invoking command in '/home/administrator/nmpc_ws/src/nmpc_pkg': PYTHONPATH=/home/administrator/nmpc_ws/build/nmpc_pkg/prefix_override:/home/administrator/nmpc_ws/install/nmpc_pkg/lib/python3.10/site-packages:${PYTHONPATH} /usr/bin/python3 setup.py egg_info --egg-base ../../build/nmpc_pkg build --build-base /home/administrator/nmpc_ws/build/nmpc_pkg/build install --record /home/administrator/nmpc_ws/build/nmpc_pkg/install.log --single-version-externally-managed
[4.647s] DEBUG:colcon.colcon_core.event_handler.log_command:Invoked command in '/home/administrator/nmpc_ws/src/nmpc_pkg' returned '0': PYTHONPATH=/home/administrator/nmpc_ws/build/nmpc_pkg/prefix_override:/home/administrator/nmpc_ws/install/nmpc_pkg/lib/python3.10/site-packages:${PYTHONPATH} /usr/bin/python3 setup.py egg_info --egg-base ../../build/nmpc_pkg build --build-base /home/administrator/nmpc_ws/build/nmpc_pkg/build install --record /home/administrator/nmpc_ws/build/nmpc_pkg/install.log --single-version-externally-managed
[4.684s] Level 1:colcon.colcon_core.environment:checking '/home/administrator/nmpc_ws/install/nmpc_pkg' for CMake module files
[4.685s] Level 1:colcon.colcon_core.environment:checking '/home/administrator/nmpc_ws/install/nmpc_pkg' for CMake config files
[4.687s] Level 1:colcon.colcon_core.environment:checking '/home/administrator/nmpc_ws/install/nmpc_pkg/lib'
[4.687s] Level 1:colcon.colcon_core.environment:checking '/home/administrator/nmpc_ws/install/nmpc_pkg/bin'
[4.687s] Level 1:colcon.colcon_core.environment:checking '/home/administrator/nmpc_ws/install/nmpc_pkg/lib/pkgconfig/nmpc_pkg.pc'
[4.688s] Level 1:colcon.colcon_core.environment:checking '/home/administrator/nmpc_ws/install/nmpc_pkg/lib/python3.10/site-packages'
[4.688s] Level 1:colcon.colcon_core.shell:create_environment_hook('nmpc_pkg', 'pythonpath')
[4.717s] INFO:colcon.colcon_core.shell:Creating environment hook '/home/administrator/nmpc_ws/install/nmpc_pkg/share/nmpc_pkg/hook/pythonpath.ps1'
[4.718s] INFO:colcon.colcon_core.shell:Creating environment descriptor '/home/administrator/nmpc_ws/install/nmpc_pkg/share/nmpc_pkg/hook/pythonpath.dsv'
[4.718s] INFO:colcon.colcon_core.shell:Creating environment hook '/home/administrator/nmpc_ws/install/nmpc_pkg/share/nmpc_pkg/hook/pythonpath.sh'
[4.719s] Level 1:colcon.colcon_core.environment:checking '/home/administrator/nmpc_ws/install/nmpc_pkg/bin'
[4.719s] Level 1:colcon.colcon_core.environment:create_environment_scripts_only(nmpc_pkg)
[4.746s] INFO:colcon.colcon_core.shell:Creating package script '/home/administrator/nmpc_ws/install/nmpc_pkg/share/nmpc_pkg/package.ps1'
[4.747s] INFO:colcon.colcon_core.shell:Creating package descriptor '/home/administrator/nmpc_ws/install/nmpc_pkg/share/nmpc_pkg/package.dsv'
[4.748s] INFO:colcon.colcon_core.shell:Creating package script '/home/administrator/nmpc_ws/install/nmpc_pkg/share/nmpc_pkg/package.sh'
[4.749s] INFO:colcon.colcon_core.shell:Creating package script '/home/administrator/nmpc_ws/install/nmpc_pkg/share/nmpc_pkg/package.bash'
[4.750s] INFO:colcon.colcon_core.shell:Creating package script '/home/administrator/nmpc_ws/install/nmpc_pkg/share/nmpc_pkg/package.zsh'
[4.751s] Level 1:colcon.colcon_core.environment:create_file_with_runtime_dependencies(/home/administrator/nmpc_ws/install/nmpc_pkg/share/colcon-core/packages/nmpc_pkg)
[15.529s] DEBUG:colcon.colcon_core.event_handler.log_command:Invoked command in '/home/administrator/nmpc_ws/build/aru_navigan' returned '0': CMAKE_PREFIX_PATH=${CMAKE_PREFIX_PATH}:/home/administrator/code/ublox_ws/install/ublox_ros2:/home/administrator/code/bumblebee_ws/install/bumblebee_wrapper:/opt/ros/humble /usr/bin/cmake /home/administrator/nmpc_ws/src/navigan -DCMAKE_INSTALL_PREFIX=/home/administrator/nmpc_ws/install/aru_navigan
[15.532s] DEBUG:colcon.colcon_core.event_handler.log_command:Invoking command in '/home/administrator/nmpc_ws/build/aru_navigan': CMAKE_PREFIX_PATH=${CMAKE_PREFIX_PATH}:/home/administrator/code/ublox_ws/install/ublox_ros2:/home/administrator/code/bumblebee_ws/install/bumblebee_wrapper:/opt/ros/humble /usr/bin/cmake --build /home/administrator/nmpc_ws/build/aru_navigan -- -j4 -l4
[16.245s] DEBUG:colcon.colcon_core.event_handler.log_command:Invoked command in '/home/administrator/nmpc_ws/build/aru_navigan' returned '2': CMAKE_PREFIX_PATH=${CMAKE_PREFIX_PATH}:/home/administrator/code/ublox_ws/install/ublox_ros2:/home/administrator/code/bumblebee_ws/install/bumblebee_wrapper:/opt/ros/humble /usr/bin/cmake --build /home/administrator/nmpc_ws/build/aru_navigan -- -j4 -l4
[16.294s] Level 1:colcon.colcon_core.environment:create_environment_scripts_only(aru_navigan)
[16.315s] Level 1:colcon.colcon_core.environment:checking '/home/administrator/nmpc_ws/install/aru_navigan' for CMake module files
[16.315s] Level 1:colcon.colcon_core.environment:checking '/home/administrator/nmpc_ws/install/aru_navigan' for CMake config files
[16.315s] Level 1:colcon.colcon_core.environment:checking '/home/administrator/nmpc_ws/install/aru_navigan/bin'
[16.315s] Level 1:colcon.colcon_core.environment:checking '/home/administrator/nmpc_ws/install/aru_navigan/lib/pkgconfig/aru_navigan.pc'
[16.316s] Level 1:colcon.colcon_core.environment:checking '/home/administrator/nmpc_ws/install/aru_navigan/lib/python3.10/site-packages'
[16.316s] Level 1:colcon.colcon_core.environment:checking '/home/administrator/nmpc_ws/install/aru_navigan/bin'
[16.336s] INFO:colcon.colcon_core.shell:Creating package script '/home/administrator/nmpc_ws/install/aru_navigan/share/aru_navigan/package.ps1'
[16.337s] INFO:colcon.colcon_core.shell:Creating package descriptor '/home/administrator/nmpc_ws/install/aru_navigan/share/aru_navigan/package.dsv'
[16.337s] INFO:colcon.colcon_core.shell:Creating package script '/home/administrator/nmpc_ws/install/aru_navigan/share/aru_navigan/package.sh'
[16.338s] INFO:colcon.colcon_core.shell:Creating package script '/home/administrator/nmpc_ws/install/aru_navigan/share/aru_navigan/package.bash'
[16.339s] INFO:colcon.colcon_core.shell:Creating package script '/home/administrator/nmpc_ws/install/aru_navigan/share/aru_navigan/package.zsh'
[16.340s] Level 1:colcon.colcon_core.environment:create_file_with_runtime_dependencies(/home/administrator/nmpc_ws/install/aru_navigan/share/colcon-core/packages/aru_navigan)
[16.350s] DEBUG:colcon.colcon_parallel_executor.executor.parallel:closing loop
[16.350s] DEBUG:colcon.colcon_parallel_executor.executor.parallel:loop closed
[16.351s] DEBUG:colcon.colcon_parallel_executor.executor.parallel:run_until_complete finished with '2'
[16.351s] DEBUG:colcon.colcon_core.event_reactor:joining thread
[16.376s] INFO:colcon.colcon_core.plugin_system:Skipping extension 'colcon_notification.desktop_notification.notify_send': Could not find 'notify-send'
[16.376s] INFO:colcon.colcon_core.plugin_system:Skipping extension 'colcon_notification.desktop_notification.terminal_notifier': Not used on non-Darwin systems
[16.377s] INFO:colcon.colcon_core.plugin_system:Skipping extension 'colcon_notification.desktop_notification.win32': Not used on non-Windows systems
[16.377s] INFO:colcon.colcon_notification.desktop_notification:Sending desktop notification using 'notify2'
[16.377s] DEBUG:colcon.colcon_notification.desktop_notification.notify2:Failed to initialize notify2: org.freedesktop.DBus.Error.ServiceUnknown: The name org.freedesktop.Notifications was not provided by any .service files
[16.378s] DEBUG:colcon.colcon_core.event_reactor:joined thread
[16.397s] INFO:colcon.colcon_core.shell:Creating prefix script '/home/administrator/nmpc_ws/install/local_setup.ps1'
[16.398s] INFO:colcon.colcon_core.shell:Creating prefix util module '/home/administrator/nmpc_ws/install/_local_setup_util_ps1.py'
[16.400s] INFO:colcon.colcon_core.shell:Creating prefix chain script '/home/administrator/nmpc_ws/install/setup.ps1'
[16.421s] INFO:colcon.colcon_core.shell:Creating prefix script '/home/administrator/nmpc_ws/install/local_setup.sh'
[16.422s] INFO:colcon.colcon_core.shell:Creating prefix util module '/home/administrator/nmpc_ws/install/_local_setup_util_sh.py'
[16.423s] INFO:colcon.colcon_core.shell:Creating prefix chain script '/home/administrator/nmpc_ws/install/setup.sh'
[16.449s] INFO:colcon.colcon_core.shell:Creating prefix script '/home/administrator/nmpc_ws/install/local_setup.bash'
[16.450s] INFO:colcon.colcon_core.shell:Creating prefix chain script '/home/administrator/nmpc_ws/install/setup.bash'
[16.470s] INFO:colcon.colcon_core.shell:Creating prefix script '/home/administrator/nmpc_ws/install/local_setup.zsh'
[16.470s] INFO:colcon.colcon_core.shell:Creating prefix chain script '/home/administrator/nmpc_ws/install/setup.zsh'
