[1.418s] Invoking command in '/home/administrator/nmpc_ws/src/nmpc_pkg': PYTHONPATH=/home/administrator/nmpc_ws/build/nmpc_pkg/prefix_override:/home/administrator/nmpc_ws/install/nmpc_pkg/lib/python3.10/site-packages:${PYTHONPATH} /usr/bin/python3 setup.py egg_info --egg-base ../../build/nmpc_pkg build --build-base /home/administrator/nmpc_ws/build/nmpc_pkg/build install --record /home/administrator/nmpc_ws/build/nmpc_pkg/install.log --single-version-externally-managed
[1.746s] running egg_info
[1.747s] creating ../../build/nmpc_pkg/nmpc_pkg.egg-info
[1.747s] writing ../../build/nmpc_pkg/nmpc_pkg.egg-info/PKG-INFO
[1.748s] writing dependency_links to ../../build/nmpc_pkg/nmpc_pkg.egg-info/dependency_links.txt
[1.748s] writing entry points to ../../build/nmpc_pkg/nmpc_pkg.egg-info/entry_points.txt
[1.748s] writing requirements to ../../build/nmpc_pkg/nmpc_pkg.egg-info/requires.txt
[1.748s] writing top-level names to ../../build/nmpc_pkg/nmpc_pkg.egg-info/top_level.txt
[1.748s] writing manifest file '../../build/nmpc_pkg/nmpc_pkg.egg-info/SOURCES.txt'
[1.751s] reading manifest file '../../build/nmpc_pkg/nmpc_pkg.egg-info/SOURCES.txt'
[1.752s] writing manifest file '../../build/nmpc_pkg/nmpc_pkg.egg-info/SOURCES.txt'
[1.752s] running build
[1.753s] running build_py
[1.753s] creating /home/administrator/nmpc_ws/build/nmpc_pkg/build
[1.753s] creating /home/administrator/nmpc_ws/build/nmpc_pkg/build/lib
[1.753s] creating /home/administrator/nmpc_ws/build/nmpc_pkg/build/lib/nmpc_pkg
[1.753s] copying nmpc_pkg/__init__.py -> /home/administrator/nmpc_ws/build/nmpc_pkg/build/lib/nmpc_pkg
[1.753s] copying nmpc_pkg/record.py -> /home/administrator/nmpc_ws/build/nmpc_pkg/build/lib/nmpc_pkg
[1.753s] running install
[1.754s] running install_lib
[1.755s] creating /home/administrator/nmpc_ws/install/nmpc_pkg/lib/python3.10/site-packages/nmpc_pkg
[1.755s] copying /home/administrator/nmpc_ws/build/nmpc_pkg/build/lib/nmpc_pkg/__init__.py -> /home/administrator/nmpc_ws/install/nmpc_pkg/lib/python3.10/site-packages/nmpc_pkg
[1.755s] copying /home/administrator/nmpc_ws/build/nmpc_pkg/build/lib/nmpc_pkg/record.py -> /home/administrator/nmpc_ws/install/nmpc_pkg/lib/python3.10/site-packages/nmpc_pkg
[1.756s] byte-compiling /home/administrator/nmpc_ws/install/nmpc_pkg/lib/python3.10/site-packages/nmpc_pkg/__init__.py to __init__.cpython-310.pyc
[1.756s] byte-compiling /home/administrator/nmpc_ws/install/nmpc_pkg/lib/python3.10/site-packages/nmpc_pkg/record.py to record.cpython-310.pyc
[1.757s] running install_data
[1.758s] creating /home/administrator/nmpc_ws/install/nmpc_pkg/share/ament_index
[1.758s] creating /home/administrator/nmpc_ws/install/nmpc_pkg/share/ament_index/resource_index
[1.758s] creating /home/administrator/nmpc_ws/install/nmpc_pkg/share/ament_index/resource_index/packages
[1.758s] copying resource/nmpc_pkg -> /home/administrator/nmpc_ws/install/nmpc_pkg/share/ament_index/resource_index/packages
[1.758s] copying package.xml -> /home/administrator/nmpc_ws/install/nmpc_pkg/share/nmpc_pkg
[1.758s] running install_egg_info
[1.761s] Copying ../../build/nmpc_pkg/nmpc_pkg.egg-info to /home/administrator/nmpc_ws/install/nmpc_pkg/lib/python3.10/site-packages/nmpc_pkg-0.0.0-py3.10.egg-info
[1.762s] running install_scripts
[1.786s] Installing record script to /home/administrator/nmpc_ws/install/nmpc_pkg/lib/nmpc_pkg
[1.786s] writing list of installed files to '/home/administrator/nmpc_ws/build/nmpc_pkg/install.log'
[1.824s] Invoked command in '/home/administrator/nmpc_ws/src/nmpc_pkg' returned '0': PYTHONPATH=/home/administrator/nmpc_ws/build/nmpc_pkg/prefix_override:/home/administrator/nmpc_ws/install/nmpc_pkg/lib/python3.10/site-packages:${PYTHONPATH} /usr/bin/python3 setup.py egg_info --egg-base ../../build/nmpc_pkg build --build-base /home/administrator/nmpc_ws/build/nmpc_pkg/build install --record /home/administrator/nmpc_ws/build/nmpc_pkg/install.log --single-version-externally-managed
