[1.108s] Invoking command in '/home/administrator/code/nmpc_ws/src/nmpc_pkg': PYTHONPATH=/home/administrator/code/nmpc_ws/build/nmpc_pkg/prefix_override:/usr/lib/python3/dist-packages/colcon_core/task/python/colcon_distutils_commands:/home/administrator/code/nmpc_ws/install/nmpc_pkg/lib/python3.10/site-packages:${PYTHONPATH} /usr/bin/python3 -W ignore:setup.py install is deprecated -W ignore:easy_install command is deprecated setup.py egg_info --egg-base ../../build/nmpc_pkg build --build-base /home/administrator/code/nmpc_ws/build/nmpc_pkg/build install --record /home/administrator/code/nmpc_ws/build/nmpc_pkg/install.log --single-version-externally-managed install_data
[1.493s] running egg_info
[1.496s] writing ../../build/nmpc_pkg/nmpc_pkg.egg-info/PKG-INFO
[1.496s] writing dependency_links to ../../build/nmpc_pkg/nmpc_pkg.egg-info/dependency_links.txt
[1.498s] writing entry points to ../../build/nmpc_pkg/nmpc_pkg.egg-info/entry_points.txt
[1.499s] writing requirements to ../../build/nmpc_pkg/nmpc_pkg.egg-info/requires.txt
[1.499s] writing top-level names to ../../build/nmpc_pkg/nmpc_pkg.egg-info/top_level.txt
[1.502s] reading manifest file '../../build/nmpc_pkg/nmpc_pkg.egg-info/SOURCES.txt'
[1.502s] writing manifest file '../../build/nmpc_pkg/nmpc_pkg.egg-info/SOURCES.txt'
[1.503s] running build
[1.503s] running build_py
[1.503s] copying nmpc_pkg/switching_controller_node.py -> /home/administrator/code/nmpc_ws/build/nmpc_pkg/build/lib/nmpc_pkg
[1.504s] running install
[1.505s] running install_lib
[1.506s] copying /home/administrator/code/nmpc_ws/build/nmpc_pkg/build/lib/nmpc_pkg/switching_controller_node.py -> /home/administrator/code/nmpc_ws/install/nmpc_pkg/lib/python3.10/site-packages/nmpc_pkg
[1.507s] byte-compiling /home/administrator/code/nmpc_ws/install/nmpc_pkg/lib/python3.10/site-packages/nmpc_pkg/switching_controller_node.py to switching_controller_node.cpython-310.pyc
[1.511s] running install_data
[1.512s] running install_egg_info
[1.514s] removing '/home/administrator/code/nmpc_ws/install/nmpc_pkg/lib/python3.10/site-packages/nmpc_pkg-0.0.0-py3.10.egg-info' (and everything under it)
[1.514s] Copying ../../build/nmpc_pkg/nmpc_pkg.egg-info to /home/administrator/code/nmpc_ws/install/nmpc_pkg/lib/python3.10/site-packages/nmpc_pkg-0.0.0-py3.10.egg-info
[1.515s] running install_scripts
[1.544s] Installing gotostart script to /home/administrator/code/nmpc_ws/install/nmpc_pkg/lib/nmpc_pkg
[1.545s] Installing navigan_nmpc_controller_node script to /home/administrator/code/nmpc_ws/install/nmpc_pkg/lib/nmpc_pkg
[1.545s] Installing nmpc_controller_node script to /home/administrator/code/nmpc_ws/install/nmpc_pkg/lib/nmpc_pkg
[1.546s] Installing record script to /home/administrator/code/nmpc_ws/install/nmpc_pkg/lib/nmpc_pkg
[1.546s] Installing switching_controller_node script to /home/administrator/code/nmpc_ws/install/nmpc_pkg/lib/nmpc_pkg
[1.546s] writing list of installed files to '/home/administrator/code/nmpc_ws/build/nmpc_pkg/install.log'
[1.595s] Invoked command in '/home/administrator/code/nmpc_ws/src/nmpc_pkg' returned '0': PYTHONPATH=/home/administrator/code/nmpc_ws/build/nmpc_pkg/prefix_override:/usr/lib/python3/dist-packages/colcon_core/task/python/colcon_distutils_commands:/home/administrator/code/nmpc_ws/install/nmpc_pkg/lib/python3.10/site-packages:${PYTHONPATH} /usr/bin/python3 -W ignore:setup.py install is deprecated -W ignore:easy_install command is deprecated setup.py egg_info --egg-base ../../build/nmpc_pkg build --build-base /home/administrator/code/nmpc_ws/build/nmpc_pkg/build install --record /home/administrator/code/nmpc_ws/build/nmpc_pkg/install.log --single-version-externally-managed install_data
