[0.427s] Invoking command in '/home/administrator/nmpc_ws/build/aru_navigan': CMAKE_PREFIX_PATH=${CMAKE_PREFIX_PATH}:/home/administrator/code/ublox_ws/install/ublox_ros2:/home/administrator/code/bumblebee_ws/install/bumblebee_wrapper:/opt/ros/humble /usr/bin/cmake /home/administrator/nmpc_ws/src/navigan -DCMAKE_INSTALL_PREFIX=/home/administrator/nmpc_ws/install/aru_navigan
[0.574s] -- The C compiler identification is GNU 11.4.0
[0.679s] -- The CXX compiler identification is GNU 11.4.0
[0.694s] -- Detecting C compiler ABI info
[0.806s] -- Detecting C compiler ABI info - done
[0.817s] -- Check for working C compiler: /usr/bin/cc - skipped
[0.817s] -- Detecting C compile features
[0.819s] -- Detecting C compile features - done
[0.823s] -- Detecting CXX compiler ABI info
[0.957s] -- Detecting CXX compiler ABI info - done
[0.977s] -- Check for working CXX compiler: /usr/bin/c++ - skipped
[0.978s] -- Detecting CXX compile features
[0.979s] -- Detecting CXX compile features - done
[0.980s] -- ROS_DISTRO is: humble
[1.047s] -- Found PythonInterp: /usr/bin/python3 (found suitable version "3.10.12", minimum required is "3.6") 
[1.078s] -- Found PythonLibs: /usr/lib/x86_64-linux-gnu/libpython3.10.so
[1.082s] -- Performing Test HAS_FLTO
[1.284s] -- Performing Test HAS_FLTO - Success
[1.285s] -- Found pybind11: /usr/local/include (found version "2.12.0dev1")
[1.312s] -- Found OpenCV: /usr (found version "4.5.4") 
[1.351s] -- Found Unwind: /usr/include/x86_64-linux-gnu (found suitable version "1.3.2", minimum required is "1.3.2") 
[1.384s] -- Checking for module 'eigen3'
[1.405s] --   Found eigen3, version 3.4.0
[1.441s] -- Found Eigen: /usr/include/eigen3 (Required is at least version "3.1") 
[1.441s] -- Eigen found (include: /usr/include/eigen3, version: 3.4.0)
[1.490s] -- Found Boost: /usr/lib/x86_64-linux-gnu/cmake/Boost-1.74.0/BoostConfig.cmake (found suitable version "1.74.0", minimum required is "1.65.0") found components: system filesystem date_time iostreams serialization 
[1.511s] -- Checking for module 'flann'
[1.526s] --   Found flann, version 1.9.1
[1.576s] -- Found FLANN: /usr/lib/x86_64-linux-gnu/libflann_cpp.so  
[1.576s] -- FLANN found (include: /usr/include, lib: /usr/lib/x86_64-linux-gnu/libflann_cpp.so)
[1.637s] -- Looking for pthread.h
[1.732s] -- Looking for pthread.h - found
[1.733s] -- Performing Test CMAKE_HAVE_LIBC_PTHREAD
[1.848s] -- Performing Test CMAKE_HAVE_LIBC_PTHREAD - Success
[1.850s] -- Found Threads: TRUE  
[1.853s] -- Found GLEW: /usr/lib/x86_64-linux-gnu/libGLEW.so  
[1.876s] -- Found OpenGL: /usr/lib/x86_64-linux-gnu/libOpenGL.so  found components: OpenGL GLX 
[2.105s] -- Found MPI_C: /usr/lib/x86_64-linux-gnu/libmpi.so (found version "3.1") 
[2.105s] -- Found MPI: TRUE (found version "3.1") found components: C 
[2.110s] -- Found JsonCpp: /usr/lib/x86_64-linux-gnu/libjsoncpp.so (found suitable version "1.9.5", minimum required is "0.7.0") 
[2.133s] -- Found ZLIB: /usr/lib/x86_64-linux-gnu/libz.so (found version "1.2.11") 
[2.175s] -- Found PNG: /usr/lib/x86_64-linux-gnu/libpng.so (found version "1.6.37") 
[2.215s] -- Found Eigen3: /usr/include/eigen3 (found version "3.4.0") 
[2.393s] -- Found X11: /usr/include   
[2.394s] -- Looking for XOpenDisplay in /usr/lib/x86_64-linux-gnu/libX11.so;/usr/lib/x86_64-linux-gnu/libXext.so
[2.484s] -- Looking for XOpenDisplay in /usr/lib/x86_64-linux-gnu/libX11.so;/usr/lib/x86_64-linux-gnu/libXext.so - found
[2.484s] -- Looking for gethostbyname
[2.577s] -- Looking for gethostbyname - found
[2.578s] -- Looking for connect
[2.664s] -- Looking for connect - found
[2.664s] -- Looking for remove
[2.746s] -- Looking for remove - found
[2.747s] -- Looking for shmat
[2.823s] -- Looking for shmat - found
[2.824s] -- Looking for IceConnectionNumber in ICE
[2.921s] -- Looking for IceConnectionNumber in ICE - found
[3.025s] -- Found EXPAT: /usr/lib/x86_64-linux-gnu/libexpat.so (found version "2.4.7") 
[3.028s] -- Found double-conversion: /usr/lib/x86_64-linux-gnu/libdouble-conversion.so  
[3.031s] -- Found LZ4: /usr/lib/x86_64-linux-gnu/liblz4.so (found version "1.9.3") 
[3.034s] -- Found LZMA: /usr/lib/x86_64-linux-gnu/liblzma.so (found version "5.2.5") 
[3.050s] -- Found JPEG: /usr/lib/x86_64-linux-gnu/libjpeg.so (found version "80") 
[3.063s] -- Found TIFF: /usr/lib/x86_64-linux-gnu/libtiff.so (found version "4.3.0")  
[3.072s] -- Found Freetype: /usr/lib/x86_64-linux-gnu/libfreetype.so (found version "2.11.1") 
[3.077s] -- Found utf8cpp: /usr/include/utf8cpp  
[3.166s] -- Checking for module 'libusb-1.0'
[3.183s] --   Found libusb-1.0, version 1.0.25
[3.218s] -- Found libusb: /usr/lib/x86_64-linux-gnu/libusb-1.0.so  
[3.220s] -- Found OpenNI: /usr/lib/libOpenNI.so;libusb::libusb (found version "1.5.4.0") 
[3.220s] -- OpenNI found (version: 1.5.4.0, include: /usr/include/ni, lib: /usr/lib/libOpenNI.so;libusb::libusb)
[3.278s] -- Found OpenNI2: /usr/lib/x86_64-linux-gnu/libOpenNI2.so;libusb::libusb (found version "2.2.0.33") 
[3.278s] -- OpenNI2 found (version: 2.2.0.33, include: /usr/include/openni2, lib: /usr/lib/x86_64-linux-gnu/libOpenNI2.so;libusb::libusb)
[3.279s] [0m** WARNING ** io features related to pcap will be disabled[0m
[3.463s] -- Eigen found (include: /usr/include/eigen3, version: 3.4.0)
[3.471s] -- OpenNI found (version: 1.5.4.0, include: /usr/include/ni, lib: /usr/lib/libOpenNI.so;libusb::libusb)
[3.478s] -- OpenNI2 found (version: 2.2.0.33, include: /usr/include/openni2, lib: /usr/lib/x86_64-linux-gnu/libOpenNI2.so;libusb::libusb)
[3.657s] -- Found Qhull version 8.0.2
[3.844s] -- OpenNI found (version: 1.5.4.0, include: /usr/include/ni, lib: /usr/lib/libOpenNI.so;libusb::libusb)
[4.019s] -- looking for PCL_COMMON
[4.020s] -- Found PCL_COMMON: /usr/lib/x86_64-linux-gnu/libpcl_common.so  
[4.021s] -- looking for PCL_KDTREE
[4.022s] -- Found PCL_KDTREE: /usr/lib/x86_64-linux-gnu/libpcl_kdtree.so  
[4.022s] -- looking for PCL_OCTREE
[4.023s] -- Found PCL_OCTREE: /usr/lib/x86_64-linux-gnu/libpcl_octree.so  
[4.023s] -- looking for PCL_SEARCH
[4.025s] -- Found PCL_SEARCH: /usr/lib/x86_64-linux-gnu/libpcl_search.so  
[4.025s] -- looking for PCL_SAMPLE_CONSENSUS
[4.027s] -- Found PCL_SAMPLE_CONSENSUS: /usr/lib/x86_64-linux-gnu/libpcl_sample_consensus.so  
[4.027s] -- looking for PCL_FILTERS
[4.028s] -- Found PCL_FILTERS: /usr/lib/x86_64-linux-gnu/libpcl_filters.so  
[4.028s] -- looking for PCL_2D
[4.029s] -- Found PCL_2D: /usr/include/pcl-1.12  
[4.029s] -- looking for PCL_GEOMETRY
[4.029s] -- Found PCL_GEOMETRY: /usr/include/pcl-1.12  
[4.029s] -- looking for PCL_IO
[4.031s] -- Found PCL_IO: /usr/lib/x86_64-linux-gnu/libpcl_io.so  
[4.031s] -- looking for PCL_FEATURES
[4.032s] -- Found PCL_FEATURES: /usr/lib/x86_64-linux-gnu/libpcl_features.so  
[4.032s] -- looking for PCL_ML
[4.033s] -- Found PCL_ML: /usr/lib/x86_64-linux-gnu/libpcl_ml.so  
[4.033s] -- looking for PCL_SEGMENTATION
[4.034s] -- Found PCL_SEGMENTATION: /usr/lib/x86_64-linux-gnu/libpcl_segmentation.so  
[4.035s] -- looking for PCL_VISUALIZATION
[4.036s] -- Found PCL_VISUALIZATION: /usr/lib/x86_64-linux-gnu/libpcl_visualization.so  
[4.036s] -- looking for PCL_SURFACE
[4.037s] -- Found PCL_SURFACE: /usr/lib/x86_64-linux-gnu/libpcl_surface.so  
[4.038s] -- looking for PCL_REGISTRATION
[4.039s] -- Found PCL_REGISTRATION: /usr/lib/x86_64-linux-gnu/libpcl_registration.so  
[4.039s] -- looking for PCL_KEYPOINTS
[4.040s] -- Found PCL_KEYPOINTS: /usr/lib/x86_64-linux-gnu/libpcl_keypoints.so  
[4.040s] -- looking for PCL_TRACKING
[4.041s] -- Found PCL_TRACKING: /usr/lib/x86_64-linux-gnu/libpcl_tracking.so  
[4.042s] -- looking for PCL_RECOGNITION
[4.043s] -- Found PCL_RECOGNITION: /usr/lib/x86_64-linux-gnu/libpcl_recognition.so  
[4.043s] -- looking for PCL_STEREO
[4.044s] -- Found PCL_STEREO: /usr/lib/x86_64-linux-gnu/libpcl_stereo.so  
[4.044s] -- looking for PCL_APPS
[4.045s] -- Found PCL_APPS: /usr/lib/x86_64-linux-gnu/libpcl_apps.so  
[4.046s] -- looking for PCL_IN_HAND_SCANNER
[4.046s] -- Found PCL_IN_HAND_SCANNER: /usr/include/pcl-1.12  
[4.046s] -- looking for PCL_MODELER
[4.047s] -- Found PCL_MODELER: /usr/include/pcl-1.12  
[4.047s] -- looking for PCL_POINT_CLOUD_EDITOR
[4.047s] -- Found PCL_POINT_CLOUD_EDITOR: /usr/include/pcl-1.12  
[4.047s] -- looking for PCL_OUTOFCORE
[4.049s] -- Found PCL_OUTOFCORE: /usr/lib/x86_64-linux-gnu/libpcl_outofcore.so  
[4.049s] -- looking for PCL_PEOPLE
[4.050s] -- Found PCL_PEOPLE: /usr/lib/x86_64-linux-gnu/libpcl_people.so  
[4.051s] -- Found PCL: pcl_common;pcl_kdtree;pcl_octree;pcl_search;pcl_sample_consensus;pcl_filters;pcl_io;pcl_features;pcl_ml;pcl_segmentation;pcl_visualization;pcl_surface;pcl_registration;pcl_keypoints;pcl_tracking;pcl_recognition;pcl_stereo;pcl_apps;pcl_outofcore;pcl_people;Boost::system;Boost::filesystem;Boost::date_time;Boost::iostreams;Boost::serialization;/usr/lib/libOpenNI.so;libusb::libusb;/usr/lib/x86_64-linux-gnu/libOpenNI2.so;libusb::libusb;VTK::ChartsCore;VTK::CommonColor;VTK::CommonComputationalGeometry;VTK::CommonCore;VTK::CommonDataModel;VTK::CommonExecutionModel;VTK::CommonMath;VTK::CommonMisc;VTK::CommonTransforms;VTK::FiltersCore;VTK::FiltersExtraction;VTK::FiltersGeneral;VTK::FiltersGeometry;VTK::FiltersModeling;VTK::FiltersSources;VTK::ImagingCore;VTK::ImagingSources;VTK::InteractionImage;VTK::InteractionStyle;VTK::InteractionWidgets;VTK::IOCore;VTK::IOGeometry;VTK::IOImage;VTK::IOLegacy;VTK::IOPLY;VTK::RenderingAnnotation;VTK::RenderingCore;VTK::RenderingContext2D;VTK::RenderingLOD;VTK::RenderingFreeType;VTK::ViewsCore;VTK::ViewsContext2D;VTK::RenderingOpenGL2;VTK::GUISupportQt;FLANN::FLANN;QHULL::QHULL  
[4.057s] -- Found pcl_conversions: 2.4.5 (/opt/ros/humble/share/pcl_conversions/cmake)
[4.272s] -- Found Python3: /usr/bin/python3.10 (found version "3.10.12") found components: Interpreter 
[4.525s] -- Found rosidl_generator_c: 3.1.5 (/opt/ros/humble/share/rosidl_generator_c/cmake)
[4.537s] -- Found rosidl_adapter: 3.1.5 (/opt/ros/humble/share/rosidl_adapter/cmake)
[4.554s] -- Found rosidl_generator_cpp: 3.1.5 (/opt/ros/humble/share/rosidl_generator_cpp/cmake)
[4.583s] -- Using all available rosidl_typesupport_c: rosidl_typesupport_fastrtps_c;rosidl_typesupport_introspection_c
[4.619s] -- Using all available rosidl_typesupport_cpp: rosidl_typesupport_fastrtps_cpp;rosidl_typesupport_introspection_cpp
[4.746s] -- Found rmw_implementation_cmake: 6.1.1 (/opt/ros/humble/share/rmw_implementation_cmake/cmake)
[4.752s] -- Found rmw_fastrtps_cpp: 6.2.5 (/opt/ros/humble/share/rmw_fastrtps_cpp/cmake)
[4.900s] -- Found OpenSSL: /usr/lib/x86_64-linux-gnu/libcrypto.so (found version "3.0.2")  
[4.937s] -- Found FastRTPS: /opt/ros/humble/include  
[5.001s] -- Using RMW implementation 'rmw_fastrtps_cpp' as default
[5.655s] -- Found rclcpp_components: 16.0.7 (/opt/ros/humble/share/rclcpp_components/cmake)
[5.754s] -- Found nav2_core: 1.1.15 (/opt/ros/humble/share/nav2_core/cmake)
[6.880s] -- Found Eigen3: TRUE (found version "3.4.0") 
[6.880s] -- Ensuring Eigen3 include directory is part of orocos-kdl CMake target
[8.908s] -- Found nav2_common: 1.1.14 (/opt/ros/humble/share/nav2_common/cmake)
[8.911s] -- Found people_msgs: 1.3.0 (/home/administrator/code/ros2_msgs/install/people_msgs/share/people_msgs/cmake)
[9.035s] -- Found Protobuf: /usr/local/lib/libprotobuf.so (found version "3.14.0") 
[13.080s] -- Configuring done
[13.241s] -- Generating done
[13.244s] -- Build files have been written to: /home/administrator/nmpc_ws/build/aru_navigan
[13.270s] Invoked command in '/home/administrator/nmpc_ws/build/aru_navigan' returned '0': CMAKE_PREFIX_PATH=${CMAKE_PREFIX_PATH}:/home/administrator/code/ublox_ws/install/ublox_ros2:/home/administrator/code/bumblebee_ws/install/bumblebee_wrapper:/opt/ros/humble /usr/bin/cmake /home/administrator/nmpc_ws/src/navigan -DCMAKE_INSTALL_PREFIX=/home/administrator/nmpc_ws/install/aru_navigan
[13.272s] Invoking command in '/home/administrator/nmpc_ws/build/aru_navigan': CMAKE_PREFIX_PATH=${CMAKE_PREFIX_PATH}:/home/administrator/code/ublox_ws/install/ublox_ros2:/home/administrator/code/bumblebee_ws/install/bumblebee_wrapper:/opt/ros/humble /usr/bin/cmake --build /home/administrator/nmpc_ws/build/aru_navigan -- -j4 -l4
[13.357s] [ 50%] [32mBuilding CXX object CMakeFiles/velodyne_node.dir/nodes/velodyne_node.cpp.o[0m
[13.978s] [01m[K/home/administrator/nmpc_ws/src/navigan/nodes/velodyne_node.cpp:5:10:[m[K [01;31m[Kfatal error: [m[K/home/orin/aru_sil_core/navigation/pedestrian/include/aru/core/pedestrian/pedestrian.h: No such file or directory
[13.978s]     5 | #include [01;31m[K"/home/orin/aru_sil_core/navigation/pedestrian/include/aru/core/pedestrian/pedestrian.h"[m[K
[13.978s]       |          [01;31m[K^~~~~~~~~~~~~~~~~~~~~~~~~~~~~~~~~~~~~~~~~~~~~~~~~~~~~~~~~~~~~~~~~~~~~~~~~~~~~~~~~~~~~~~~[m[K
[13.978s] compilation terminated.
[13.983s] gmake[2]: *** [CMakeFiles/velodyne_node.dir/build.make:76: CMakeFiles/velodyne_node.dir/nodes/velodyne_node.cpp.o] Error 1
[13.983s] gmake[1]: *** [CMakeFiles/Makefile2:137: CMakeFiles/velodyne_node.dir/all] Error 2
[13.983s] gmake: *** [Makefile:146: all] Error 2
[13.986s] Invoked command in '/home/administrator/nmpc_ws/build/aru_navigan' returned '2': CMAKE_PREFIX_PATH=${CMAKE_PREFIX_PATH}:/home/administrator/code/ublox_ws/install/ublox_ros2:/home/administrator/code/bumblebee_ws/install/bumblebee_wrapper:/opt/ros/humble /usr/bin/cmake --build /home/administrator/nmpc_ws/build/aru_navigan -- -j4 -l4
