[0.233s] Invoking command in '/home/administrator/nmpc_ws/build/zed_vo_node': CMAKE_PREFIX_PATH=/home/administrator/code/ublox_ws/install/ublox_ros2:/opt/ros/humble:${CMAKE_PREFIX_PATH} /usr/bin/cmake /home/administrator/nmpc_ws/src/zed_vo_node -DCMAKE_INSTALL_PREFIX=/home/administrator/nmpc_ws/install/zed_vo_node
[0.311s] -- The CXX compiler identification is GNU 11.4.0
[0.324s] -- Detecting CXX compiler ABI info
[0.417s] -- Detecting CXX compiler ABI info - done
[0.431s] -- Check for working CXX compiler: /usr/bin/c++ - skipped
[0.431s] -- Detecting CXX compile features
[0.432s] -- Detecting CXX compile features - done
[0.436s] -- Found ament_cmake: 1.3.6 (/opt/ros/humble/share/ament_cmake/cmake)
[0.681s] -- Found Python3: /usr/bin/python3.10 (found version "3.10.12") found components: Interpreter 
[0.805s] -- Found rclcpp: 16.0.7 (/opt/ros/humble/share/rclcpp/cmake)
[0.861s] -- Found rosidl_generator_c: 3.1.5 (/opt/ros/humble/share/rosidl_generator_c/cmake)
[0.867s] -- Found rosidl_adapter: 3.1.5 (/opt/ros/humble/share/rosidl_adapter/cmake)
[0.878s] -- Found rosidl_generator_cpp: 3.1.5 (/opt/ros/humble/share/rosidl_generator_cpp/cmake)
[0.899s] -- Using all available rosidl_typesupport_c: rosidl_typesupport_fastrtps_c;rosidl_typesupport_introspection_c
[0.928s] -- Using all available rosidl_typesupport_cpp: rosidl_typesupport_fastrtps_cpp;rosidl_typesupport_introspection_cpp
[1.021s] -- Found rmw_implementation_cmake: 6.1.1 (/opt/ros/humble/share/rmw_implementation_cmake/cmake)
[1.026s] -- Found rmw_fastrtps_cpp: 6.2.5 (/opt/ros/humble/share/rmw_fastrtps_cpp/cmake)
[1.182s] -- Found OpenSSL: /usr/lib/x86_64-linux-gnu/libcrypto.so (found version "3.0.2")  
[1.243s] -- Found FastRTPS: /opt/ros/humble/include  
[1.339s] -- Using RMW implementation 'rmw_fastrtps_cpp' as default
[1.354s] -- Looking for C++ include pthread.h
[1.483s] -- Looking for C++ include pthread.h - found
[1.489s] -- Performing Test CMAKE_HAVE_LIBC_PTHREAD
[1.630s] -- Performing Test CMAKE_HAVE_LIBC_PTHREAD - Success
[1.632s] -- Found Threads: TRUE  
[1.848s] -- Found nav_msgs: 4.2.3 (/opt/ros/humble/share/nav_msgs/cmake)
[2.022s] -- Found tf2_ros: 0.25.5 (/opt/ros/humble/share/tf2_ros/cmake)
[2.581s] -- Looking for sgemm_
[2.676s] -- Looking for sgemm_ - not found
[2.714s] -- Looking for sgemm_
[2.897s] -- Looking for sgemm_ - found
[2.898s] -- Found BLAS: /usr/lib/x86_64-linux-gnu/libopenblas.so  
[2.906s] [31mCMake Error at /usr/share/cmake-3.22/Modules/FindCUDA.cmake:859 (message):
[2.907s]   Specify CUDA_TOOLKIT_ROOT_DIR
[2.907s] Call Stack (most recent call first):
[2.907s]   /usr/local/zed/zed-config.cmake:72 (find_package)
[2.907s]   CMakeLists.txt:12 (find_package)
[2.908s] 
[2.908s] [0m
[2.908s] -- Configuring incomplete, errors occurred!
[2.908s] See also "/home/administrator/nmpc_ws/build/zed_vo_node/CMakeFiles/CMakeOutput.log".
[2.908s] See also "/home/administrator/nmpc_ws/build/zed_vo_node/CMakeFiles/CMakeError.log".
[2.929s] Invoked command in '/home/administrator/nmpc_ws/build/zed_vo_node' returned '1': CMAKE_PREFIX_PATH=/home/administrator/code/ublox_ws/install/ublox_ros2:/opt/ros/humble:${CMAKE_PREFIX_PATH} /usr/bin/cmake /home/administrator/nmpc_ws/src/zed_vo_node -DCMAKE_INSTALL_PREFIX=/home/administrator/nmpc_ws/install/zed_vo_node
